#
# A fatal error has been detected by the Java Runtime Environment:
#
#  EXCEPTION_ACCESS_VIOLATION (0xc0000005) at pc=0x00007ffd493682d7, pid=17196, tid=41044
#
# JRE version: Java(TM) SE Runtime Environment (21.0.8+12) (build 21.0.8+12-LTS-250)
# Java VM: Java HotSpot(TM) 64-Bit Server VM (21.0.8+12-LTS-250, mixed mode, sharing, tiered, compressed oops, compressed class ptrs, g1 gc, windows-amd64)
# Problematic frame:
# C  [glass.dll+0x282d7]
#
# No core dump will be written. Minidumps are not enabled by default on client versions of Windows
#
# If you would like to submit a bug report, please visit:
#   https://bugreport.java.com/bugreport/crash.jsp
#

---------------  S U M M A R Y ------------

Command Line: -agentlib:jdwp=transport=dt_socket,address=127.0.0.1:54742,suspend=y,server=n --module-path=C:\Users\Ariel\IdeaProjects\GraphVisualizer\lib\javafx-sdk-22.0.2\lib --add-modules=javafx.controls,javafx.fxml -javaagent:C:\Users\Ariel\AppData\Local\JetBrains\IntelliJIdea2024.1\captureAgent\debugger-agent.jar -Dfile.encoding=UTF-8 -Dsun.stdout.encoding=UTF-8 -Dsun.stderr.encoding=UTF-8 GraphVisualizer.GraphVisualizer

Host: 12th Gen Intel(R) Core(TM) i5-1240P, 16 cores, 15G,  Windows 11 , 64 bit Build 26100 (10.0.26100.5074)
Time: Sat Oct 25 16:09:15 2025 Jerusalem Summer Time elapsed time: 51.772005 seconds (0d 0h 0m 51s)

---------------  T H R E A D  ---------------

Current thread (0x000002423816cd70):  VMThread "VM Thread"          [id=41044, stack(0x000000d38d100000,0x000000d38d200000) (1024K)]

Stack: [0x000000d38d100000,0x000000d38d200000],  sp=0x000000d38d1ff0c0,  free space=1020k
Native frames: (J=compiled Java code, j=interpreted, Vv=VM code, C=native code)
C  [glass.dll+0x282d7]


siginfo: EXCEPTION_ACCESS_VIOLATION (0xc0000005), reading address 0x0000000000000000


Registers:
RAX=0x0000000000000000, RBX=0x000002420c041782, RCX=0x000002423816cd70, RDX=0x000000d38d1ff0c0
RSP=0x000000d38d1ff0c0, RBP=0x000014b215d63145, RSI=0x000002427eaccee8, RDI=0x000002427eaccec0
R8 =0x0000000000010002, R9 =0x000014b215d63145, R10=0x0000024216e90000, R11=0x000000d38d1fed30
R12=0x0000000000000001, R13=0x00007ffd49365be0, R14=0x000000d38d1ff1c8, R15=0x000002427eaccec0
RIP=0x00007ffd493682d7, EFLAGS=0x0000000000010206


Register to memory mapping:

RAX=0x0 is null
RBX=0x000002420c041782 is a global jni handle
RCX=0x000002423816cd70 points into unknown readable memory: 0x00007ffceebb9830 | 30 98 bb ee fc 7f 00 00
RDX=0x000000d38d1ff0c0 points into unknown readable memory: 0x0000000000000000 | 00 00 00 00 00 00 00 00
RSP=0x000000d38d1ff0c0 points into unknown readable memory: 0x0000000000000000 | 00 00 00 00 00 00 00 00
RBP=0x000014b215d63145 is an unknown value
RSI=0x000002427eaccee8 points into unknown readable memory: 0x000014b215d63145 | 45 31 d6 15 b2 14 00 00
RDI=0x000002427eaccec0 points into unknown readable memory: 0x000feb1b331cee45 | 45 ee 1c 33 1b eb 0f 00
R8 =0x0000000000010002 is an unknown value
R9 =0x000014b215d63145 is an unknown value
R10=0x0000024216e90000 points into unknown readable memory: 0x0000000000000000 | 00 00 00 00 00 00 00 00
R11=0x000000d38d1fed30 points into unknown readable memory: 0x0000000000800000 | 00 00 80 00 00 00 00 00
R12=0x0000000000000001 is an unknown value
R13=0x00007ffd49365be0 glass.dll
R14=0x000000d38d1ff1c8 points into unknown readable memory: 0x000000d38d1ff1b0 | b0 f1 1f 8d d3 00 00 00
R15=0x000002427eaccec0 points into unknown readable memory: 0x000feb1b331cee45 | 45 ee 1c 33 1b eb 0f 00

Top of Stack: (sp=0x000000d38d1ff0c0)
0x000000d38d1ff0c0:   0000000000000000 0000024200000000
0x000000d38d1ff0d0:   000002427fa93180 0000000000000001
0x000000d38d1ff0e0:   000002427eaccec8 00007ffd637fbc75
0x000000d38d1ff0f0:   000002427eaccec0 0000024200000000
0x000000d38d1ff100:   000002427eaccee0 000014b215d63145
0x000000d38d1ff110:   fffffffffffffffe 000000d38d1ff198
0x000000d38d1ff120:   00007ffd49340000 00007ffd49340000
0x000000d38d1ff130:   000000d38d1ff1b8 00007ffd637fb897
0x000000d38d1ff140:   000000d38d1ff100 000000d38d1ff1c8
0x000000d38d1ff150:   000000d38d1ff4b0 00007ffd638e88c0
0x000000d38d1ff160:   0000000000000001 00007ffd637fb84d
0x000000d38d1ff170:   0000000000000000 0000000000000001
0x000000d38d1ff180:   0000000000000001 000000d38d1ff1b8
0x000000d38d1ff190:   fffffffffffffffe 000000007ffe0385
0x000000d38d1ff1a0:   0000000000000000 00007ffd49365a6d
0x000000d38d1ff1b0:   00007ffd4937d078 00007ffd00000002
0x000000d38d1ff1c0:   00007ffd00000002 000000d38d1ff1b0
0x000000d38d1ff1d0:   0000000000000000 0000a03b9949f8ad
0x000000d38d1ff1e0:   0000000000000000 00007ffd49365b92
0x000000d38d1ff1f0:   0000000000000001 0000000000000001
0x000000d38d1ff200:   000000007ffe0385 00007ffd65cf4f8f
0x000000d38d1ff210:   000000d38d1ff4b0 00007ffd624311fe
0x000000d38d1ff220:   0000000000000001 0000000000000000
0x000000d38d1ff230:   0000000000000000 000000007ffe0384
0x000000d38d1ff240:   000002427ebc6e70 00007ffd65de0ede
0x000000d38d1ff250:   00007ffd49340000 0000024200000000
0x000000d38d1ff260:   0000000000000001 000000007ffe0385
0x000000d38d1ff270:   00007ffd493695a8 00007ffd65cf483e
0x000000d38d1ff280:   0000000000000000 0000000000000000
0x000000d38d1ff290:   0000000000000000 0000000000000000
0x000000d38d1ff2a0:   0000000000000000 0000000000000000
0x000000d38d1ff2b0:   0000000000000000 0000000000000000 

Instructions: (pc=0x00007ffd493682d7)
0x00007ffd493681d7:   8b 4d 58 e8 49 cf ff ff 48 8b 4d 60 e8 40 cf ff
0x00007ffd493681e7:   ff 48 8b 95 80 00 00 00 48 8b 8d 18 01 00 00 e8
0x00007ffd493681f7:   26 c5 ff ff 33 d2 33 c9 e8 8c e1 ff ff 90 48 89
0x00007ffd49368207:   54 24 10 55 48 83 ec 20 48 8b ea 48 b8 00 00 00
0x00007ffd49368217:   00 00 00 00 00 48 83 c4 20 5d c3 cc 40 55 48 8b
0x00007ffd49368227:   ea 48 8b 01 33 c9 81 38 05 00 00 c0 0f 94 c1 8b
0x00007ffd49368237:   c1 5d c3 cc 40 55 48 83 ec 20 48 8b ea 8a 4d 40
0x00007ffd49368247:   48 83 c4 20 5d e9 33 d3 ff ff cc 40 55 48 83 ec
0x00007ffd49368257:   20 48 8b ea 8a 4d 20 e8 21 d3 ff ff 90 48 83 c4
0x00007ffd49368267:   20 5d c3 cc 40 55 48 83 ec 20 48 8b ea 48 83 c4
0x00007ffd49368277:   20 5d e9 82 d1 ff ff cc 40 55 48 83 ec 30 48 8b
0x00007ffd49368287:   ea 48 8b 01 8b 10 48 89 4c 24 28 89 54 24 20 4c
0x00007ffd49368297:   8d 0d 23 d6 ff ff 4c 8b 45 70 8b 55 68 48 8b 4d
0x00007ffd493682a7:   60 e8 c3 d0 ff ff 90 48 83 c4 30 5d c3 cc cc cc
0x00007ffd493682b7:   cc cc cc cc cc cc cc cc cc 40 53 48 83 ec 20 48
0x00007ffd493682c7:   8b 1d 6b 47 01 00 48 85 db 74 16 e8 39 90 ff ff
0x00007ffd493682d7:   4c 8b 00 48 8b d3 48 8b c8 41 ff 90 b0 00 00 00
0x00007ffd493682e7:   90 48 83 c4 20 5b c3 cc cc 40 53 48 83 ec 20 48
0x00007ffd493682f7:   8b 1d ab 48 01 00 48 85 db 74 57 b8 ff ff ff ff
0x00007ffd49368307:   f0 0f c1 43 10 83 f8 01 75 3d 48 85 db 74 38 48
0x00007ffd49368317:   8b 0b 48 85 c9 74 0d ff 15 8c 0f 00 00 48 c7 03
0x00007ffd49368327:   00 00 00 00 48 8b 4b 08 48 85 c9 74 0d e8 ef cd
0x00007ffd49368337:   ff ff 48 c7 43 08 00 00 00 00 ba 18 00 00 00 48
0x00007ffd49368347:   8b cb e8 da cd ff ff 48 c7 05 4f 48 01 00 00 00
0x00007ffd49368357:   00 00 48 83 c4 20 5b c3 cc 40 53 48 83 ec 20 48
0x00007ffd49368367:   8b 1d 1b 48 01 00 48 85 db 74 57 b8 ff ff ff ff
0x00007ffd49368377:   f0 0f c1 43 10 83 f8 01 75 3d 48 85 db 74 38 48
0x00007ffd49368387:   8b 0b 48 85 c9 74 0d ff 15 1c 0f 00 00 48 c7 03
0x00007ffd49368397:   00 00 00 00 48 8b 4b 08 48 85 c9 74 0d e8 7f cd
0x00007ffd493683a7:   ff ff 48 c7 43 08 00 00 00 00 ba 18 00 00 00 48
0x00007ffd493683b7:   8b cb e8 6a cd ff ff 48 c7 05 bf 47 01 00 00 00
0x00007ffd493683c7:   00 00 48 83 c4 20 5b c3 cc 40 53 48 83 ec 20 48 


Stack slot to memory mapping:

stack at sp + 0 slots: 0x0 is null
stack at sp + 1 slots: 0x0000024200000000 points into unknown readable memory: 0x0000000000000000 | 00 00 00 00 00 00 00 00
stack at sp + 2 slots: 0x000002427fa93180 points into unknown readable memory: 0x000002427fa952e0 | e0 52 a9 7f 42 02 00 00
stack at sp + 3 slots: 0x0000000000000001 is an unknown value
stack at sp + 4 slots: 0x000002427eaccec8 points into unknown readable memory: 0x000014b215d63145 | 45 31 d6 15 b2 14 00 00
stack at sp + 5 slots: 0x00007ffd637fbc75 ucrtbase.dll
stack at sp + 6 slots: 0x000002427eaccec0 points into unknown readable memory: 0x000feb1b331cee45 | 45 ee 1c 33 1b eb 0f 00
stack at sp + 7 slots: 0x0000024200000000 points into unknown readable memory: 0x0000000000000000 | 00 00 00 00 00 00 00 00

VM_Operation (0x000000d38dcff2d0): Exit, mode: safepoint, requested by thread 0x00000242006c2010


---------------  P R O C E S S  ---------------

Threads class SMR info:
_java_thread_list=0x000002427ed09ea0, length=25, elements={
0x0000024219218970, 0x0000024238186080, 0x00000242381870e0, 0x000002423818e420,
0x000002423818efa0, 0x0000024238190010, 0x0000024238192cf0, 0x000002427e0084f0,
0x0000024238194750, 0x000002427e10f670, 0x000002427e6d0f50, 0x000002427ed76b80,
0x000002427e5cbbb0, 0x000002427f775540, 0x000002427f96d280, 0x000002427f9a5840,
0x000002427f9a6eb0, 0x0000024200591c90, 0x00000242006f9f50, 0x00000242006c4770,
0x00000242006c33c0, 0x00000242000bd960, 0x00000242006c2010, 0x00000242009713b0,
0x000002427f68b490
}

Java Threads: ( => current thread )
  0x0000024219218970 JavaThread "main"                              [_thread_blocked, id=62032, stack(0x000000d38ca00000,0x000000d38cb00000) (1024K)]
  0x0000024238186080 JavaThread "Reference Handler"          daemon [_thread_blocked, id=52060, stack(0x000000d38d200000,0x000000d38d300000) (1024K)]
  0x00000242381870e0 JavaThread "Finalizer"                  daemon [_thread_blocked, id=27624, stack(0x000000d38d300000,0x000000d38d400000) (1024K)]
  0x000002423818e420 JavaThread "Signal Dispatcher"          daemon [_thread_blocked, id=11448, stack(0x000000d38d400000,0x000000d38d500000) (1024K)]
  0x000002423818efa0 JavaThread "Attach Listener"            daemon [_thread_blocked, id=55984, stack(0x000000d38d500000,0x000000d38d600000) (1024K)]
  0x0000024238190010 JavaThread "Service Thread"             daemon [_thread_blocked, id=59008, stack(0x000000d38d600000,0x000000d38d700000) (1024K)]
  0x0000024238192cf0 JavaThread "Monitor Deflation Thread"   daemon [_thread_blocked, id=40272, stack(0x000000d38d700000,0x000000d38d800000) (1024K)]
  0x000002427e0084f0 JavaThread "C2 CompilerThread0"         daemon [_thread_blocked, id=40268, stack(0x000000d38d800000,0x000000d38d900000) (1024K)]
  0x0000024238194750 JavaThread "C1 CompilerThread0"         daemon [_thread_blocked, id=57140, stack(0x000000d38d900000,0x000000d38da00000) (1024K)]
  0x000002427e10f670 JavaThread "Common-Cleaner"             daemon [_thread_blocked, id=27480, stack(0x000000d38da00000,0x000000d38db00000) (1024K)]
  0x000002427e6d0f50 JavaThread "JDWP Event Helper Thread"   daemon [_thread_blocked, id=57376, stack(0x000000d38e400000,0x000000d38e500000) (1024K)]
  0x000002427ed76b80 JavaThread "Notification Thread"        daemon [_thread_blocked, id=51236, stack(0x000000d38e600000,0x000000d38e700000) (1024K)]
  0x000002427e5cbbb0 JavaThread "QuantumRenderer-0"          daemon [_thread_blocked, id=62140, stack(0x000000d38e100000,0x000000d38e200000) (1024K)]
  0x000002427f775540 JavaThread "InvokeLaterDispatcher"      daemon [_thread_blocked, id=60728, stack(0x000000d38de00000,0x000000d38df00000) (1024K)]
  0x000002427f96d280 JavaThread "JavaFX Application Thread"         [_thread_blocked, id=8312, stack(0x000000d38df00000,0x000000d38e000000) (1024K)]
  0x000002427f9a5840 JavaThread "JavaFX-Launcher"                   [_thread_blocked, id=27736, stack(0x000000d38f400000,0x000000d38f500000) (1024K)]
  0x000002427f9a6eb0 JavaThread "Thread-2"                   daemon [_thread_in_native, id=55112, stack(0x000000d38f300000,0x000000d38f400000) (1024K)]
  0x0000024200591c90 JavaThread "Prism Font Disposer"        daemon [_thread_blocked, id=49664, stack(0x000000d38f600000,0x000000d38f700000) (1024K)]
  0x00000242006f9f50 JavaThread "Cleaner-0"                  daemon [_thread_blocked, id=10904, stack(0x000000d390100000,0x000000d390200000) (1024K)]
  0x00000242006c4770 JavaThread "Java2D Disposer"            daemon [_thread_blocked, id=37704, stack(0x000000d38f500000,0x000000d38f600000) (1024K)]
  0x00000242006c33c0 JavaThread "TimerQueue"                 daemon [_thread_blocked, id=38048, stack(0x000000d390b00000,0x000000d390c00000) (1024K)]
  0x00000242000bd960 JavaThread "C1 CompilerThread1"         daemon [_thread_blocked, id=22284, stack(0x000000d38db00000,0x000000d38dc00000) (1024K)]
  0x00000242006c2010 JavaThread "SIGINT handler"             daemon [_thread_blocked, id=14460, stack(0x000000d38dc00000,0x000000d38dd00000) (1024K)]
  0x00000242009713b0 JavaThread "AWT-Shutdown"                      [_thread_blocked, id=34076, stack(0x000000d390500000,0x000000d390600000) (1024K)]
  0x000002427f68b490 JavaThread "C2 CompilerThread1"         daemon [_thread_blocked, id=21656, stack(0x000000d38e300000,0x000000d38e400000) (1024K)]
Total: 25

Other Threads:
=>0x000002423816cd70 VMThread "VM Thread"                           [id=41044, stack(0x000000d38d100000,0x000000d38d200000) (1024K)]
  0x0000024219281520 WorkerThread "GC Thread#0"                     [id=17028, stack(0x000000d38cb00000,0x000000d38cc00000) (1024K)]
  0x00000242000eef10 WorkerThread "GC Thread#1"                     [id=45024, stack(0x000000d38ea00000,0x000000d38eb00000) (1024K)]
  0x00000242000ef2b0 WorkerThread "GC Thread#2"                     [id=50796, stack(0x000000d38eb00000,0x000000d38ec00000) (1024K)]
  0x00000242000ef650 WorkerThread "GC Thread#3"                     [id=54400, stack(0x000000d38ec00000,0x000000d38ed00000) (1024K)]
  0x00000242000ffa30 WorkerThread "GC Thread#4"                     [id=25140, stack(0x000000d38ed00000,0x000000d38ee00000) (1024K)]
  0x00000242001013e0 WorkerThread "GC Thread#5"                     [id=62232, stack(0x000000d38ee00000,0x000000d38ef00000) (1024K)]
  0x0000024200101040 WorkerThread "GC Thread#6"                     [id=58480, stack(0x000000d38ef00000,0x000000d38f000000) (1024K)]
  0x0000024200100900 WorkerThread "GC Thread#7"                     [id=39572, stack(0x000000d38f000000,0x000000d38f100000) (1024K)]
  0x0000024200101780 WorkerThread "GC Thread#8"                     [id=31508, stack(0x000000d38f100000,0x000000d38f200000) (1024K)]
  0x0000024200100ca0 WorkerThread "GC Thread#9"                     [id=10832, stack(0x000000d38f200000,0x000000d38f300000) (1024K)]
  0x00000242001001c0 WorkerThread "GC Thread#10"                    [id=38632, stack(0x000000d38f900000,0x000000d38fa00000) (1024K)]
  0x0000024200100560 WorkerThread "GC Thread#11"                    [id=14600, stack(0x000000d38fa00000,0x000000d38fb00000) (1024K)]
  0x00000242003ec500 WorkerThread "GC Thread#12"                    [id=22324, stack(0x000000d38fb00000,0x000000d38fc00000) (1024K)]
  0x00000242192941d0 ConcurrentGCThread "G1 Main Marker"            terminated
  0x0000024219294cd0 WorkerThread "G1 Conc#0"                       [id=22484, stack(0x000000d38cd00000,0x000000d38ce00000) (1024K)]
  0x00000242003ee940 WorkerThread "G1 Conc#1"                       [id=45472, stack(0x000000d38ff00000,0x000000d390000000) (1024K)]
  0x00000242003ecfe0 WorkerThread "G1 Conc#2"                       [id=36356, stack(0x000000d390000000,0x000000d390100000) (1024K)]
  0x00000242192de890 ConcurrentGCThread "G1 Refine#0"               terminated
  0x000002423802e830 ConcurrentGCThread "G1 Service"                terminated
Total: 20

Threads with active compile tasks:
C2 CompilerThread0    52117 6384 %     4       com.sun.javafx.css.SelectorPartitioning::match @ 544 (696 bytes)
C2 CompilerThread1    52117 6444   !   4       java.util.WeakHashMap::expungeStaleEntries (139 bytes)
Total: 2

VM state: at safepoint (shutting down)

VM Mutex/Monitor currently owned by a thread:  ([mutex/lock_event])
[0x00007ffceed80e50] Threads_lock - owner thread: 0x000002423816cd70
[0x00007ffceed80f50] Heap_lock - owner thread: 0x00000242006c2010

Heap address: 0x0000000705c00000, size: 4004 MB, Compressed Oops mode: Zero based, Oop shift amount: 3

CDS archive(s) mapped at: [0x0000024239000000-0x0000024239c90000-0x0000024239c90000), size 13172736, SharedBaseAddress: 0x0000024239000000, ArchiveRelocationMode: 1.
Compressed class space mapped at: 0x000002423a000000-0x000002427a000000, reserved size: 1073741824
Narrow klass base: 0x0000024239000000, Narrow klass shift: 0, Narrow klass range: 0x100000000

GC Precious Log:
 CardTable entry size: 512
 Card Set container configuration: InlinePtr #cards 4 size 8 Array Of Cards #cards 16 size 48 Howl #buckets 8 coarsen threshold 3686 Howl Bitmap #cards 512 size 80 coarsen threshold 460 Card regions per heap region 1 cards per card region 4096
 CPUs: 16 total, 16 available
 Memory: 16008M
 Large Page Support: Disabled
 NUMA Support: Disabled
 Compressed Oops: Enabled (Zero based)
 Heap Region Size: 2M
 Heap Min Capacity: 8M
 Heap Initial Capacity: 252M
 Heap Max Capacity: 4004M
 Pre-touch: Disabled
 Parallel Workers: 13
 Concurrent Workers: 3
 Concurrent Refinement Workers: 13
 Periodic GC: Disabled

Heap:
 garbage-first heap   total 108544K, used 59874K [0x0000000705c00000, 0x0000000800000000)
  region size 2048K, 17 young (34816K), 10 survivors (20480K)
 Metaspace       used 31125K, committed 31488K, reserved 1114112K
  class space    used 4129K, committed 4288K, reserved 1048576K

Heap Regions: E=young(eden), S=young(survivor), O=old, HS=humongous(starts), HC=humongous(continues), CS=collection set, F=free, TAMS=top-at-mark-start, PB=parsable bottom
|   0|0x0000000705c00000, 0x0000000705d07090, 0x0000000705e00000| 51%| O|Cm|TAMS 0x0000000705c00000| PB 0x0000000705c00000| Complete 
|   1|0x0000000705e00000, 0x0000000706000000, 0x0000000706000000|100%|HS|  |TAMS 0x0000000705e00000| PB 0x0000000705e00000| Complete 
|   2|0x0000000706000000, 0x0000000706200000, 0x0000000706200000|100%|HC|  |TAMS 0x0000000706000000| PB 0x0000000706000000| Complete 
|   3|0x0000000706200000, 0x0000000706400000, 0x0000000706400000|100%|HS|  |TAMS 0x0000000706200000| PB 0x0000000706200000| Complete 
|   4|0x0000000706400000, 0x0000000706600000, 0x0000000706600000|100%|HC|  |TAMS 0x0000000706400000| PB 0x0000000706400000| Complete 
|   5|0x0000000706600000, 0x0000000706600000, 0x0000000706800000|  0%| F|  |TAMS 0x0000000706600000| PB 0x0000000706600000| Untracked 
|   6|0x0000000706800000, 0x0000000706a00000, 0x0000000706a00000|100%|HS|  |TAMS 0x0000000706800000| PB 0x0000000706800000| Complete 
|   7|0x0000000706a00000, 0x0000000706c00000, 0x0000000706c00000|100%|HC|  |TAMS 0x0000000706a00000| PB 0x0000000706a00000| Complete 
|   8|0x0000000706c00000, 0x0000000706e00000, 0x0000000706e00000|100%|HS|  |TAMS 0x0000000706c00000| PB 0x0000000706c00000| Complete 
|   9|0x0000000706e00000, 0x0000000707000000, 0x0000000707000000|100%|HC|  |TAMS 0x0000000706e00000| PB 0x0000000706e00000| Complete 
|  10|0x0000000707000000, 0x0000000707200000, 0x0000000707200000|100%|HS|  |TAMS 0x0000000707000000| PB 0x0000000707000000| Complete 
|  11|0x0000000707200000, 0x0000000707400000, 0x0000000707400000|100%|HC|  |TAMS 0x0000000707200000| PB 0x0000000707200000| Complete 
|  12|0x0000000707400000, 0x0000000707600000, 0x0000000707600000|100%|HS|  |TAMS 0x0000000707400000| PB 0x0000000707400000| Complete 
|  13|0x0000000707600000, 0x0000000707800000, 0x0000000707800000|100%|HC|  |TAMS 0x0000000707600000| PB 0x0000000707600000| Complete 
|  14|0x0000000707800000, 0x0000000707800000, 0x0000000707a00000|  0%| F|  |TAMS 0x0000000707800000| PB 0x0000000707800000| Untracked 
|  15|0x0000000707a00000, 0x0000000707a00000, 0x0000000707c00000|  0%| F|  |TAMS 0x0000000707a00000| PB 0x0000000707a00000| Untracked 
|  16|0x0000000707c00000, 0x0000000707c00000, 0x0000000707e00000|  0%| F|  |TAMS 0x0000000707c00000| PB 0x0000000707c00000| Untracked 
|  17|0x0000000707e00000, 0x0000000707e00000, 0x0000000708000000|  0%| F|  |TAMS 0x0000000707e00000| PB 0x0000000707e00000| Untracked 
|  18|0x0000000708000000, 0x0000000708000000, 0x0000000708200000|  0%| F|  |TAMS 0x0000000708000000| PB 0x0000000708000000| Untracked 
|  19|0x0000000708200000, 0x0000000708200000, 0x0000000708400000|  0%| F|  |TAMS 0x0000000708200000| PB 0x0000000708200000| Untracked 
|  20|0x0000000708400000, 0x0000000708400000, 0x0000000708600000|  0%| F|  |TAMS 0x0000000708400000| PB 0x0000000708400000| Untracked 
|  21|0x0000000708600000, 0x0000000708600000, 0x0000000708800000|  0%| F|  |TAMS 0x0000000708600000| PB 0x0000000708600000| Untracked 
|  22|0x0000000708800000, 0x0000000708800000, 0x0000000708a00000|  0%| F|  |TAMS 0x0000000708800000| PB 0x0000000708800000| Untracked 
|  23|0x0000000708a00000, 0x0000000708a00000, 0x0000000708c00000|  0%| F|  |TAMS 0x0000000708a00000| PB 0x0000000708a00000| Untracked 
|  24|0x0000000708c00000, 0x0000000708c00000, 0x0000000708e00000|  0%| F|  |TAMS 0x0000000708c00000| PB 0x0000000708c00000| Untracked 
|  25|0x0000000708e00000, 0x0000000708e00000, 0x0000000709000000|  0%| F|  |TAMS 0x0000000708e00000| PB 0x0000000708e00000| Untracked 
|  26|0x0000000709000000, 0x0000000709000000, 0x0000000709200000|  0%| F|  |TAMS 0x0000000709000000| PB 0x0000000709000000| Untracked 
|  27|0x0000000709200000, 0x0000000709200000, 0x0000000709400000|  0%| F|  |TAMS 0x0000000709200000| PB 0x0000000709200000| Untracked 
|  28|0x0000000709400000, 0x0000000709400000, 0x0000000709600000|  0%| F|  |TAMS 0x0000000709400000| PB 0x0000000709400000| Untracked 
|  29|0x0000000709600000, 0x0000000709600000, 0x0000000709800000|  0%| F|  |TAMS 0x0000000709600000| PB 0x0000000709600000| Untracked 
|  30|0x0000000709800000, 0x0000000709800000, 0x0000000709a00000|  0%| F|  |TAMS 0x0000000709800000| PB 0x0000000709800000| Untracked 
|  31|0x0000000709a00000, 0x0000000709a00000, 0x0000000709c00000|  0%| F|  |TAMS 0x0000000709a00000| PB 0x0000000709a00000| Untracked 
|  32|0x0000000709c00000, 0x0000000709c00000, 0x0000000709e00000|  0%| F|  |TAMS 0x0000000709c00000| PB 0x0000000709c00000| Untracked 
|  33|0x0000000709e00000, 0x0000000709e00000, 0x000000070a000000|  0%| F|  |TAMS 0x0000000709e00000| PB 0x0000000709e00000| Untracked 
|  34|0x000000070a000000, 0x000000070a200000, 0x000000070a200000|100%| S|CS|TAMS 0x000000070a000000| PB 0x000000070a000000| Complete 
|  35|0x000000070a200000, 0x000000070a400000, 0x000000070a400000|100%| S|CS|TAMS 0x000000070a200000| PB 0x000000070a200000| Complete 
|  36|0x000000070a400000, 0x000000070a600000, 0x000000070a600000|100%| S|CS|TAMS 0x000000070a400000| PB 0x000000070a400000| Complete 
|  37|0x000000070a600000, 0x000000070a800000, 0x000000070a800000|100%| S|CS|TAMS 0x000000070a600000| PB 0x000000070a600000| Complete 
|  38|0x000000070a800000, 0x000000070aa00000, 0x000000070aa00000|100%| S|CS|TAMS 0x000000070a800000| PB 0x000000070a800000| Complete 
|  39|0x000000070aa00000, 0x000000070ac00000, 0x000000070ac00000|100%| S|CS|TAMS 0x000000070aa00000| PB 0x000000070aa00000| Complete 
|  40|0x000000070ac00000, 0x000000070ae00000, 0x000000070ae00000|100%| S|CS|TAMS 0x000000070ac00000| PB 0x000000070ac00000| Complete 
|  41|0x000000070ae00000, 0x000000070b000000, 0x000000070b000000|100%| S|CS|TAMS 0x000000070ae00000| PB 0x000000070ae00000| Complete 
|  42|0x000000070b000000, 0x000000070b200000, 0x000000070b200000|100%| S|CS|TAMS 0x000000070b000000| PB 0x000000070b000000| Complete 
|  43|0x000000070b200000, 0x000000070b3a6ec0, 0x000000070b400000| 82%| S|CS|TAMS 0x000000070b200000| PB 0x000000070b200000| Complete 
|  91|0x0000000711200000, 0x0000000711200000, 0x0000000711400000|  0%| F|  |TAMS 0x0000000711200000| PB 0x0000000711200000| Untracked 
|  92|0x0000000711400000, 0x0000000711600000, 0x0000000711600000|100%| E|  |TAMS 0x0000000711400000| PB 0x0000000711400000| Complete 
|  93|0x0000000711600000, 0x0000000711800000, 0x0000000711800000|100%| E|CS|TAMS 0x0000000711600000| PB 0x0000000711600000| Complete 
|  94|0x0000000711800000, 0x0000000711a00000, 0x0000000711a00000|100%| E|CS|TAMS 0x0000000711800000| PB 0x0000000711800000| Complete 
|  95|0x0000000711a00000, 0x0000000711c00000, 0x0000000711c00000|100%| E|CS|TAMS 0x0000000711a00000| PB 0x0000000711a00000| Complete 
|  96|0x0000000711c00000, 0x0000000711e00000, 0x0000000711e00000|100%| E|CS|TAMS 0x0000000711c00000| PB 0x0000000711c00000| Complete 
| 124|0x0000000715400000, 0x0000000715600000, 0x0000000715600000|100%| E|CS|TAMS 0x0000000715400000| PB 0x0000000715400000| Complete 
| 125|0x0000000715600000, 0x0000000715800000, 0x0000000715800000|100%| E|CS|TAMS 0x0000000715600000| PB 0x0000000715600000| Complete 
|2001|0x00000007ffe00000, 0x00000007fffca9c8, 0x0000000800000000| 89%| O|  |TAMS 0x00000007ffe00000| PB 0x00000007ffe00000| Untracked 

Card table byte_map: [0x0000024231710000,0x0000024231ef0000] _byte_map_base: 0x000002422dee2000

Marking Bits: (CMBitMap*) 0x0000024219281c20
 Bits: [0x0000024231ef0000, 0x0000024235d80000)

Polling page: 0x00000242173e0000

Metaspace:

Usage:
  Non-class:     26.36 MB used.
      Class:      4.03 MB used.
       Both:     30.40 MB used.

Virtual space:
  Non-class space:       64.00 MB reserved,      26.56 MB ( 42%) committed,  1 nodes.
      Class space:        1.00 GB reserved,       4.19 MB ( <1%) committed,  1 nodes.
             Both:        1.06 GB reserved,      30.75 MB (  3%) committed. 

Chunk freelists:
   Non-Class:  5.41 MB
       Class:  11.66 MB
        Both:  17.07 MB

MaxMetaspaceSize: unlimited
CompressedClassSpaceSize: 1.00 GB
Initial GC threshold: 21.00 MB
Current GC threshold: 35.12 MB
CDS: on
 - commit_granule_bytes: 65536.
 - commit_granule_words: 8192.
 - virtual_space_node_default_size: 8388608.
 - enlarge_chunks_in_place: 1.
 - use_allocation_guard: 0.


Internal statistics:

num_allocs_failed_limit: 3.
num_arena_births: 476.
num_arena_deaths: 0.
num_vsnodes_births: 2.
num_vsnodes_deaths: 0.
num_space_committed: 492.
num_space_uncommitted: 0.
num_chunks_returned_to_freelist: 3.
num_chunks_taken_from_freelist: 1240.
num_chunk_merges: 0.
num_chunk_splits: 806.
num_chunks_enlarged: 558.
num_inconsistent_stats: 0.

CodeHeap 'non-profiled nmethods': size=119168Kb used=3132Kb max_used=3132Kb free=116035Kb
 bounds [0x0000024229250000, 0x0000024229560000, 0x00000242306b0000]
CodeHeap 'profiled nmethods': size=119104Kb used=14131Kb max_used=14131Kb free=104972Kb
 bounds [0x00000242216b0000, 0x0000024222480000, 0x0000024228b00000]
CodeHeap 'non-nmethods': size=7488Kb used=2682Kb max_used=3818Kb free=4805Kb
 bounds [0x0000024228b00000, 0x0000024228ec0000, 0x0000024229250000]
 total_blobs=7461 nmethods=6449 adapters=914
 compilation: enabled
              stopped_count=0, restarted_count=0
 full_count=0

Compilation events (20 events):
Event: 51.167 Thread 0x00000242000bd960 nmethod 6442 0x0000024222477410 code [0x00000242224775e0, 0x0000024222477a88]
Event: 51.167 Thread 0x00000242000bd960 6443       3       javafx.scene.Group::getChildren (5 bytes)
Event: 51.167 Thread 0x00000242000bd960 nmethod 6443 0x0000024222477c10 code [0x0000024222477da0, 0x0000024222477ec8]
Event: 51.167 Thread 0x000002427f68b490 6444   !   4       java.util.WeakHashMap::expungeStaleEntries (139 bytes)
Event: 51.167 Thread 0x00000242000bd960 6446       3       com.sun.javafx.css.BitSet::notifyObservers (34 bytes)
Event: 51.168 Thread 0x00000242000bd960 nmethod 6446 0x0000024222477f90 code [0x0000024222478180, 0x0000024222478618]
Event: 51.169 Thread 0x0000024238194750 6447       3       javafx.scene.shape.Shape::computeMode (44 bytes)
Event: 51.170 Thread 0x00000242000bd960 6448       3       com.sun.javafx.collections.ListListenerHelper$Generic::<init> (26 bytes)
Event: 51.170 Thread 0x0000024238194750 nmethod 6447 0x0000024222478810 code [0x0000024222478ac0, 0x0000024222479c68]
Event: 51.170 Thread 0x00000242000bd960 nmethod 6448 0x000002422247a010 code [0x000002422247a1e0, 0x000002422247a820]
Event: 51.175 Thread 0x0000024238194750 6450       3       javafx.scene.Node$MiscProperties::invalidateBoundsInLocal (15 bytes)
Event: 51.175 Thread 0x0000024238194750 nmethod 6450 0x000002422247a990 code [0x000002422247ab60, 0x000002422247b010]
Event: 51.176 Thread 0x0000024238194750 6451       3       com.sun.javafx.scene.control.inputmap.InputMap$$Lambda/0x000002423a217bf0::apply (8 bytes)
Event: 51.176 Thread 0x00000242000bd960 6452       3       com.sun.javafx.scene.control.inputmap.InputMap::lambda$addMapping$6 (8 bytes)
Event: 51.177 Thread 0x0000024238194750 nmethod 6451 0x000002422247b190 code [0x000002422247b360, 0x000002422247b810]
Event: 51.177 Thread 0x0000024238194750 6453       3       com.sun.javafx.scene.control.inputmap.InputMap$KeyMapping::<init> (8 bytes)
Event: 51.177 Thread 0x00000242000bd960 nmethod 6452 0x000002422247b990 code [0x000002422247bb60, 0x000002422247be98]
Event: 51.177 Thread 0x00000242000bd960 6454       3       com.sun.javafx.scene.NodeEventDispatcher::<init> (20 bytes)
Event: 51.177 Thread 0x0000024238194750 nmethod 6453 0x000002422247c010 code [0x000002422247c1c0, 0x000002422247c328]
Event: 51.177 Thread 0x00000242000bd960 nmethod 6454 0x000002422247c410 code [0x000002422247c5e0, 0x000002422247cb10]

GC Heap History (8 events):
Event: 0.854 GC heap before
{Heap before GC invocations=0 (full 0):
 garbage-first heap   total 258048K, used 20480K [0x0000000705c00000, 0x0000000800000000)
  region size 2048K, 11 young (22528K), 0 survivors (0K)
 Metaspace       used 3908K, committed 4032K, reserved 1114112K
  class space    used 384K, committed 448K, reserved 1048576K
}
Event: 0.860 GC heap after
{Heap after GC invocations=1 (full 0):
 garbage-first heap   total 258048K, used 2463K [0x0000000705c00000, 0x0000000800000000)
  region size 2048K, 2 young (4096K), 2 survivors (4096K)
 Metaspace       used 3908K, committed 4032K, reserved 1114112K
  class space    used 384K, committed 448K, reserved 1048576K
}
Event: 2.182 GC heap before
{Heap before GC invocations=1 (full 0):
 garbage-first heap   total 258048K, used 41375K [0x0000000705c00000, 0x0000000800000000)
  region size 2048K, 22 young (45056K), 2 survivors (4096K)
 Metaspace       used 10438K, committed 10688K, reserved 1114112K
  class space    used 1364K, committed 1472K, reserved 1048576K
}
Event: 2.191 GC heap after
{Heap after GC invocations=2 (full 0):
 garbage-first heap   total 258048K, used 7196K [0x0000000705c00000, 0x0000000800000000)
  region size 2048K, 3 young (6144K), 3 survivors (6144K)
 Metaspace       used 10438K, committed 10688K, reserved 1114112K
  class space    used 1364K, committed 1472K, reserved 1048576K
}
Event: 5.034 GC heap before
{Heap before GC invocations=2 (full 0):
 garbage-first heap   total 258048K, used 68636K [0x0000000705c00000, 0x0000000800000000)
  region size 2048K, 29 young (59392K), 3 survivors (6144K)
 Metaspace       used 21180K, committed 21504K, reserved 1114112K
  class space    used 2996K, committed 3136K, reserved 1048576K
}
Event: 5.050 GC heap after
{Heap after GC invocations=3 (full 0):
 garbage-first heap   total 258048K, used 19083K [0x0000000705c00000, 0x0000000800000000)
  region size 2048K, 6 young (12288K), 6 survivors (12288K)
 Metaspace       used 21180K, committed 21504K, reserved 1114112K
  class space    used 2996K, committed 3136K, reserved 1048576K
}
Event: 19.199 GC heap before
{Heap before GC invocations=4 (full 0):
 garbage-first heap   total 86016K, used 84619K [0x0000000705c00000, 0x0000000800000000)
  region size 2048K, 28 young (57344K), 6 survivors (12288K)
 Metaspace       used 30914K, committed 31296K, reserved 1114112K
  class space    used 4120K, committed 4288K, reserved 1048576K
}
Event: 19.218 GC heap after
{Heap after GC invocations=5 (full 0):
 garbage-first heap   total 108544K, used 43490K [0x0000000705c00000, 0x0000000800000000)
  region size 2048K, 10 young (20480K), 10 survivors (20480K)
 Metaspace       used 30914K, committed 31296K, reserved 1114112K
  class space    used 4120K, committed 4288K, reserved 1048576K
}

Dll operation events (20 events):
Event: 0.489 Loaded shared library C:\Users\Ariel\IdeaProjects\GraphVisualizer\lib\javafx-sdk-22.0.2\bin\api-ms-win-crt-private-l1-1-0.dll
Event: 0.490 Loaded shared library C:\Users\Ariel\IdeaProjects\GraphVisualizer\lib\javafx-sdk-22.0.2\bin\api-ms-win-crt-process-l1-1-0.dll
Event: 0.492 Loaded shared library C:\Users\Ariel\IdeaProjects\GraphVisualizer\lib\javafx-sdk-22.0.2\bin\api-ms-win-crt-runtime-l1-1-0.dll
Event: 0.494 Loaded shared library C:\Users\Ariel\IdeaProjects\GraphVisualizer\lib\javafx-sdk-22.0.2\bin\api-ms-win-crt-stdio-l1-1-0.dll
Event: 0.495 Loaded shared library C:\Users\Ariel\IdeaProjects\GraphVisualizer\lib\javafx-sdk-22.0.2\bin\api-ms-win-crt-string-l1-1-0.dll
Event: 0.497 Loaded shared library C:\Users\Ariel\IdeaProjects\GraphVisualizer\lib\javafx-sdk-22.0.2\bin\api-ms-win-crt-time-l1-1-0.dll
Event: 0.499 Loaded shared library C:\Users\Ariel\IdeaProjects\GraphVisualizer\lib\javafx-sdk-22.0.2\bin\api-ms-win-crt-utility-l1-1-0.dll
Event: 0.502 Loaded shared library C:\Users\Ariel\IdeaProjects\GraphVisualizer\lib\javafx-sdk-22.0.2\bin\ucrtbase.dll
Event: 0.504 Loaded shared library C:\Users\Ariel\IdeaProjects\GraphVisualizer\lib\javafx-sdk-22.0.2\bin\vcruntime140.dll
Event: 0.506 Loaded shared library C:\Users\Ariel\IdeaProjects\GraphVisualizer\lib\javafx-sdk-22.0.2\bin\vcruntime140_1.dll
Event: 0.508 Loaded shared library C:\Users\Ariel\IdeaProjects\GraphVisualizer\lib\javafx-sdk-22.0.2\bin\msvcp140.dll
Event: 0.511 Loaded shared library C:\Users\Ariel\IdeaProjects\GraphVisualizer\lib\javafx-sdk-22.0.2\bin\msvcp140_1.dll
Event: 0.513 Loaded shared library C:\Users\Ariel\IdeaProjects\GraphVisualizer\lib\javafx-sdk-22.0.2\bin\msvcp140_2.dll
Event: 0.578 Loaded shared library C:\Users\Ariel\IdeaProjects\GraphVisualizer\lib\javafx-sdk-22.0.2\bin\prism_d3d.dll
Event: 0.712 Loaded shared library C:\Users\Ariel\IdeaProjects\GraphVisualizer\lib\javafx-sdk-22.0.2\bin\glass.dll
Event: 0.911 Loaded shared library C:\Program Files\Java\jdk-21\bin\jimage.dll
Event: 1.827 Loaded shared library C:\Users\Ariel\IdeaProjects\GraphVisualizer\lib\javafx-sdk-22.0.2\bin\javafx_font.dll
Event: 4.939 Loaded shared library C:\Program Files\Java\jdk-21\bin\awt.dll
Event: 5.276 Loaded shared library C:\Program Files\Java\jdk-21\bin\freetype.dll
Event: 5.278 Loaded shared library C:\Program Files\Java\jdk-21\bin\fontmanager.dll

Deoptimization events (20 events):
Event: 51.038 Thread 0x000002427f96d280 DEOPT PACKING pc=0x0000024221a5c064 sp=0x000000d38dff8c50
Event: 51.038 Thread 0x000002427f96d280 DEOPT UNPACKING pc=0x0000024228b54e42 sp=0x000000d38dff81a0 mode 1
Event: 51.039 Thread 0x000002427f96d280 DEOPT PACKING pc=0x0000024222447dac sp=0x000000d38dff8d60
Event: 51.039 Thread 0x000002427f96d280 DEOPT UNPACKING pc=0x0000024228b54e42 sp=0x000000d38dff83c0 mode 1
Event: 51.039 Thread 0x000002427f96d280 DEOPT PACKING pc=0x0000024221a5f254 sp=0x000000d38dff9490
Event: 51.039 Thread 0x000002427f96d280 DEOPT UNPACKING pc=0x0000024228b54e42 sp=0x000000d38dff8968 mode 1
Event: 51.075 Thread 0x00000242006c1980 DEOPT PACKING pc=0x0000024221f066fc sp=0x000000d3904fedc0
Event: 51.075 Thread 0x00000242006c1980 DEOPT UNPACKING pc=0x0000024228b54e42 sp=0x000000d3904fe2f0 mode 1
Event: 51.075 Thread 0x00000242006c1980 DEOPT PACKING pc=0x0000024221f16cf4 sp=0x000000d3904feec0
Event: 51.075 Thread 0x00000242006c1980 DEOPT UNPACKING pc=0x0000024228b54e42 sp=0x000000d3904fe418 mode 1
Event: 51.075 Thread 0x00000242006c1980 DEOPT PACKING pc=0x0000024221f14284 sp=0x000000d3904fefe0
Event: 51.075 Thread 0x00000242006c1980 DEOPT UNPACKING pc=0x0000024228b54e42 sp=0x000000d3904fe4a0 mode 1
Event: 51.075 Thread 0x000002427e5cbbb0 DEOPT PACKING pc=0x0000024221f066fc sp=0x000000d38e1fee40
Event: 51.075 Thread 0x000002427e5cbbb0 DEOPT UNPACKING pc=0x0000024228b54e42 sp=0x000000d38e1fe370 mode 1
Event: 51.075 Thread 0x000002427e5cbbb0 DEOPT PACKING pc=0x0000024221f16cf4 sp=0x000000d38e1fef40
Event: 51.075 Thread 0x000002427e5cbbb0 DEOPT UNPACKING pc=0x0000024228b54e42 sp=0x000000d38e1fe498 mode 1
Event: 51.075 Thread 0x000002427e5cbbb0 DEOPT PACKING pc=0x0000024221f14284 sp=0x000000d38e1ff060
Event: 51.075 Thread 0x000002427e5cbbb0 DEOPT UNPACKING pc=0x0000024228b54e42 sp=0x000000d38e1fe520 mode 1
Event: 51.076 Thread 0x0000024200971a40 DEOPT PACKING pc=0x00000242293d1a64 sp=0x000000d38f7ff190
Event: 51.076 Thread 0x0000024200971a40 DEOPT UNPACKING pc=0x0000024228b54e42 sp=0x000000d38f7fe5b0 mode 1

Classes loaded (20 events):
Event: 19.219 Loading class sun/awt/shell/Win32ShellFolder2$FolderDisposer$1
Event: 19.220 Loading class sun/awt/shell/Win32ShellFolder2$FolderDisposer$1 done
Event: 20.480 Loading class com/sun/javafx/tk/quantum/GlassViewEventHandler
Event: 20.480 Loading class com/sun/javafx/tk/quantum/GlassViewEventHandler done
Event: 22.878 Loading class com/sun/prism/GraphicsResource
Event: 22.878 Loading class com/sun/prism/GraphicsResource done
Event: 22.878 Loading class com/sun/prism/GraphicsResource
Event: 22.878 Loading class com/sun/prism/GraphicsResource done
Event: 28.556 Loading class com/intellij/rt/debugger/BatchEvaluatorServer
Event: 28.556 Loading class com/intellij/rt/debugger/BatchEvaluatorServer done
Event: 28.583 Loading class java/util/Formatter$FixedString
Event: 28.583 Loading class java/util/Formatter$FixedString done
Event: 51.007 Loading class Controllers/GraphResultController
Event: 51.007 Loading class Controllers/GraphResultController done
Event: 51.071 Loading class jdk/internal/misc/Signal$1
Event: 51.072 Loading class jdk/internal/misc/Signal$1 done
Event: 51.075 Loading class com/sun/javafx/tk/quantum/QuantumRenderer
Event: 51.075 Loading class com/sun/javafx/tk/quantum/QuantumRenderer done
Event: 51.075 Loading class com/sun/javafx/tk/quantum/QuantumToolkit
Event: 51.075 Loading class com/sun/javafx/tk/quantum/QuantumToolkit done

Classes unloaded (0 events):
No events

Classes redefined (0 events):
No events

Internal exceptions (20 events):
Event: 3.520 Thread 0x000002427f96d280 Exception <a 'java/lang/NoSuchMethodError'{0x0000000712f60188}: 'java.lang.Object java.lang.invoke.DirectMethodHandle$Holder.newInvokeSpecial(java.lang.Object, java.lang.Object, long)'> (0x0000000712f60188) 
thrown [s\open\src\hotspot\share\interpreter\linkResolver.cpp, line 773]
Event: 3.520 Thread 0x000002427f96d280 Exception <a 'java/lang/NoSuchMethodError'{0x0000000712f63a90}: 'java.lang.Object java.lang.invoke.Invokers$Holder.linkToTargetMethod(java.lang.Object, long, java.lang.Object)'> (0x0000000712f63a90) 
thrown [s\open\src\hotspot\share\interpreter\linkResolver.cpp, line 773]
Event: 3.622 Thread 0x000002427e5cbbb0 Exception <a 'java/lang/NoSuchMethodError'{0x0000000712d588d0}: 'java.lang.Object java.lang.invoke.DirectMethodHandle$Holder.invokeStaticInit(java.lang.Object, int)'> (0x0000000712d588d0) 
thrown [s\open\src\hotspot\share\interpreter\linkResolver.cpp, line 773]
Event: 4.927 Thread 0x000002427f96d280 Exception <a 'java/lang/ClassNotFoundException'{0x00000007120bb5e0}: sun/awt/resources/spi/awtProvider> (0x00000007120bb5e0) 
thrown [s\open\src\hotspot\share\classfile\systemDictionary.cpp, line 312]
Event: 4.941 Thread 0x000002427f96d280 Exception <a 'java/io/FileNotFoundException'{0x00000007120c3a30}> (0x00000007120c3a30) 
thrown [s\open\src\hotspot\share\prims\jni.cpp, line 520]
Event: 4.941 Thread 0x000002427f96d280 Exception <a 'java/io/FileNotFoundException'{0x00000007120c5520}> (0x00000007120c5520) 
thrown [s\open\src\hotspot\share\prims\jni.cpp, line 520]
Event: 5.077 Thread 0x000002427f96d280 Exception <a 'java/lang/NoSuchMethodError'{0x0000000715672930}: 'java.lang.Object java.lang.invoke.DirectMethodHandle$Holder.invokeStatic(java.lang.Object, int, java.lang.Object)'> (0x0000000715672930) 
thrown [s\open\src\hotspot\share\interpreter\linkResolver.cpp, line 773]
Event: 5.100 Thread 0x000002427f96d280 Exception <a 'java/lang/ClassNotFoundException'{0x0000000709a15038}: com/sun/swing/internal/plaf/metal/resources/spi/metalProvider> (0x0000000709a15038) 
thrown [s\open\src\hotspot\share\classfile\systemDictionary.cpp, line 312]
Event: 5.102 Thread 0x000002427f96d280 Exception <a 'java/lang/ClassNotFoundException'{0x0000000709a1be88}: com/sun/swing/internal/plaf/basic/resources/spi/basicProvider> (0x0000000709a1be88) 
thrown [s\open\src\hotspot\share\classfile\systemDictionary.cpp, line 312]
Event: 5.119 Thread 0x00000242006c40e0 Exception <a 'java/lang/NoSuchMethodError'{0x0000000709b100b8}: 'java.lang.Object java.lang.invoke.DirectMethodHandle$Holder.newInvokeSpecial(java.lang.Object, java.lang.Object, java.lang.Object, int, int, int, int, int)'> (0x0000000709b100b8) 
thrown [s\open\src\hotspot\share\interpreter\linkResolver.cpp, line 773]
Event: 5.159 Thread 0x000002427f96d280 Exception <a 'java/lang/NoSuchMethodError'{0x0000000709bf7db8}: 'int java.lang.invoke.Invokers$Holder.invokeExact_MT(java.lang.Object, java.lang.Object)'> (0x0000000709bf7db8) 
thrown [s\open\src\hotspot\share\interpreter\linkResolver.cpp, line 773]
Event: 5.813 Thread 0x000002427f96d280 Implicit null exception at 0x000002422943eea1 to 0x000002422943f61c
Event: 5.813 Thread 0x000002427f96d280 Implicit null exception at 0x000002422933923a to 0x0000024229339274
Event: 6.030 Thread 0x000002427f96d280 Exception <a 'java/lang/NoSuchMethodError'{0x000000070938b220}: 'int java.lang.invoke.DirectMethodHandle$Holder.invokeStatic(java.lang.Object)'> (0x000000070938b220) 
thrown [s\open\src\hotspot\share\interpreter\linkResolver.cpp, line 773]
Event: 14.226 Thread 0x000002427f96d280 Exception <a 'java/lang/NoSuchMethodError'{0x000000070903a538}: 'long java.lang.invoke.DirectMethodHandle$Holder.invokeSpecial(java.lang.Object, java.lang.Object)'> (0x000000070903a538) 
thrown [s\open\src\hotspot\share\interpreter\linkResolver.cpp, line 773]
Event: 14.226 Thread 0x000002427f96d280 Exception <a 'java/lang/NoSuchMethodError'{0x000000070903dec0}: 'long java.lang.invoke.Invokers$Holder.invokeExact_MT(java.lang.Object, java.lang.Object)'> (0x000000070903dec0) 
thrown [s\open\src\hotspot\share\interpreter\linkResolver.cpp, line 773]
Event: 14.242 Thread 0x000002427f96d280 Exception <a 'java/lang/NoSuchMethodError'{0x000000070908ced0}: static LGraphVisualizer/DirectedEdge;.<clinit>()V> (0x000000070908ced0) 
thrown [s\open\src\hotspot\share\prims\jni.cpp, line 1111]
Event: 14.247 Thread 0x000002427f96d280 Exception <a 'java/lang/NoSuchMethodError'{0x00000007090a91d8}: static LGraphVisualizer/Graph$GraphNode;.<clinit>()V> (0x00000007090a91d8) 
thrown [s\open\src\hotspot\share\prims\jni.cpp, line 1111]
Event: 16.866 Thread 0x000002427f96d280 Exception <a 'java/lang/NoSuchMethodError'{0x00000007077e0f18}: 'java.lang.Object java.lang.invoke.DirectMethodHandle$Holder.newInvokeSpecial(java.lang.Object, java.lang.Object, java.lang.Object, double, double, double, double, int, int, int, int, int, int, int, int, int)'> (0x00000007077e0f18) 
thrown [s\open\src\hotspot\share\interpreter\linkResolver.cpp, line 773]
Event: 18.631 Thread 0x000002427f96d280 Implicit null exception at 0x00000242294e9c5c to 0x00000242294ea390

ZGC Phase Switch (0 events):
No events

VM Operations (20 events):
Event: 40.553 Executing VM operation: get/set locals done
Event: 40.554 Executing VM operation: get/set locals
Event: 40.554 Executing VM operation: get/set locals done
Event: 43.589 Executing VM operation: get/set locals
Event: 43.589 Executing VM operation: get/set locals done
Event: 43.589 Executing VM operation: get/set locals
Event: 43.589 Executing VM operation: get/set locals done
Event: 43.590 Executing VM operation: get/set locals
Event: 43.590 Executing VM operation: get/set locals done
Event: 43.590 Executing VM operation: get/set locals
Event: 43.590 Executing VM operation: get/set locals done
Event: 43.590 Executing VM operation: get/set locals
Event: 43.590 Executing VM operation: get/set locals done
Event: 50.991 Executing VM operation: ChangeBreakpoints
Event: 50.991 Executing VM operation: ChangeBreakpoints done
Event: 50.991 Executing VM operation: ChangeBreakpoints
Event: 50.991 Executing VM operation: ChangeBreakpoints done
Event: 50.991 Executing VM operation: ChangeBreakpoints
Event: 50.991 Executing VM operation: ChangeBreakpoints done
Event: 51.177 Executing VM operation: Exit

Events (20 events):
Event: 27.919 Thread 0x000002420bb2e750 Thread exited: 0x000002420bb2e750
Event: 33.597 Thread 0x00000242000bd960 Thread exited: 0x00000242000bd960
Event: 50.989 Thread 0x000002427f5fc0f0 Thread exited: 0x000002427f5fc0f0
Event: 50.997 Thread 0x000002427e62e3d0 Thread exited: 0x000002427e62e3d0
Event: 51.008 Thread 0x00000242000bd960 Thread added: 0x00000242000bd960
Event: 51.072 Thread 0x00000242006c2010 Thread added: 0x00000242006c2010
Event: 51.073 Thread 0x00000242006c2d30 Thread added: 0x00000242006c2d30
Event: 51.073 Thread 0x00000242006c3a50 Thread added: 0x00000242006c3a50
Event: 51.073 Thread 0x00000242006c40e0 Thread added: 0x00000242006c40e0
Event: 51.073 Thread 0x0000024200971a40 Thread added: 0x0000024200971a40
Event: 51.073 Thread 0x00000242009720d0 Thread added: 0x00000242009720d0
Event: 51.074 Thread 0x00000242006c40e0 Thread exited: 0x00000242006c40e0
Event: 51.074 Thread 0x00000242009713b0 Thread added: 0x00000242009713b0
Event: 51.074 Thread 0x00000242006c3a50 Thread exited: 0x00000242006c3a50
Event: 51.075 Thread 0x00000242009720d0 Thread exited: 0x00000242009720d0
Event: 51.076 Thread 0x0000024200971a40 Thread exited: 0x0000024200971a40
Event: 51.077 Thread 0x000002427f68b490 Thread added: 0x000002427f68b490
Event: 51.078 Thread 0x00000242006c1980 Thread exited: 0x00000242006c1980
Event: 51.084 Thread 0x00000242006c12f0 Thread exited: 0x00000242006c12f0
Event: 51.177 Thread 0x00000242006c2d30 Thread exited: 0x00000242006c2d30


Dynamic libraries:
0x00007ff7cec70000 - 0x00007ff7cec80000 	C:\Program Files\Java\jdk-21\bin\java.exe
0x00007ffd65c80000 - 0x00007ffd65ee9000 	C:\WINDOWS\SYSTEM32\ntdll.dll
0x00007ffd64bc0000 - 0x00007ffd64c89000 	C:\WINDOWS\System32\KERNEL32.DLL
0x00007ffd62f80000 - 0x00007ffd63373000 	C:\WINDOWS\System32\KERNELBASE.dll
0x00007ffd637b0000 - 0x00007ffd638fb000 	C:\WINDOWS\System32\ucrtbase.dll
0x00007ffd53990000 - 0x00007ffd539ab000 	C:\Program Files\Java\jdk-21\bin\VCRUNTIME140.dll
0x00007ffd5fa70000 - 0x00007ffd5fa89000 	C:\Program Files\Java\jdk-21\bin\jli.dll
0x00007ffd64cc0000 - 0x00007ffd64d74000 	C:\WINDOWS\System32\ADVAPI32.dll
0x00007ffd64ab0000 - 0x00007ffd64b59000 	C:\WINDOWS\System32\msvcrt.dll
0x00007ffd64d80000 - 0x00007ffd64e26000 	C:\WINDOWS\System32\sechost.dll
0x00007ffd642c0000 - 0x00007ffd643d8000 	C:\WINDOWS\System32\RPCRT4.dll
0x00007ffd63dd0000 - 0x00007ffd63f94000 	C:\WINDOWS\System32\USER32.dll
0x00007ffd634b0000 - 0x00007ffd634d7000 	C:\WINDOWS\System32\win32u.dll
0x00007ffd474e0000 - 0x00007ffd47773000 	C:\WINDOWS\WinSxS\amd64_microsoft.windows.common-controls_6595b64144ccf1df_6.0.26100.5074_none_3e0d6f78e32fd63f\COMCTL32.dll
0x00007ffd64c90000 - 0x00007ffd64cbb000 	C:\WINDOWS\System32\GDI32.dll
0x00007ffd63380000 - 0x00007ffd634ad000 	C:\WINDOWS\System32\gdi32full.dll
0x00007ffd63700000 - 0x00007ffd637a3000 	C:\WINDOWS\System32\msvcp_win.dll
0x00007ffd59530000 - 0x00007ffd5953b000 	C:\WINDOWS\SYSTEM32\VERSION.dll
0x00007ffd65340000 - 0x00007ffd6536f000 	C:\WINDOWS\System32\IMM32.DLL
0x00007ffd53970000 - 0x00007ffd5397c000 	C:\Program Files\Java\jdk-21\bin\vcruntime140_1.dll
0x00007ffd49c30000 - 0x00007ffd49cbe000 	C:\Program Files\Java\jdk-21\bin\msvcp140.dll
0x00007ffcee140000 - 0x00007ffceee5d000 	C:\Program Files\Java\jdk-21\bin\server\jvm.dll
0x00007ffd63fa0000 - 0x00007ffd64014000 	C:\WINDOWS\System32\WS2_32.dll
0x00007ffd62c70000 - 0x00007ffd62cce000 	C:\WINDOWS\SYSTEM32\POWRPROF.dll
0x00007ffd590d0000 - 0x00007ffd59105000 	C:\WINDOWS\SYSTEM32\WINMM.dll
0x00007ffd62c50000 - 0x00007ffd62c64000 	C:\WINDOWS\SYSTEM32\UMPDC.dll
0x00007ffd61bf0000 - 0x00007ffd61c0b000 	C:\WINDOWS\SYSTEM32\kernel.appcore.dll
0x00007ffd53720000 - 0x00007ffd5372a000 	C:\Program Files\Java\jdk-21\bin\jimage.dll
0x00007ffd60750000 - 0x00007ffd60992000 	C:\WINDOWS\SYSTEM32\DBGHELP.DLL
0x00007ffd63a50000 - 0x00007ffd63dcb000 	C:\WINDOWS\System32\combase.dll
0x00007ffd649d0000 - 0x00007ffd64aa7000 	C:\WINDOWS\System32\OLEAUT32.dll
0x00007ffd44140000 - 0x00007ffd4417d000 	C:\WINDOWS\SYSTEM32\dbgcore.DLL
0x00007ffd63660000 - 0x00007ffd636f9000 	C:\WINDOWS\System32\bcryptPrimitives.dll
0x00007ffd531a0000 - 0x00007ffd531dc000 	C:\Program Files\Java\jdk-21\bin\jdwp.dll
0x00007ffd53710000 - 0x00007ffd5371f000 	C:\Program Files\Java\jdk-21\bin\instrument.dll
0x00007ffd53690000 - 0x00007ffd536af000 	C:\Program Files\Java\jdk-21\bin\java.dll
0x00007ffd53640000 - 0x00007ffd53658000 	C:\Program Files\Java\jdk-21\bin\zip.dll
0x00007ffd654f0000 - 0x00007ffd65c3d000 	C:\WINDOWS\System32\SHELL32.dll
0x00007ffd62e10000 - 0x00007ffd62f7c000 	C:\WINDOWS\System32\wintypes.dll
0x00007ffd60a40000 - 0x00007ffd61299000 	C:\WINDOWS\SYSTEM32\windows.storage.dll
0x00007ffd650a0000 - 0x00007ffd65190000 	C:\WINDOWS\System32\SHCORE.dll
0x00007ffd64960000 - 0x00007ffd649c2000 	C:\WINDOWS\System32\shlwapi.dll
0x00007ffd62d30000 - 0x00007ffd62d59000 	C:\WINDOWS\SYSTEM32\profapi.dll
0x00007ffd40f30000 - 0x00007ffd41007000 	C:\Program Files\Java\jdk-21\bin\jsvml.dll
0x00007ffd53620000 - 0x00007ffd53630000 	C:\Program Files\Java\jdk-21\bin\net.dll
0x00007ffd58cb0000 - 0x00007ffd58dcf000 	C:\WINDOWS\SYSTEM32\WINHTTP.dll
0x00007ffd62170000 - 0x00007ffd621db000 	C:\WINDOWS\system32\mswsock.dll
0x00007ffd53020000 - 0x00007ffd53036000 	C:\Program Files\Java\jdk-21\bin\nio.dll
0x00007ffd531f0000 - 0x00007ffd531fc000 	C:\Program Files\Java\jdk-21\bin\dt_socket.dll
0x00007ffd61640000 - 0x00007ffd61674000 	C:\WINDOWS\SYSTEM32\IPHLPAPI.DLL
0x0000024217420000 - 0x0000024217424000 	C:\Users\Ariel\IdeaProjects\GraphVisualizer\lib\javafx-sdk-22.0.2\bin\api-ms-win-core-console-l1-1-0.dll
0x00000242191d0000 - 0x00000242191d4000 	C:\Users\Ariel\IdeaProjects\GraphVisualizer\lib\javafx-sdk-22.0.2\bin\api-ms-win-core-console-l1-2-0.dll
0x0000024238f70000 - 0x0000024238f74000 	C:\Users\Ariel\IdeaProjects\GraphVisualizer\lib\javafx-sdk-22.0.2\bin\api-ms-win-core-datetime-l1-1-0.dll
0x0000024238f80000 - 0x0000024238f84000 	C:\Users\Ariel\IdeaProjects\GraphVisualizer\lib\javafx-sdk-22.0.2\bin\api-ms-win-core-debug-l1-1-0.dll
0x0000024238f90000 - 0x0000024238f94000 	C:\Users\Ariel\IdeaProjects\GraphVisualizer\lib\javafx-sdk-22.0.2\bin\api-ms-win-core-errorhandling-l1-1-0.dll
0x0000024238fa0000 - 0x0000024238fa5000 	C:\Users\Ariel\IdeaProjects\GraphVisualizer\lib\javafx-sdk-22.0.2\bin\api-ms-win-core-file-l1-1-0.dll
0x0000024238fb0000 - 0x0000024238fb4000 	C:\Users\Ariel\IdeaProjects\GraphVisualizer\lib\javafx-sdk-22.0.2\bin\api-ms-win-core-file-l1-2-0.dll
0x0000024238fc0000 - 0x0000024238fc4000 	C:\Users\Ariel\IdeaProjects\GraphVisualizer\lib\javafx-sdk-22.0.2\bin\api-ms-win-core-file-l2-1-0.dll
0x0000024238fd0000 - 0x0000024238fd4000 	C:\Users\Ariel\IdeaProjects\GraphVisualizer\lib\javafx-sdk-22.0.2\bin\api-ms-win-core-handle-l1-1-0.dll
0x0000024238fe0000 - 0x0000024238fe4000 	C:\Users\Ariel\IdeaProjects\GraphVisualizer\lib\javafx-sdk-22.0.2\bin\api-ms-win-core-heap-l1-1-0.dll
0x0000024238ff0000 - 0x0000024238ff4000 	C:\Users\Ariel\IdeaProjects\GraphVisualizer\lib\javafx-sdk-22.0.2\bin\api-ms-win-core-interlocked-l1-1-0.dll
0x000002427ff30000 - 0x000002427ff34000 	C:\Users\Ariel\IdeaProjects\GraphVisualizer\lib\javafx-sdk-22.0.2\bin\api-ms-win-core-libraryloader-l1-1-0.dll
0x000002427fbd0000 - 0x000002427fbd4000 	C:\Users\Ariel\IdeaProjects\GraphVisualizer\lib\javafx-sdk-22.0.2\bin\api-ms-win-core-localization-l1-2-0.dll
0x000002427fbe0000 - 0x000002427fbe4000 	C:\Users\Ariel\IdeaProjects\GraphVisualizer\lib\javafx-sdk-22.0.2\bin\api-ms-win-core-memory-l1-1-0.dll
0x000002427fbf0000 - 0x000002427fbf4000 	C:\Users\Ariel\IdeaProjects\GraphVisualizer\lib\javafx-sdk-22.0.2\bin\api-ms-win-core-namedpipe-l1-1-0.dll
0x000002427fc00000 - 0x000002427fc04000 	C:\Users\Ariel\IdeaProjects\GraphVisualizer\lib\javafx-sdk-22.0.2\bin\api-ms-win-core-processenvironment-l1-1-0.dll
0x000002427fc10000 - 0x000002427fc14000 	C:\Users\Ariel\IdeaProjects\GraphVisualizer\lib\javafx-sdk-22.0.2\bin\api-ms-win-core-processthreads-l1-1-0.dll
0x000002427fc20000 - 0x000002427fc24000 	C:\Users\Ariel\IdeaProjects\GraphVisualizer\lib\javafx-sdk-22.0.2\bin\api-ms-win-core-processthreads-l1-1-1.dll
0x000002427fc30000 - 0x000002427fc34000 	C:\Users\Ariel\IdeaProjects\GraphVisualizer\lib\javafx-sdk-22.0.2\bin\api-ms-win-core-profile-l1-1-0.dll
0x000002427fc40000 - 0x000002427fc44000 	C:\Users\Ariel\IdeaProjects\GraphVisualizer\lib\javafx-sdk-22.0.2\bin\api-ms-win-core-rtlsupport-l1-1-0.dll
0x000002427fc50000 - 0x000002427fc54000 	C:\Users\Ariel\IdeaProjects\GraphVisualizer\lib\javafx-sdk-22.0.2\bin\api-ms-win-core-string-l1-1-0.dll
0x000002427fc60000 - 0x000002427fc64000 	C:\Users\Ariel\IdeaProjects\GraphVisualizer\lib\javafx-sdk-22.0.2\bin\api-ms-win-core-synch-l1-1-0.dll
0x000002427fc70000 - 0x000002427fc74000 	C:\Users\Ariel\IdeaProjects\GraphVisualizer\lib\javafx-sdk-22.0.2\bin\api-ms-win-core-synch-l1-2-0.dll
0x000002427fc80000 - 0x000002427fc84000 	C:\Users\Ariel\IdeaProjects\GraphVisualizer\lib\javafx-sdk-22.0.2\bin\api-ms-win-core-sysinfo-l1-1-0.dll
0x000002427fc90000 - 0x000002427fc94000 	C:\Users\Ariel\IdeaProjects\GraphVisualizer\lib\javafx-sdk-22.0.2\bin\api-ms-win-core-timezone-l1-1-0.dll
0x000002427fca0000 - 0x000002427fca4000 	C:\Users\Ariel\IdeaProjects\GraphVisualizer\lib\javafx-sdk-22.0.2\bin\api-ms-win-core-util-l1-1-0.dll
0x000002427fe40000 - 0x000002427fe44000 	C:\Users\Ariel\IdeaProjects\GraphVisualizer\lib\javafx-sdk-22.0.2\bin\api-ms-win-crt-conio-l1-1-0.dll
0x000002427fe50000 - 0x000002427fe55000 	C:\Users\Ariel\IdeaProjects\GraphVisualizer\lib\javafx-sdk-22.0.2\bin\api-ms-win-crt-convert-l1-1-0.dll
0x000002427fe60000 - 0x000002427fe64000 	C:\Users\Ariel\IdeaProjects\GraphVisualizer\lib\javafx-sdk-22.0.2\bin\api-ms-win-crt-environment-l1-1-0.dll
0x000002427fe70000 - 0x000002427fe74000 	C:\Users\Ariel\IdeaProjects\GraphVisualizer\lib\javafx-sdk-22.0.2\bin\api-ms-win-crt-filesystem-l1-1-0.dll
0x000002427fe80000 - 0x000002427fe84000 	C:\Users\Ariel\IdeaProjects\GraphVisualizer\lib\javafx-sdk-22.0.2\bin\api-ms-win-crt-heap-l1-1-0.dll
0x000002427fe90000 - 0x000002427fe94000 	C:\Users\Ariel\IdeaProjects\GraphVisualizer\lib\javafx-sdk-22.0.2\bin\api-ms-win-crt-locale-l1-1-0.dll
0x000002427fea0000 - 0x000002427fea6000 	C:\Users\Ariel\IdeaProjects\GraphVisualizer\lib\javafx-sdk-22.0.2\bin\api-ms-win-crt-math-l1-1-0.dll
0x000002427feb0000 - 0x000002427feb6000 	C:\Users\Ariel\IdeaProjects\GraphVisualizer\lib\javafx-sdk-22.0.2\bin\api-ms-win-crt-multibyte-l1-1-0.dll
0x000002427fec0000 - 0x000002427fed1000 	C:\Users\Ariel\IdeaProjects\GraphVisualizer\lib\javafx-sdk-22.0.2\bin\api-ms-win-crt-private-l1-1-0.dll
0x000002427fee0000 - 0x000002427fee4000 	C:\Users\Ariel\IdeaProjects\GraphVisualizer\lib\javafx-sdk-22.0.2\bin\api-ms-win-crt-process-l1-1-0.dll
0x000002427fef0000 - 0x000002427fef5000 	C:\Users\Ariel\IdeaProjects\GraphVisualizer\lib\javafx-sdk-22.0.2\bin\api-ms-win-crt-runtime-l1-1-0.dll
0x000002427ff00000 - 0x000002427ff05000 	C:\Users\Ariel\IdeaProjects\GraphVisualizer\lib\javafx-sdk-22.0.2\bin\api-ms-win-crt-stdio-l1-1-0.dll
0x000002427ff10000 - 0x000002427ff15000 	C:\Users\Ariel\IdeaProjects\GraphVisualizer\lib\javafx-sdk-22.0.2\bin\api-ms-win-crt-string-l1-1-0.dll
0x000002427ff20000 - 0x000002427ff24000 	C:\Users\Ariel\IdeaProjects\GraphVisualizer\lib\javafx-sdk-22.0.2\bin\api-ms-win-crt-time-l1-1-0.dll
0x000002427ff40000 - 0x000002427ff44000 	C:\Users\Ariel\IdeaProjects\GraphVisualizer\lib\javafx-sdk-22.0.2\bin\api-ms-win-crt-utility-l1-1-0.dll
0x00007ffd25830000 - 0x00007ffd25941000 	C:\Users\Ariel\IdeaProjects\GraphVisualizer\lib\javafx-sdk-22.0.2\bin\ucrtbase.dll
0x00007ffd52f90000 - 0x00007ffd52fab000 	C:\Users\Ariel\IdeaProjects\GraphVisualizer\lib\javafx-sdk-22.0.2\bin\vcruntime140.dll
0x00007ffd53180000 - 0x00007ffd5318c000 	C:\Users\Ariel\IdeaProjects\GraphVisualizer\lib\javafx-sdk-22.0.2\bin\vcruntime140_1.dll
0x00007ffd494c0000 - 0x00007ffd4954e000 	C:\Users\Ariel\IdeaProjects\GraphVisualizer\lib\javafx-sdk-22.0.2\bin\msvcp140.dll
0x00007ffd530b0000 - 0x00007ffd530b9000 	C:\Users\Ariel\IdeaProjects\GraphVisualizer\lib\javafx-sdk-22.0.2\bin\msvcp140_1.dll
0x00007ffd526a0000 - 0x00007ffd526e1000 	C:\Users\Ariel\IdeaProjects\GraphVisualizer\lib\javafx-sdk-22.0.2\bin\msvcp140_2.dll
0x00007ffd51a00000 - 0x00007ffd51a30000 	C:\Users\Ariel\IdeaProjects\GraphVisualizer\lib\javafx-sdk-22.0.2\bin\prism_d3d.dll
0x00007ffd47930000 - 0x00007ffd47ae1000 	C:\WINDOWS\system32\d3d9.dll
0x00007ffd5ffe0000 - 0x00007ffd6000b000 	C:\WINDOWS\SYSTEM32\dwmapi.dll
0x00007ffd5fe30000 - 0x00007ffd5fe74000 	C:\WINDOWS\SYSTEM32\dxcore.dll
0x00007ffd5fd50000 - 0x00007ffd5fdf8000 	C:\WINDOWS\system32\uxtheme.dll
0x00007ffd5fe80000 - 0x00007ffd5ffba000 	C:\WINDOWS\SYSTEM32\dxgi.dll
0x00007ffd629a0000 - 0x00007ffd629f7000 	C:\WINDOWS\SYSTEM32\cfgmgr32.dll
0x00007ffd634e0000 - 0x00007ffd63657000 	C:\WINDOWS\System32\CRYPT32.dll
0x00007ffd651a0000 - 0x00007ffd65338000 	C:\WINDOWS\System32\ole32.dll
0x00007ffd62d00000 - 0x00007ffd62d26000 	C:\WINDOWS\SYSTEM32\bcrypt.dll
0x00007ffd64460000 - 0x00007ffd648e7000 	C:\WINDOWS\System32\SETUPAPI.dll
0x00007ffd62970000 - 0x00007ffd6299d000 	C:\WINDOWS\SYSTEM32\DEVOBJ.dll
0x00007ffd639c0000 - 0x00007ffd63a3e000 	C:\WINDOWS\System32\WINTRUST.dll
0x00007ffd62540000 - 0x00007ffd62553000 	C:\WINDOWS\SYSTEM32\MSASN1.dll
0x00007ffd5c660000 - 0x00007ffd5c6c0000 	C:\WINDOWS\SYSTEM32\directxdatabasehelper.dll
0x00007ffd54050000 - 0x00007ffd57d4c000 	C:\WINDOWS\System32\DriverStore\FileRepository\iigd_dch.inf_amd64_9741ef1f4093481f\igc64.dll
0x00007ffd62210000 - 0x00007ffd6223b000 	C:\WINDOWS\SYSTEM32\USERENV.dll
0x00007ffd589d0000 - 0x00007ffd58c09000 	C:\WINDOWS\SYSTEM32\twinapi.appcore.dll
0x00007ffd49340000 - 0x00007ffd49385000 	C:\Users\Ariel\IdeaProjects\GraphVisualizer\lib\javafx-sdk-22.0.2\bin\glass.dll
0x00007ffd64f10000 - 0x00007ffd65001000 	C:\WINDOWS\System32\COMDLG32.dll
0x00007ffd65380000 - 0x00007ffd654d8000 	C:\WINDOWS\System32\MSCTF.dll
0x00007ffd64020000 - 0x00007ffd640d1000 	C:\WINDOWS\System32\clbcatq.dll
0x00007ffd31340000 - 0x00007ffd31490000 	C:\Windows\System32\Windows.UI.dll
0x00007ffd2adc0000 - 0x00007ffd2af0d000 	C:\Windows\System32\Windows.UI.Immersive.dll
0x00007ffd519a0000 - 0x00007ffd519b5000 	C:\Users\Ariel\IdeaProjects\GraphVisualizer\lib\javafx-sdk-22.0.2\bin\javafx_font.dll
0x00007ffd5e590000 - 0x00007ffd5e7f7000 	C:\WINDOWS\SYSTEM32\dwrite.dll
0x00007ffd5e350000 - 0x00007ffd5e57f000 	C:\WINDOWS\SYSTEM32\WindowsCodecs.dll
0x00007ffd25630000 - 0x00007ffd2568a000 	C:\WINDOWS\system32\dataexchange.dll
0x00007ffd51b10000 - 0x00007ffd51b3c000 	C:\Program Files\Common Files\Microsoft Shared\Ink\rtscom.dll
0x00007ffd50cc0000 - 0x00007ffd50e09000 	C:\WINDOWS\SYSTEM32\textinputframework.dll
0x00007ffd5f720000 - 0x00007ffd5f845000 	C:\WINDOWS\SYSTEM32\CoreMessaging.dll

dbghelp: loaded successfully - version: 4.0.5 - missing functions: none
symbol engine: initialized successfully - sym options: 0x614 - pdb path: .;C:\Program Files\Java\jdk-21\bin;C:\WINDOWS\SYSTEM32;C:\WINDOWS\WinSxS\amd64_microsoft.windows.common-controls_6595b64144ccf1df_6.0.26100.5074_none_3e0d6f78e32fd63f;C:\Program Files\Java\jdk-21\bin\server;C:\Users\Ariel\IdeaProjects\GraphVisualizer\lib\javafx-sdk-22.0.2\bin;C:\WINDOWS\System32\DriverStore\FileRepository\iigd_dch.inf_amd64_9741ef1f4093481f;C:\Program Files\Common Files\Microsoft Shared\Ink;C:\WINDOWS\WinSxS\amd64_microsoft.windows.common-controls_6595b64144ccf1df_5.82.26100.5074_none_87eb64a37a300c6e;C:\WINDOWS\WinSxS\amd64_microsoft.windows.gdiplus_6595b64144ccf1df_1.1.26100.5074_none_6ef8625e3dc2500d

VM Arguments:
jvm_args: -agentlib:jdwp=transport=dt_socket,address=127.0.0.1:54742,suspend=y,server=n --module-path=C:\Users\Ariel\IdeaProjects\GraphVisualizer\lib\javafx-sdk-22.0.2\lib --add-modules=javafx.controls,javafx.fxml -javaagent:C:\Users\Ariel\AppData\Local\JetBrains\IntelliJIdea2024.1\captureAgent\debugger-agent.jar -Dfile.encoding=UTF-8 -Dsun.stdout.encoding=UTF-8 -Dsun.stderr.encoding=UTF-8 
java_command: GraphVisualizer.GraphVisualizer
java_class_path (initial): C:\Users\Ariel\IdeaProjects\GraphVisualizer\out\production\GraphVisualizer;C:\Users\Ariel\IdeaProjects\GraphVisualizer\lib\javafx-sdk-22.0.2\lib\javafx-swt.jar;C:\Users\Ariel\IdeaProjects\GraphVisualizer\lib\javafx-sdk-22.0.2\lib\javafx.web.jar;C:\Users\Ariel\IdeaProjects\GraphVisualizer\lib\javafx-sdk-22.0.2\lib\javafx.base.jar;C:\Users\Ariel\IdeaProjects\GraphVisualizer\lib\javafx-sdk-22.0.2\lib\javafx.fxml.jar;C:\Users\Ariel\IdeaProjects\GraphVisualizer\lib\javafx-sdk-22.0.2\lib\javafx.media.jar;C:\Users\Ariel\IdeaProjects\GraphVisualizer\lib\javafx-sdk-22.0.2\lib\javafx.swing.jar;C:\Users\Ariel\IdeaProjects\GraphVisualizer\lib\javafx-sdk-22.0.2\lib\javafx.controls.jar;C:\Users\Ariel\IdeaProjects\GraphVisualizer\lib\javafx-sdk-22.0.2\lib\javafx.graphics.jar;C:\Program Files\JetBrains\IntelliJ IDEA 2024.1.4\lib\idea_rt.jar
Launcher Type: SUN_STANDARD

[Global flags]
     intx CICompilerCount                          = 12                                        {product} {ergonomic}
     uint ConcGCThreads                            = 3                                         {product} {ergonomic}
     uint G1ConcRefinementThreads                  = 13                                        {product} {ergonomic}
   size_t G1HeapRegionSize                         = 2097152                                   {product} {ergonomic}
    uintx GCDrainStackTargetSize                   = 64                                        {product} {ergonomic}
   size_t InitialHeapSize                          = 264241152                                 {product} {ergonomic}
   size_t MarkStackSize                            = 4194304                                   {product} {ergonomic}
   size_t MaxHeapSize                              = 4198498304                                {product} {ergonomic}
   size_t MaxNewSize                               = 2518679552                                {product} {ergonomic}
   size_t MinHeapDeltaBytes                        = 2097152                                   {product} {ergonomic}
   size_t MinHeapSize                              = 8388608                                   {product} {ergonomic}
    uintx NonNMethodCodeHeapSize                   = 7602480                                {pd product} {ergonomic}
    uintx NonProfiledCodeHeapSize                  = 122027880                              {pd product} {ergonomic}
    uintx ProfiledCodeHeapSize                     = 122027880                              {pd product} {ergonomic}
    uintx ReservedCodeCacheSize                    = 251658240                              {pd product} {ergonomic}
     bool SegmentedCodeCache                       = true                                      {product} {ergonomic}
   size_t SoftMaxHeapSize                          = 4198498304                             {manageable} {ergonomic}
     bool UseCompressedOops                        = true                           {product lp64_product} {ergonomic}
     bool UseG1GC                                  = true                                      {product} {ergonomic}
     bool UseLargePagesIndividualAllocation        = false                                  {pd product} {ergonomic}

Logging:
Log output configuration:
 #0: stdout all=off uptime,level,tags foldmultilines=false
 #1: stderr all=off uptime,level,tags foldmultilines=false

Environment Variables:
JAVA_HOME=C:\Program Files\Java\jdk-21
PATH=C:\Program Files\Eclipse Adoptium\jdk-17.0.16.8-hotspot\bin;C:\Program Files\Microsoft\jdk-11.0.12.7-hotspot\bin;C:\Program Files\Common Files\Oracle\Java\javapath;C:\Program Files (x86)\Common Files\Oracle\Java\java8path;C:\Program Files (x86)\Common Files\Oracle\Java\javapath;C:\Windows\system32;C:\Windows;C:\Windows\System32\Wbem;C:\Windows\System32\WindowsPowerShell\v1.0\;C:\Windows\System32\OpenSSH\;C:\Program Files\dotnet\;C:\WINDOWS\system32;C:\WINDOWS;C:\WINDOWS\System32\Wbem;C:\WINDOWS\System32\WindowsPowerShell\v1.0\;C:\WINDOWS\System32\OpenSSH\;C:\Program Files\Microsoft SQL Server\150\Tools\Binn\;C:\Program Files\Microsoft SQL Server\Client SDK\ODBC\170\Tools\Binn\;C:\Program Files\nodejs\;'C:\Users\Ariel\AppData\Local\Packages\PythonSoftwareFoundation.Python.3.11_qbz5n2kfra8p0\LocalCache\local-packages\Python311\Scripts;C:\Program Files\Git\cmd;C:\Program Files\Docker\Docker\resources\bin;C:\WINDOWS\system32;C:\WINDOWS;C:\WINDOWS\System32\Wbem;C:\WINDOWS\System32\WindowsPowerShell\v1.0\;C:\WINDOWS\System32\OpenSSH\;C:\Users\Ariel\Downloads\gradle-9.1.0-all\gradle-9.1.0\bin;C:\Program Files\GitExtensions\;C:\Program Files\Java\jdk-21\bin;C:\Users\Ariel\AppData\Local\Microsoft\WindowsApps;C:\Users\Ariel\.dotnet\tools;C:\Users\Ariel\AppData\Local\Programs\Microsoft VS Code\bin;C:\Program Files\JetBrains\IntelliJ IDEA 2023.2.4\bin;C:\Program Files\Java\jdk-21\bin;;C:\Program Files\JetBrains\IntelliJ IDEA Community Edition 2023.2.4\bin;;C:\Users\Ariel\AppData\Local\GitHubDesktop\bin;C:\Users\Ariel\AppData\Local\Microsoft\WinGet\Packages\Schniz.fnm_Microsoft.Winget.Source_8wekyb3d8bbwe;C:\Users\Ariel\AppData\Roaming\npm;C:\Users\Ariel\AppData\Local\Google\Cloud SDK\google-cloud-sdk\bin;
USERNAME=Ariel
OS=Windows_NT
PROCESSOR_IDENTIFIER=Intel64 Family 6 Model 154 Stepping 3, GenuineIntel
TMP=C:\Users\Ariel\AppData\Local\Temp
TEMP=C:\Users\Ariel\AppData\Local\Temp




Periodic native trim disabled

---------------  S Y S T E M  ---------------

OS:
 Windows 11 , 64 bit Build 26100 (10.0.26100.5074)
OS uptime: 27 days 19:53 hours
Hyper-V role detected

CPU: total 16 (initial active 16) (8 cores per cpu, 2 threads per core) family 6 model 154 stepping 3 microcode 0x421, cx8, cmov, fxsr, ht, mmx, 3dnowpref, sse, sse2, sse3, ssse3, sse4.1, sse4.2, popcnt, lzcnt, tsc, tscinvbit, avx, avx2, aes, erms, clmul, bmi1, bmi2, adx, sha, fma, vzeroupper, clflush, clflushopt, clwb, hv, serialize, rdtscp, rdpid, fsrm, f16c, cet_ibt, cet_ss
Processor Information for processor 0
  Max Mhz: 1700, Current Mhz: 1457, Mhz Limit: 1700
Processor Information for processor 1
  Max Mhz: 1700, Current Mhz: 1700, Mhz Limit: 1700
Processor Information for processor 2
  Max Mhz: 1700, Current Mhz: 1457, Mhz Limit: 1700
Processor Information for processor 3
  Max Mhz: 1700, Current Mhz: 1457, Mhz Limit: 1700
Processor Information for processor 4
  Max Mhz: 1700, Current Mhz: 1700, Mhz Limit: 1700
Processor Information for processor 5
  Max Mhz: 1700, Current Mhz: 1700, Mhz Limit: 1700
Processor Information for processor 6
  Max Mhz: 1700, Current Mhz: 1700, Mhz Limit: 1700
Processor Information for processor 7
  Max Mhz: 1700, Current Mhz: 1700, Mhz Limit: 1700
Processor Information for processor 8
  Max Mhz: 1700, Current Mhz: 1200, Mhz Limit: 1190
Processor Information for processor 9
  Max Mhz: 1700, Current Mhz: 1200, Mhz Limit: 1190
Processor Information for processor 10
  Max Mhz: 1700, Current Mhz: 1200, Mhz Limit: 1190
Processor Information for processor 11
  Max Mhz: 1700, Current Mhz: 1200, Mhz Limit: 1190
Processor Information for processor 12
  Max Mhz: 1700, Current Mhz: 1200, Mhz Limit: 1190
Processor Information for processor 13
  Max Mhz: 1700, Current Mhz: 1200, Mhz Limit: 1190
Processor Information for processor 14
  Max Mhz: 1700, Current Mhz: 1200, Mhz Limit: 1190
Processor Information for processor 15
  Max Mhz: 1700, Current Mhz: 1200, Mhz Limit: 1190

Memory: 4k page, system-wide physical 16008M (2022M free)
TotalPageFile size 39237M (AvailPageFile size 11744M)
current process WorkingSet (physical memory assigned to process): 497M, peak: 547M
current process commit charge ("private bytes"): 556M, peak: 612M

vm_info: Java HotSpot(TM) 64-Bit Server VM (21.0.8+12-LTS-250) for windows-amd64 JRE (21.0.8+12-LTS-250), built on 2025-06-27T08:11:22Z by "mach5one" with MS VC++ 17.6 (VS2022)

END.
