#
# A fatal error has been detected by the Java Runtime Environment:
#
#  EXCEPTION_ACCESS_VIOLATION (0xc0000005) at pc=0x00007ffd51ae82d7, pid=23060, tid=24100
#
# JRE version: Java(TM) SE Runtime Environment (21.0.8+12) (build 21.0.8+12-LTS-250)
# Java VM: Java HotSpot(TM) 64-Bit Server VM (21.0.8+12-LTS-250, mixed mode, sharing, tiered, compressed oops, compressed class ptrs, g1 gc, windows-amd64)
# Problematic frame:
# C  [glass.dll+0x282d7]
#
# No core dump will be written. Minidumps are not enabled by default on client versions of Windows
#
# If you would like to submit a bug report, please visit:
#   https://bugreport.java.com/bugreport/crash.jsp
#

---------------  S U M M A R Y ------------

Command Line: -agentlib:jdwp=transport=dt_socket,address=127.0.0.1:54755,suspend=y,server=n --module-path=C:\Users\Ariel\IdeaProjects\GraphVisualizer\lib\javafx-sdk-22.0.2\lib --add-modules=javafx.controls,javafx.fxml -javaagent:C:\Users\Ariel\AppData\Local\JetBrains\IntelliJIdea2024.1\captureAgent\debugger-agent.jar -Dfile.encoding=UTF-8 -Dsun.stdout.encoding=UTF-8 -Dsun.stderr.encoding=UTF-8 GraphVisualizer.GraphVisualizer

Host: 12th Gen Intel(R) Core(TM) i5-1240P, 16 cores, 15G,  Windows 11 , 64 bit Build 26100 (10.0.26100.5074)
Time: Sat Oct 25 16:20:47 2025 Jerusalem Summer Time elapsed time: 422.335941 seconds (0d 0h 7m 2s)

---------------  T H R E A D  ---------------

Current thread (0x000001f8ffcd40a0):  VMThread "VM Thread"          [id=24100, stack(0x0000005993700000,0x0000005993800000) (1024K)]

Stack: [0x0000005993700000,0x0000005993800000],  sp=0x00000059937ff420,  free space=1021k
Native frames: (J=compiled Java code, j=interpreted, Vv=VM code, C=native code)
C  [glass.dll+0x282d7]


siginfo: EXCEPTION_ACCESS_VIOLATION (0xc0000005), reading address 0x0000000000000000


Registers:
RAX=0x0000000000000000, RBX=0x000001f8e4323f62, RCX=0x000001f8ffcd40a0, RDX=0x00000059937ff420
RSP=0x00000059937ff420, RBP=0x00007acc723dcc66, RSI=0x000001f8e48af2f8, RDI=0x000001f8e48af2d0
R8 =0x0000000000010002, R9 =0x00007acc723dcc66, R10=0x000001f8fc540000, R11=0x00000059937ff508
R12=0x0000000000000001, R13=0x00007ffd51ae5be0, R14=0x00000059937ff528, R15=0x000001f8e48af2d0
RIP=0x00007ffd51ae82d7, EFLAGS=0x0000000000010206


Register to memory mapping:

RAX=0x0 is null
RBX=0x000001f8e4323f62 is a global jni handle
RCX=0x000001f8ffcd40a0 points into unknown readable memory: 0x00007ffceebb9830 | 30 98 bb ee fc 7f 00 00
RDX=0x00000059937ff420 points into unknown readable memory: 0x0000000000000000 | 00 00 00 00 00 00 00 00
RSP=0x00000059937ff420 points into unknown readable memory: 0x0000000000000000 | 00 00 00 00 00 00 00 00
RBP=0x00007acc723dcc66 is an unknown value
RSI=0x000001f8e48af2f8 points into unknown readable memory: 0x00007acc723dcc66 | 66 cc 3d 72 cc 7a 00 00
RDI=0x000001f8e48af2d0 points into unknown readable memory: 0x6b95c4cc72223332 | 32 33 22 72 cc c4 95 6b
R8 =0x0000000000010002 is an unknown value
R9 =0x00007acc723dcc66 is an unknown value
R10=0x000001f8fc540000 points into unknown readable memory: 0x0000000000000000 | 00 00 00 00 00 00 00 00
R11=0x00000059937ff508 points into unknown readable memory: 0x00007ffd51ae5a6d | 6d 5a ae 51 fd 7f 00 00
R12=0x0000000000000001 is an unknown value
R13=0x00007ffd51ae5be0 glass.dll
R14=0x00000059937ff528 points into unknown readable memory: 0x00000059937ff510 | 10 f5 7f 93 59 00 00 00
R15=0x000001f8e48af2d0 points into unknown readable memory: 0x6b95c4cc72223332 | 32 33 22 72 cc c4 95 6b

Top of Stack: (sp=0x00000059937ff420)
0x00000059937ff420:   0000000000000000 000001f800000000
0x00000059937ff430:   000001f8e4be5df0 0000000000000001
0x00000059937ff440:   000001f8e48af2d8 00007ffd637fbc75
0x00000059937ff450:   000001f8e48af2d0 000001f800000000
0x00000059937ff460:   000001f8e48af2f0 00007acc723dcc66
0x00000059937ff470:   fffffffffffffffe 00000059937ff4f8
0x00000059937ff480:   00007ffd51ac0000 00007ffd51ac0000
0x00000059937ff490:   00000059937ff518 00007ffd637fb897
0x00000059937ff4a0:   00000059937ff500 00000059937ff528
0x00000059937ff4b0:   00000059937ff810 00007ffd638e88c0
0x00000059937ff4c0:   0000000000000001 00007ffd637fb84d
0x00000059937ff4d0:   0000000000000000 0000000000000001
0x00000059937ff4e0:   0000000000000001 00000059937ff518
0x00000059937ff4f0:   fffffffffffffffe 000000007ffe0385
0x00000059937ff500:   0000000000000000 00007ffd51ae5a6d
0x00000059937ff510:   00007ffd51afd078 00007ffd00000002
0x00000059937ff520:   00007ffd00000002 00000059937ff510
0x00000059937ff530:   0000000000000000 0000cbd94a59bf1b
0x00000059937ff540:   0000000000000000 00007ffd51ae5b92
0x00000059937ff550:   0000000000000001 0000000000000001
0x00000059937ff560:   000000007ffe0385 00007ffd65cf4f8f
0x00000059937ff570:   00000059937ff810 00007ffd624311fe
0x00000059937ff580:   0000000000000001 0000000000000000
0x00000059937ff590:   0000000000000000 000000007ffe0384
0x00000059937ff5a0:   000001f8e44e9460 00007ffd65de0ede
0x00000059937ff5b0:   00007ffd51ac0000 000001f800000000
0x00000059937ff5c0:   0000000000000001 000000007ffe0385
0x00000059937ff5d0:   00007ffd51ae95a8 00007ffd65cf483e
0x00000059937ff5e0:   0000000000000000 0000000000000000
0x00000059937ff5f0:   0000000000000000 0000000000000000
0x00000059937ff600:   0000000000000000 0000000000000000
0x00000059937ff610:   0000000000000000 0000000000000000 

Instructions: (pc=0x00007ffd51ae82d7)
0x00007ffd51ae81d7:   8b 4d 58 e8 49 cf ff ff 48 8b 4d 60 e8 40 cf ff
0x00007ffd51ae81e7:   ff 48 8b 95 80 00 00 00 48 8b 8d 18 01 00 00 e8
0x00007ffd51ae81f7:   26 c5 ff ff 33 d2 33 c9 e8 8c e1 ff ff 90 48 89
0x00007ffd51ae8207:   54 24 10 55 48 83 ec 20 48 8b ea 48 b8 00 00 00
0x00007ffd51ae8217:   00 00 00 00 00 48 83 c4 20 5d c3 cc 40 55 48 8b
0x00007ffd51ae8227:   ea 48 8b 01 33 c9 81 38 05 00 00 c0 0f 94 c1 8b
0x00007ffd51ae8237:   c1 5d c3 cc 40 55 48 83 ec 20 48 8b ea 8a 4d 40
0x00007ffd51ae8247:   48 83 c4 20 5d e9 33 d3 ff ff cc 40 55 48 83 ec
0x00007ffd51ae8257:   20 48 8b ea 8a 4d 20 e8 21 d3 ff ff 90 48 83 c4
0x00007ffd51ae8267:   20 5d c3 cc 40 55 48 83 ec 20 48 8b ea 48 83 c4
0x00007ffd51ae8277:   20 5d e9 82 d1 ff ff cc 40 55 48 83 ec 30 48 8b
0x00007ffd51ae8287:   ea 48 8b 01 8b 10 48 89 4c 24 28 89 54 24 20 4c
0x00007ffd51ae8297:   8d 0d 23 d6 ff ff 4c 8b 45 70 8b 55 68 48 8b 4d
0x00007ffd51ae82a7:   60 e8 c3 d0 ff ff 90 48 83 c4 30 5d c3 cc cc cc
0x00007ffd51ae82b7:   cc cc cc cc cc cc cc cc cc 40 53 48 83 ec 20 48
0x00007ffd51ae82c7:   8b 1d 6b 47 01 00 48 85 db 74 16 e8 39 90 ff ff
0x00007ffd51ae82d7:   4c 8b 00 48 8b d3 48 8b c8 41 ff 90 b0 00 00 00
0x00007ffd51ae82e7:   90 48 83 c4 20 5b c3 cc cc 40 53 48 83 ec 20 48
0x00007ffd51ae82f7:   8b 1d ab 48 01 00 48 85 db 74 57 b8 ff ff ff ff
0x00007ffd51ae8307:   f0 0f c1 43 10 83 f8 01 75 3d 48 85 db 74 38 48
0x00007ffd51ae8317:   8b 0b 48 85 c9 74 0d ff 15 8c 0f 00 00 48 c7 03
0x00007ffd51ae8327:   00 00 00 00 48 8b 4b 08 48 85 c9 74 0d e8 ef cd
0x00007ffd51ae8337:   ff ff 48 c7 43 08 00 00 00 00 ba 18 00 00 00 48
0x00007ffd51ae8347:   8b cb e8 da cd ff ff 48 c7 05 4f 48 01 00 00 00
0x00007ffd51ae8357:   00 00 48 83 c4 20 5b c3 cc 40 53 48 83 ec 20 48
0x00007ffd51ae8367:   8b 1d 1b 48 01 00 48 85 db 74 57 b8 ff ff ff ff
0x00007ffd51ae8377:   f0 0f c1 43 10 83 f8 01 75 3d 48 85 db 74 38 48
0x00007ffd51ae8387:   8b 0b 48 85 c9 74 0d ff 15 1c 0f 00 00 48 c7 03
0x00007ffd51ae8397:   00 00 00 00 48 8b 4b 08 48 85 c9 74 0d e8 7f cd
0x00007ffd51ae83a7:   ff ff 48 c7 43 08 00 00 00 00 ba 18 00 00 00 48
0x00007ffd51ae83b7:   8b cb e8 6a cd ff ff 48 c7 05 bf 47 01 00 00 00
0x00007ffd51ae83c7:   00 00 48 83 c4 20 5b c3 cc 40 53 48 83 ec 20 48 


Stack slot to memory mapping:

stack at sp + 0 slots: 0x0 is null
stack at sp + 1 slots: 0x000001f800000000 is an unknown value
stack at sp + 2 slots: 0x000001f8e4be5df0 points into unknown readable memory: 0x000001f8e4be7110 | 10 71 be e4 f8 01 00 00
stack at sp + 3 slots: 0x0000000000000001 is an unknown value
stack at sp + 4 slots: 0x000001f8e48af2d8 points into unknown readable memory: 0x00007acc723dcc66 | 66 cc 3d 72 cc 7a 00 00
stack at sp + 5 slots: 0x00007ffd637fbc75 ucrtbase.dll
stack at sp + 6 slots: 0x000001f8e48af2d0 points into unknown readable memory: 0x6b95c4cc72223332 | 32 33 22 72 cc c4 95 6b
stack at sp + 7 slots: 0x000001f800000000 is an unknown value

VM_Operation (0x00000059942fedb0): Exit, mode: safepoint, requested by thread 0x000001f8edc16550


---------------  P R O C E S S  ---------------

Threads class SMR info:
_java_thread_list=0x000001f8ee035f60, length=24, elements={
0x000001f8fcad90e0, 0x000001f8ffcec2d0, 0x000001f89e604090, 0x000001f89e605500,
0x000001f89e608060, 0x000001f89e608ab0, 0x000001f89e609500, 0x000001f89e60a7c0,
0x000001f89e61c7a0, 0x000001f89e7863d0, 0x000001f8e42b8d70, 0x000001f8e431f0b0,
0x000001f8e4d51920, 0x000001f8e47ca4c0, 0x000001f8e5018b70, 0x000001f8e4f7ace0,
0x000001f8e50eaec0, 0x000001f8edc17270, 0x000001f8edc17900, 0x000001f8edc151a0,
0x000001f8edc17f90, 0x000001f8edc16550, 0x000001f8e4da97e0, 0x000001f8ee2d2d70
}

Java Threads: ( => current thread )
  0x000001f8fcad90e0 JavaThread "main"                              [_thread_blocked, id=1212, stack(0x0000005993000000,0x0000005993100000) (1024K)]
  0x000001f8ffcec2d0 JavaThread "Reference Handler"          daemon [_thread_blocked, id=27500, stack(0x0000005993800000,0x0000005993900000) (1024K)]
  0x000001f89e604090 JavaThread "Finalizer"                  daemon [_thread_blocked, id=19388, stack(0x0000005993900000,0x0000005993a00000) (1024K)]
  0x000001f89e605500 JavaThread "Signal Dispatcher"          daemon [_thread_blocked, id=29284, stack(0x0000005993a00000,0x0000005993b00000) (1024K)]
  0x000001f89e608060 JavaThread "Attach Listener"            daemon [_thread_blocked, id=54472, stack(0x0000005993b00000,0x0000005993c00000) (1024K)]
  0x000001f89e608ab0 JavaThread "Service Thread"             daemon [_thread_blocked, id=41732, stack(0x0000005993c00000,0x0000005993d00000) (1024K)]
  0x000001f89e609500 JavaThread "Monitor Deflation Thread"   daemon [_thread_blocked, id=10780, stack(0x0000005993d00000,0x0000005993e00000) (1024K)]
  0x000001f89e60a7c0 JavaThread "C2 CompilerThread0"         daemon [_thread_blocked, id=40296, stack(0x0000005993e00000,0x0000005993f00000) (1024K)]
  0x000001f89e61c7a0 JavaThread "C1 CompilerThread0"         daemon [_thread_blocked, id=50592, stack(0x0000005993f00000,0x0000005994000000) (1024K)]
  0x000001f89e7863d0 JavaThread "Common-Cleaner"             daemon [_thread_blocked, id=13560, stack(0x0000005994100000,0x0000005994200000) (1024K)]
  0x000001f8e42b8d70 JavaThread "JDWP Event Helper Thread"   daemon [_thread_blocked, id=60768, stack(0x0000005994c00000,0x0000005994d00000) (1024K)]
  0x000001f8e431f0b0 JavaThread "Notification Thread"        daemon [_thread_blocked, id=46220, stack(0x0000005994e00000,0x0000005994f00000) (1024K)]
  0x000001f8e4d51920 JavaThread "InvokeLaterDispatcher"      daemon [_thread_blocked, id=51292, stack(0x0000005994400000,0x0000005994500000) (1024K)]
  0x000001f8e47ca4c0 JavaThread "JavaFX Application Thread"         [_thread_blocked, id=29188, stack(0x0000005994500000,0x0000005994600000) (1024K)]
  0x000001f8e5018b70 JavaThread "JavaFX-Launcher"                   [_thread_blocked, id=11540, stack(0x0000005995a00000,0x0000005995b00000) (1024K)]
  0x000001f8e4f7ace0 JavaThread "Thread-2"                   daemon [_thread_in_native, id=60112, stack(0x0000005995900000,0x0000005995a00000) (1024K)]
  0x000001f8e50eaec0 JavaThread "Prism Font Disposer"        daemon [_thread_blocked, id=38824, stack(0x0000005996500000,0x0000005996600000) (1024K)]
  0x000001f8edc17270 JavaThread "Cleaner-0"                  daemon [_thread_blocked, id=31188, stack(0x0000005996700000,0x0000005996800000) (1024K)]
  0x000001f8edc17900 JavaThread "Java2D Disposer"            daemon [_thread_blocked, id=39236, stack(0x0000005995b00000,0x0000005995c00000) (1024K)]
  0x000001f8edc151a0 JavaThread "TimerQueue"                 daemon [_thread_blocked, id=8756, stack(0x0000005997100000,0x0000005997200000) (1024K)]
  0x000001f8edc17f90 JavaThread "AWT-Shutdown"                      [_thread_blocked, id=60496, stack(0x0000005994000000,0x0000005994100000) (1024K)]
  0x000001f8edc16550 JavaThread "SIGINT handler"             daemon [_thread_blocked, id=53852, stack(0x0000005994200000,0x0000005994300000) (1024K)]
  0x000001f8e4da97e0 JavaThread "C1 CompilerThread1"         daemon [_thread_blocked, id=12128, stack(0x0000005994300000,0x0000005994400000) (1024K)]
  0x000001f8ee2d2d70 JavaThread "C2 CompilerThread1"         daemon [_thread_blocked, id=45260, stack(0x0000005994600000,0x0000005994700000) (1024K)]
Total: 24

Other Threads:
=>0x000001f8ffcd40a0 VMThread "VM Thread"                           [id=24100, stack(0x0000005993700000,0x0000005993800000) (1024K)]
  0x000001f8fcb43850 WorkerThread "GC Thread#0"                     [id=43532, stack(0x0000005993100000,0x0000005993200000) (1024K)]
  0x000001f8e4eb6700 WorkerThread "GC Thread#1"                     [id=43256, stack(0x0000005994700000,0x0000005994800000) (1024K)]
  0x000001f8e4f00470 WorkerThread "GC Thread#2"                     [id=45944, stack(0x0000005994800000,0x0000005994900000) (1024K)]
  0x000001f8e4f00810 WorkerThread "GC Thread#3"                     [id=23192, stack(0x0000005994900000,0x0000005994a00000) (1024K)]
  0x000001f8e4f00bb0 WorkerThread "GC Thread#4"                     [id=44948, stack(0x0000005994a00000,0x0000005994b00000) (1024K)]
  0x000001f8e4f00f50 WorkerThread "GC Thread#5"                     [id=49820, stack(0x0000005995400000,0x0000005995500000) (1024K)]
  0x000001f8e5007f70 WorkerThread "GC Thread#6"                     [id=22964, stack(0x0000005995500000,0x0000005995600000) (1024K)]
  0x000001f8e4eeb300 WorkerThread "GC Thread#7"                     [id=1808, stack(0x0000005995600000,0x0000005995700000) (1024K)]
  0x000001f8e4eeabc0 WorkerThread "GC Thread#8"                     [id=55308, stack(0x0000005995700000,0x0000005995800000) (1024K)]
  0x000001f8e4eec180 WorkerThread "GC Thread#9"                     [id=29184, stack(0x0000005995800000,0x0000005995900000) (1024K)]
  0x000001f8e4eeb6a0 WorkerThread "GC Thread#10"                    [id=1856, stack(0x0000005996000000,0x0000005996100000) (1024K)]
  0x000001f8e4eeba40 WorkerThread "GC Thread#11"                    [id=12796, stack(0x0000005996100000,0x0000005996200000) (1024K)]
  0x000001f8e4eeaf60 WorkerThread "GC Thread#12"                    [id=36264, stack(0x0000005996200000,0x0000005996300000) (1024K)]
  0x000001f8fcb93010 ConcurrentGCThread "G1 Main Marker"            terminated
  0x000001f8fcb93b10 WorkerThread "G1 Conc#0"                       [id=24744, stack(0x0000005993300000,0x0000005993400000) (1024K)]
  0x000001f8edecc570 WorkerThread "G1 Conc#1"                       [id=50292, stack(0x0000005995e00000,0x0000005995f00000) (1024K)]
  0x000001f8edecd050 WorkerThread "G1 Conc#2"                       [id=53580, stack(0x0000005996600000,0x0000005996700000) (1024K)]
  0x000001f8ffb92430 ConcurrentGCThread "G1 Refine#0"               terminated
  0x000001f8ffb92fa0 ConcurrentGCThread "G1 Service"                terminated
Total: 20

Threads with active compile tasks:
C2 CompilerThread0   422576 6496 %     4       com.sun.javafx.css.SelectorPartitioning::match @ 544 (696 bytes)
C2 CompilerThread1   422576 6504       4       java.util.ArrayList::add (65 bytes)
Total: 2

VM state: at safepoint (shutting down)

VM Mutex/Monitor currently owned by a thread:  ([mutex/lock_event])
[0x00007ffceed80e50] Threads_lock - owner thread: 0x000001f8ffcd40a0
[0x00007ffceed80f50] Heap_lock - owner thread: 0x000001f8edc16550

Heap address: 0x0000000705c00000, size: 4004 MB, Compressed Oops mode: Zero based, Oop shift amount: 3

CDS archive(s) mapped at: [0x000001f89f000000-0x000001f89fc90000-0x000001f89fc90000), size 13172736, SharedBaseAddress: 0x000001f89f000000, ArchiveRelocationMode: 1.
Compressed class space mapped at: 0x000001f8a0000000-0x000001f8e0000000, reserved size: 1073741824
Narrow klass base: 0x000001f89f000000, Narrow klass shift: 0, Narrow klass range: 0x100000000

GC Precious Log:
 CardTable entry size: 512
 Card Set container configuration: InlinePtr #cards 4 size 8 Array Of Cards #cards 16 size 48 Howl #buckets 8 coarsen threshold 3686 Howl Bitmap #cards 512 size 80 coarsen threshold 460 Card regions per heap region 1 cards per card region 4096
 CPUs: 16 total, 16 available
 Memory: 16008M
 Large Page Support: Disabled
 NUMA Support: Disabled
 Compressed Oops: Enabled (Zero based)
 Heap Region Size: 2M
 Heap Min Capacity: 8M
 Heap Initial Capacity: 252M
 Heap Max Capacity: 4004M
 Pre-touch: Disabled
 Parallel Workers: 13
 Concurrent Workers: 3
 Concurrent Refinement Workers: 13
 Periodic GC: Disabled

Heap:
 garbage-first heap   total 102400K, used 61316K [0x0000000705c00000, 0x0000000800000000)
  region size 2048K, 18 young (36864K), 10 survivors (20480K)
 Metaspace       used 31352K, committed 31808K, reserved 1114112K
  class space    used 4172K, committed 4416K, reserved 1048576K

Heap Regions: E=young(eden), S=young(survivor), O=old, HS=humongous(starts), HC=humongous(continues), CS=collection set, F=free, TAMS=top-at-mark-start, PB=parsable bottom
|   0|0x0000000705c00000, 0x0000000705cc45a0, 0x0000000705e00000| 38%| O|Cm|TAMS 0x0000000705c00000| PB 0x0000000705c00000| Complete 
|   1|0x0000000705e00000, 0x0000000706000000, 0x0000000706000000|100%|HS|  |TAMS 0x0000000705e00000| PB 0x0000000705e00000| Complete 
|   2|0x0000000706000000, 0x0000000706200000, 0x0000000706200000|100%|HC|  |TAMS 0x0000000706000000| PB 0x0000000706000000| Complete 
|   3|0x0000000706200000, 0x0000000706400000, 0x0000000706400000|100%|HS|  |TAMS 0x0000000706200000| PB 0x0000000706200000| Complete 
|   4|0x0000000706400000, 0x0000000706600000, 0x0000000706600000|100%|HC|  |TAMS 0x0000000706400000| PB 0x0000000706400000| Complete 
|   5|0x0000000706600000, 0x0000000706600000, 0x0000000706800000|  0%| F|  |TAMS 0x0000000706600000| PB 0x0000000706600000| Untracked 
|   6|0x0000000706800000, 0x0000000706a00000, 0x0000000706a00000|100%|HS|  |TAMS 0x0000000706800000| PB 0x0000000706800000| Complete 
|   7|0x0000000706a00000, 0x0000000706c00000, 0x0000000706c00000|100%|HS|  |TAMS 0x0000000706a00000| PB 0x0000000706a00000| Complete 
|   8|0x0000000706c00000, 0x0000000706e00000, 0x0000000706e00000|100%|HS|  |TAMS 0x0000000706c00000| PB 0x0000000706c00000| Complete 
|   9|0x0000000706e00000, 0x0000000707000000, 0x0000000707000000|100%|HC|  |TAMS 0x0000000706e00000| PB 0x0000000706e00000| Complete 
|  10|0x0000000707000000, 0x0000000707200000, 0x0000000707200000|100%|HS|  |TAMS 0x0000000707000000| PB 0x0000000707000000| Complete 
|  11|0x0000000707200000, 0x0000000707400000, 0x0000000707400000|100%|HC|  |TAMS 0x0000000707200000| PB 0x0000000707200000| Complete 
|  12|0x0000000707400000, 0x0000000707400000, 0x0000000707600000|  0%| F|  |TAMS 0x0000000707400000| PB 0x0000000707400000| Untracked 
|  13|0x0000000707600000, 0x0000000707600000, 0x0000000707800000|  0%| F|  |TAMS 0x0000000707600000| PB 0x0000000707600000| Untracked 
|  14|0x0000000707800000, 0x0000000707800000, 0x0000000707a00000|  0%| F|  |TAMS 0x0000000707800000| PB 0x0000000707800000| Untracked 
|  15|0x0000000707a00000, 0x0000000707a00000, 0x0000000707c00000|  0%| F|  |TAMS 0x0000000707a00000| PB 0x0000000707a00000| Untracked 
|  16|0x0000000707c00000, 0x0000000707c00000, 0x0000000707e00000|  0%| F|  |TAMS 0x0000000707c00000| PB 0x0000000707c00000| Untracked 
|  17|0x0000000707e00000, 0x0000000707e00000, 0x0000000708000000|  0%| F|  |TAMS 0x0000000707e00000| PB 0x0000000707e00000| Untracked 
|  18|0x0000000708000000, 0x0000000708000000, 0x0000000708200000|  0%| F|  |TAMS 0x0000000708000000| PB 0x0000000708000000| Untracked 
|  19|0x0000000708200000, 0x0000000708200000, 0x0000000708400000|  0%| F|  |TAMS 0x0000000708200000| PB 0x0000000708200000| Untracked 
|  20|0x0000000708400000, 0x0000000708400000, 0x0000000708600000|  0%| F|  |TAMS 0x0000000708400000| PB 0x0000000708400000| Untracked 
|  21|0x0000000708600000, 0x0000000708600000, 0x0000000708800000|  0%| F|  |TAMS 0x0000000708600000| PB 0x0000000708600000| Untracked 
|  22|0x0000000708800000, 0x0000000708800000, 0x0000000708a00000|  0%| F|  |TAMS 0x0000000708800000| PB 0x0000000708800000| Untracked 
|  23|0x0000000708a00000, 0x0000000708a00000, 0x0000000708c00000|  0%| F|  |TAMS 0x0000000708a00000| PB 0x0000000708a00000| Untracked 
|  24|0x0000000708c00000, 0x0000000708c00000, 0x0000000708e00000|  0%| F|  |TAMS 0x0000000708c00000| PB 0x0000000708c00000| Untracked 
|  25|0x0000000708e00000, 0x0000000708e00000, 0x0000000709000000|  0%| F|  |TAMS 0x0000000708e00000| PB 0x0000000708e00000| Untracked 
|  26|0x0000000709000000, 0x0000000709000000, 0x0000000709200000|  0%| F|  |TAMS 0x0000000709000000| PB 0x0000000709000000| Untracked 
|  27|0x0000000709200000, 0x0000000709200000, 0x0000000709400000|  0%| F|  |TAMS 0x0000000709200000| PB 0x0000000709200000| Untracked 
|  28|0x0000000709400000, 0x0000000709400000, 0x0000000709600000|  0%| F|  |TAMS 0x0000000709400000| PB 0x0000000709400000| Untracked 
|  29|0x0000000709600000, 0x0000000709800000, 0x0000000709800000|100%| E|  |TAMS 0x0000000709600000| PB 0x0000000709600000| Complete 
|  30|0x0000000709800000, 0x0000000709a00000, 0x0000000709a00000|100%|HS|  |TAMS 0x0000000709800000| PB 0x0000000709800000| Complete 
|  31|0x0000000709a00000, 0x0000000709c00000, 0x0000000709c00000|100%|HC|  |TAMS 0x0000000709a00000| PB 0x0000000709a00000| Complete 
|  32|0x0000000709c00000, 0x0000000709e00000, 0x0000000709e00000|100%| S|CS|TAMS 0x0000000709c00000| PB 0x0000000709c00000| Complete 
|  33|0x0000000709e00000, 0x000000070a000000, 0x000000070a000000|100%| S|CS|TAMS 0x0000000709e00000| PB 0x0000000709e00000| Complete 
|  34|0x000000070a000000, 0x000000070a200000, 0x000000070a200000|100%| S|CS|TAMS 0x000000070a000000| PB 0x000000070a000000| Complete 
|  35|0x000000070a200000, 0x000000070a400000, 0x000000070a400000|100%| S|CS|TAMS 0x000000070a200000| PB 0x000000070a200000| Complete 
|  36|0x000000070a400000, 0x000000070a600000, 0x000000070a600000|100%| S|CS|TAMS 0x000000070a400000| PB 0x000000070a400000| Complete 
|  37|0x000000070a600000, 0x000000070a800000, 0x000000070a800000|100%| S|CS|TAMS 0x000000070a600000| PB 0x000000070a600000| Complete 
|  38|0x000000070a800000, 0x000000070aa00000, 0x000000070aa00000|100%| S|CS|TAMS 0x000000070a800000| PB 0x000000070a800000| Complete 
|  39|0x000000070aa00000, 0x000000070ac00000, 0x000000070ac00000|100%| S|CS|TAMS 0x000000070aa00000| PB 0x000000070aa00000| Complete 
|  40|0x000000070ac00000, 0x000000070ae00000, 0x000000070ae00000|100%| S|CS|TAMS 0x000000070ac00000| PB 0x000000070ac00000| Complete 
|  41|0x000000070ae00000, 0x000000070af427a0, 0x000000070b000000| 62%| S|CS|TAMS 0x000000070ae00000| PB 0x000000070ae00000| Complete 
|  91|0x0000000711200000, 0x0000000711400000, 0x0000000711400000|100%| E|CS|TAMS 0x0000000711200000| PB 0x0000000711200000| Complete 
|  92|0x0000000711400000, 0x0000000711600000, 0x0000000711600000|100%| E|CS|TAMS 0x0000000711400000| PB 0x0000000711400000| Complete 
|  93|0x0000000711600000, 0x0000000711800000, 0x0000000711800000|100%| E|CS|TAMS 0x0000000711600000| PB 0x0000000711600000| Complete 
|  94|0x0000000711800000, 0x0000000711a00000, 0x0000000711a00000|100%| E|CS|TAMS 0x0000000711800000| PB 0x0000000711800000| Complete 
|  95|0x0000000711a00000, 0x0000000711c00000, 0x0000000711c00000|100%| E|CS|TAMS 0x0000000711a00000| PB 0x0000000711a00000| Complete 
|  96|0x0000000711c00000, 0x0000000711e00000, 0x0000000711e00000|100%| E|CS|TAMS 0x0000000711c00000| PB 0x0000000711c00000| Complete 
| 125|0x0000000715600000, 0x0000000715800000, 0x0000000715800000|100%| E|CS|TAMS 0x0000000715600000| PB 0x0000000715600000| Complete 
|2001|0x00000007ffe00000, 0x00000007fffda628, 0x0000000800000000| 92%| O|  |TAMS 0x00000007ffe00000| PB 0x00000007ffe00000| Untracked 

Card table byte_map: [0x000001f8973d0000,0x000001f897bb0000] _byte_map_base: 0x000001f893ba2000

Marking Bits: (CMBitMap*) 0x000001f8fcb43f50
 Bits: [0x000001f897bb0000, 0x000001f89ba40000)

Polling page: 0x000001f8fc880000

Metaspace:

Usage:
  Non-class:     26.54 MB used.
      Class:      4.07 MB used.
       Both:     30.62 MB used.

Virtual space:
  Non-class space:       64.00 MB reserved,      26.75 MB ( 42%) committed,  1 nodes.
      Class space:        1.00 GB reserved,       4.31 MB ( <1%) committed,  1 nodes.
             Both:        1.06 GB reserved,      31.06 MB (  3%) committed. 

Chunk freelists:
   Non-Class:  5.23 MB
       Class:  11.61 MB
        Both:  16.84 MB

MaxMetaspaceSize: unlimited
CompressedClassSpaceSize: 1.00 GB
Initial GC threshold: 21.00 MB
Current GC threshold: 35.31 MB
CDS: on
 - commit_granule_bytes: 65536.
 - commit_granule_words: 8192.
 - virtual_space_node_default_size: 8388608.
 - enlarge_chunks_in_place: 1.
 - use_allocation_guard: 0.


Internal statistics:

num_allocs_failed_limit: 3.
num_arena_births: 492.
num_arena_deaths: 0.
num_vsnodes_births: 2.
num_vsnodes_deaths: 0.
num_space_committed: 497.
num_space_uncommitted: 0.
num_chunks_returned_to_freelist: 3.
num_chunks_taken_from_freelist: 1268.
num_chunk_merges: 3.
num_chunk_splits: 828.
num_chunks_enlarged: 565.
num_inconsistent_stats: 0.

CodeHeap 'non-profiled nmethods': size=119168Kb used=3070Kb max_used=3070Kb free=116097Kb
 bounds [0x000001f88ff70000, 0x000001f890270000, 0x000001f8973d0000]
CodeHeap 'profiled nmethods': size=119104Kb used=14226Kb max_used=14226Kb free=104877Kb
 bounds [0x000001f8883d0000, 0x000001f8891c0000, 0x000001f88f820000]
CodeHeap 'non-nmethods': size=7488Kb used=2682Kb max_used=3832Kb free=4805Kb
 bounds [0x000001f88f820000, 0x000001f88fbf0000, 0x000001f88ff70000]
 total_blobs=7518 nmethods=6503 adapters=915
 compilation: enabled
              stopped_count=0, restarted_count=0
 full_count=0

Compilation events (20 events):
Event: 421.677 Thread 0x000001f89e61c7a0 6505       3       javafx.scene.Scene$TargetWrapper::<init> (5 bytes)
Event: 421.677 Thread 0x000001f8e4da97e0 nmethod 6503 0x000001f8891add10 code [0x000001f8891adf20, 0x000001f8891ae758]
Event: 421.677 Thread 0x000001f8e4da97e0 6506       3       javafx.scene.Scene::getNodeOrientation (24 bytes)
Event: 421.678 Thread 0x000001f89e61c7a0 nmethod 6505 0x000001f8891aeb10 code [0x000001f8891aecc0, 0x000001f8891aee28]
Event: 421.678 Thread 0x000001f89e61c7a0 6512       3       javafx.collections.ListChangeBuilder::insertRemoved (319 bytes)
Event: 421.678 Thread 0x000001f8e4da97e0 nmethod 6506 0x000001f8891aef10 code [0x000001f8891af0e0, 0x000001f8891af580]
Event: 421.678 Thread 0x000001f8e4da97e0 6507       3       javafx.scene.Node$MiscProperties$3::computeBounds (60 bytes)
Event: 421.679 Thread 0x000001f8e4da97e0 nmethod 6507 0x000001f8891af710 code [0x000001f8891af980, 0x000001f8891b0420]
Event: 421.679 Thread 0x000001f8e4da97e0 6511       1       javafx.scene.text.Text::usesMirroring (2 bytes)
Event: 421.679 Thread 0x000001f8e4da97e0 nmethod 6511 0x000001f89026f890 code [0x000001f89026fa20, 0x000001f89026fae8]
Event: 421.680 Thread 0x000001f89e61c7a0 nmethod 6512 0x000001f8891b0710 code [0x000001f8891b0a80, 0x000001f8891b2508]
Event: 421.732 Thread 0x000001f8e4da97e0 6518       3       javafx.collections.FXCollections::observableArrayList (11 bytes)
Event: 421.732 Thread 0x000001f89e61c7a0 6519       3       javafx.collections.FXCollections::observableList (39 bytes)
Event: 421.733 Thread 0x000001f8e4da97e0 nmethod 6518 0x000001f8891b2d10 code [0x000001f8891b2ee0, 0x000001f8891b3240]
Event: 421.733 Thread 0x000001f89e61c7a0 nmethod 6519 0x000001f8891b3390 code [0x000001f8891b35c0, 0x000001f8891b3cf8]
Event: 421.733 Thread 0x000001f8ee2d2d70 6504       4       java.util.ArrayList::add (65 bytes)
Event: 421.741 Thread 0x000001f89e61c7a0 6520       3       java.util.Collections::singletonList (9 bytes)
Event: 421.741 Thread 0x000001f8e4da97e0 6521       3       java.util.Collections$SingletonList::<init> (10 bytes)
Event: 421.742 Thread 0x000001f8e4da97e0 nmethod 6521 0x000001f8891b3f10 code [0x000001f8891b40c0, 0x000001f8891b4350]
Event: 421.742 Thread 0x000001f89e61c7a0 nmethod 6520 0x000001f8891b4490 code [0x000001f8891b4660, 0x000001f8891b4988]

GC Heap History (8 events):
Event: 0.893 GC heap before
{Heap before GC invocations=0 (full 0):
 garbage-first heap   total 258048K, used 20480K [0x0000000705c00000, 0x0000000800000000)
  region size 2048K, 11 young (22528K), 0 survivors (0K)
 Metaspace       used 3878K, committed 4032K, reserved 1114112K
  class space    used 384K, committed 448K, reserved 1048576K
}
Event: 0.898 GC heap after
{Heap after GC invocations=1 (full 0):
 garbage-first heap   total 258048K, used 2533K [0x0000000705c00000, 0x0000000800000000)
  region size 2048K, 2 young (4096K), 2 survivors (4096K)
 Metaspace       used 3878K, committed 4032K, reserved 1114112K
  class space    used 384K, committed 448K, reserved 1048576K
}
Event: 2.330 GC heap before
{Heap before GC invocations=1 (full 0):
 garbage-first heap   total 258048K, used 41445K [0x0000000705c00000, 0x0000000800000000)
  region size 2048K, 22 young (45056K), 2 survivors (4096K)
 Metaspace       used 10399K, committed 10688K, reserved 1114112K
  class space    used 1357K, committed 1472K, reserved 1048576K
}
Event: 2.338 GC heap after
{Heap after GC invocations=2 (full 0):
 garbage-first heap   total 258048K, used 6929K [0x0000000705c00000, 0x0000000800000000)
  region size 2048K, 3 young (6144K), 3 survivors (6144K)
 Metaspace       used 10399K, committed 10688K, reserved 1114112K
  class space    used 1357K, committed 1472K, reserved 1048576K
}
Event: 4.861 GC heap before
{Heap before GC invocations=2 (full 0):
 garbage-first heap   total 258048K, used 68369K [0x0000000705c00000, 0x0000000800000000)
  region size 2048K, 29 young (59392K), 3 survivors (6144K)
 Metaspace       used 21250K, committed 21504K, reserved 1114112K
  class space    used 3020K, committed 3136K, reserved 1048576K
}
Event: 4.876 GC heap after
{Heap after GC invocations=3 (full 0):
 garbage-first heap   total 258048K, used 18366K [0x0000000705c00000, 0x0000000800000000)
  region size 2048K, 6 young (12288K), 6 survivors (12288K)
 Metaspace       used 21250K, committed 21504K, reserved 1114112K
  class space    used 3020K, committed 3136K, reserved 1048576K
}
Event: 18.446 GC heap before
{Heap before GC invocations=4 (full 0):
 garbage-first heap   total 79872K, used 77758K [0x0000000705c00000, 0x0000000800000000)
  region size 2048K, 29 young (59392K), 6 survivors (12288K)
 Metaspace       used 30806K, committed 31232K, reserved 1114112K
  class space    used 4108K, committed 4288K, reserved 1048576K
}
Event: 18.457 GC heap after
{Heap after GC invocations=5 (full 0):
 garbage-first heap   total 102400K, used 38788K [0x0000000705c00000, 0x0000000800000000)
  region size 2048K, 10 young (20480K), 10 survivors (20480K)
 Metaspace       used 30806K, committed 31232K, reserved 1114112K
  class space    used 4108K, committed 4288K, reserved 1048576K
}

Dll operation events (20 events):
Event: 0.545 Loaded shared library C:\Users\Ariel\IdeaProjects\GraphVisualizer\lib\javafx-sdk-22.0.2\bin\api-ms-win-crt-private-l1-1-0.dll
Event: 0.547 Loaded shared library C:\Users\Ariel\IdeaProjects\GraphVisualizer\lib\javafx-sdk-22.0.2\bin\api-ms-win-crt-process-l1-1-0.dll
Event: 0.548 Loaded shared library C:\Users\Ariel\IdeaProjects\GraphVisualizer\lib\javafx-sdk-22.0.2\bin\api-ms-win-crt-runtime-l1-1-0.dll
Event: 0.550 Loaded shared library C:\Users\Ariel\IdeaProjects\GraphVisualizer\lib\javafx-sdk-22.0.2\bin\api-ms-win-crt-stdio-l1-1-0.dll
Event: 0.552 Loaded shared library C:\Users\Ariel\IdeaProjects\GraphVisualizer\lib\javafx-sdk-22.0.2\bin\api-ms-win-crt-string-l1-1-0.dll
Event: 0.554 Loaded shared library C:\Users\Ariel\IdeaProjects\GraphVisualizer\lib\javafx-sdk-22.0.2\bin\api-ms-win-crt-time-l1-1-0.dll
Event: 0.556 Loaded shared library C:\Users\Ariel\IdeaProjects\GraphVisualizer\lib\javafx-sdk-22.0.2\bin\api-ms-win-crt-utility-l1-1-0.dll
Event: 0.558 Loaded shared library C:\Users\Ariel\IdeaProjects\GraphVisualizer\lib\javafx-sdk-22.0.2\bin\ucrtbase.dll
Event: 0.560 Loaded shared library C:\Users\Ariel\IdeaProjects\GraphVisualizer\lib\javafx-sdk-22.0.2\bin\vcruntime140.dll
Event: 0.561 Loaded shared library C:\Users\Ariel\IdeaProjects\GraphVisualizer\lib\javafx-sdk-22.0.2\bin\vcruntime140_1.dll
Event: 0.563 Loaded shared library C:\Users\Ariel\IdeaProjects\GraphVisualizer\lib\javafx-sdk-22.0.2\bin\msvcp140.dll
Event: 0.565 Loaded shared library C:\Users\Ariel\IdeaProjects\GraphVisualizer\lib\javafx-sdk-22.0.2\bin\msvcp140_1.dll
Event: 0.567 Loaded shared library C:\Users\Ariel\IdeaProjects\GraphVisualizer\lib\javafx-sdk-22.0.2\bin\msvcp140_2.dll
Event: 0.623 Loaded shared library C:\Users\Ariel\IdeaProjects\GraphVisualizer\lib\javafx-sdk-22.0.2\bin\prism_d3d.dll
Event: 0.754 Loaded shared library C:\Users\Ariel\IdeaProjects\GraphVisualizer\lib\javafx-sdk-22.0.2\bin\glass.dll
Event: 0.951 Loaded shared library C:\Program Files\Java\jdk-21\bin\jimage.dll
Event: 1.907 Loaded shared library C:\Users\Ariel\IdeaProjects\GraphVisualizer\lib\javafx-sdk-22.0.2\bin\javafx_font.dll
Event: 4.763 Loaded shared library C:\Program Files\Java\jdk-21\bin\awt.dll
Event: 5.119 Loaded shared library C:\Program Files\Java\jdk-21\bin\freetype.dll
Event: 5.121 Loaded shared library C:\Program Files\Java\jdk-21\bin\fontmanager.dll

Deoptimization events (20 events):
Event: 421.639 Thread 0x000001f8e47ca4c0 DEOPT PACKING pc=0x000001f88875d164 sp=0x00000059945f88c0
Event: 421.639 Thread 0x000001f8e47ca4c0 DEOPT UNPACKING pc=0x000001f88f874e42 sp=0x00000059945f7e10 mode 1
Event: 421.639 Thread 0x000001f8e47ca4c0 DEOPT PACKING pc=0x000001f88917682c sp=0x00000059945f89d0
Event: 421.639 Thread 0x000001f8e47ca4c0 DEOPT UNPACKING pc=0x000001f88f874e42 sp=0x00000059945f8030 mode 1
Event: 421.640 Thread 0x000001f8e47ca4c0 DEOPT PACKING pc=0x000001f8887611d4 sp=0x00000059945f9100
Event: 421.640 Thread 0x000001f8e47ca4c0 DEOPT UNPACKING pc=0x000001f88f874e42 sp=0x00000059945f85d8 mode 1
Event: 421.720 Thread 0x000001f8e47ca4c0 Uncommon trap: trap_request=0xffffffc6 fr.pc=0x000001f890262c54 relative=0x0000000000000754
Event: 421.720 Thread 0x000001f8e47ca4c0 Uncommon trap: reason=bimorphic_or_optimized_type_check action=maybe_recompile pc=0x000001f890262c54 method=java.lang.Throwable.<init>()V @ 24 c2
Event: 421.720 Thread 0x000001f8e47ca4c0 DEOPT PACKING pc=0x000001f890262c54 sp=0x00000059945f81d0
Event: 421.720 Thread 0x000001f8e47ca4c0 DEOPT UNPACKING pc=0x000001f88f8746a2 sp=0x00000059945f81a0 mode 2
Event: 421.720 Thread 0x000001f8e47ca4c0 DEOPT PACKING pc=0x000001f888f9be9e sp=0x00000059945f8f30
Event: 421.720 Thread 0x000001f8e47ca4c0 DEOPT UNPACKING pc=0x000001f88f874e42 sp=0x00000059945f8408 mode 1
Event: 421.720 Thread 0x000001f8e47ca4c0 DEOPT PACKING pc=0x000001f888f4615c sp=0x00000059945f8fb0
Event: 421.720 Thread 0x000001f8e47ca4c0 DEOPT UNPACKING pc=0x000001f88f874e42 sp=0x00000059945f84a8 mode 1
Event: 421.720 Thread 0x000001f8e47ca4c0 DEOPT PACKING pc=0x000001f888f43744 sp=0x00000059945f9050
Event: 421.720 Thread 0x000001f8e47ca4c0 DEOPT UNPACKING pc=0x000001f88f874e42 sp=0x00000059945f84f8 mode 1
Event: 421.720 Thread 0x000001f8e47ca4c0 DEOPT PACKING pc=0x000001f888f48ba4 sp=0x00000059945f90b0
Event: 421.720 Thread 0x000001f8e47ca4c0 DEOPT UNPACKING pc=0x000001f88f874e42 sp=0x00000059945f8548 mode 1
Event: 421.720 Thread 0x000001f8e47ca4c0 DEOPT PACKING pc=0x000001f8888230fc sp=0x00000059945f9320
Event: 421.720 Thread 0x000001f8e47ca4c0 DEOPT UNPACKING pc=0x000001f88f874e42 sp=0x00000059945f87a8 mode 1

Classes loaded (20 events):
Event: 421.736 Loading class javafx/beans/Observable
Event: 421.736 Loading class javafx/beans/Observable done
Event: 421.736 Loading class javafx/scene/control/Alert
Event: 421.736 Loading class javafx/scene/control/Alert done
Event: 421.736 Loading class javafx/collections/ListChangeListener$Change
Event: 421.736 Loading class javafx/collections/ListChangeListener$Change done
Event: 421.736 Loading class javafx/collections/ListChangeListener$Change
Event: 421.736 Loading class javafx/collections/ListChangeListener$Change done
Event: 421.740 Loading class javafx/scene/control/DialogPane
Event: 421.740 Loading class javafx/scene/control/DialogPane done
Event: 421.740 Loading class javafx/event/Event
Event: 421.740 Loading class javafx/event/Event done
Event: 421.740 Loading class javafx/scene/control/ButtonType
Event: 421.740 Loading class javafx/scene/control/ButtonType done
Event: 421.740 Loading class javafx/event/ActionEvent
Event: 421.740 Loading class javafx/event/ActionEvent done
Event: 421.741 Loading class javafx/scene/control/Alert
Event: 421.741 Loading class javafx/scene/control/Alert done
Event: 421.741 Loading class javafx/beans/Observable
Event: 421.741 Loading class javafx/beans/Observable done

Classes unloaded (0 events):
No events

Classes redefined (0 events):
No events

Internal exceptions (20 events):
Event: 4.764 Thread 0x000001f8e47ca4c0 Exception <a 'java/io/FileNotFoundException'{0x00000007120f5728}> (0x00000007120f5728) 
thrown [s\open\src\hotspot\share\prims\jni.cpp, line 520]
Event: 4.765 Thread 0x000001f8e47ca4c0 Exception <a 'java/io/FileNotFoundException'{0x00000007120f7468}> (0x00000007120f7468) 
thrown [s\open\src\hotspot\share\prims\jni.cpp, line 520]
Event: 4.877 Thread 0x000001f8e47ca4c0 Implicit null exception at 0x000001f8900c885a to 0x000001f8900cf7bc
Event: 4.909 Thread 0x000001f8e47ca4c0 Exception <a 'java/lang/NoSuchMethodError'{0x0000000715622e70}: 'java.lang.Object java.lang.invoke.DirectMethodHandle$Holder.invokeStatic(java.lang.Object, int, java.lang.Object)'> (0x0000000715622e70) 
thrown [s\open\src\hotspot\share\interpreter\linkResolver.cpp, line 773]
Event: 4.945 Thread 0x000001f8e47ca4c0 Exception <a 'java/lang/ClassNotFoundException'{0x00000007156f6528}: com/sun/swing/internal/plaf/metal/resources/spi/metalProvider> (0x00000007156f6528) 
thrown [s\open\src\hotspot\share\classfile\systemDictionary.cpp, line 312]
Event: 4.947 Thread 0x000001f8e47ca4c0 Exception <a 'java/lang/ClassNotFoundException'{0x00000007156fd378}: com/sun/swing/internal/plaf/basic/resources/spi/basicProvider> (0x00000007156fd378) 
thrown [s\open\src\hotspot\share\classfile\systemDictionary.cpp, line 312]
Event: 4.970 Thread 0x000001f8edc16be0 Exception <a 'java/lang/NoSuchMethodError'{0x00000007097f5af0}: 'java.lang.Object java.lang.invoke.DirectMethodHandle$Holder.newInvokeSpecial(java.lang.Object, java.lang.Object, java.lang.Object, int, int, int, int, int)'> (0x00000007097f5af0) 
thrown [s\open\src\hotspot\share\interpreter\linkResolver.cpp, line 773]
Event: 5.014 Thread 0x000001f8e47ca4c0 Exception <a 'java/lang/NoSuchMethodError'{0x00000007094d88b8}: 'int java.lang.invoke.Invokers$Holder.invokeExact_MT(java.lang.Object, java.lang.Object)'> (0x00000007094d88b8) 
thrown [s\open\src\hotspot\share\interpreter\linkResolver.cpp, line 773]
Event: 6.004 Thread 0x000001f8e47ca4c0 Exception <a 'java/lang/NoSuchMethodError'{0x0000000708d62cb8}: 'int java.lang.invoke.DirectMethodHandle$Holder.invokeStatic(java.lang.Object)'> (0x0000000708d62cb8) 
thrown [s\open\src\hotspot\share\interpreter\linkResolver.cpp, line 773]
Event: 15.489 Thread 0x000001f8e47ca4c0 Exception <a 'java/lang/NoSuchMethodError'{0x00000007074a5a48}: 'long java.lang.invoke.DirectMethodHandle$Holder.invokeSpecial(java.lang.Object, java.lang.Object)'> (0x00000007074a5a48) 
thrown [s\open\src\hotspot\share\interpreter\linkResolver.cpp, line 773]
Event: 15.489 Thread 0x000001f8e47ca4c0 Exception <a 'java/lang/NoSuchMethodError'{0x00000007074a93d0}: 'long java.lang.invoke.Invokers$Holder.invokeExact_MT(java.lang.Object, java.lang.Object)'> (0x00000007074a93d0) 
thrown [s\open\src\hotspot\share\interpreter\linkResolver.cpp, line 773]
Event: 15.503 Thread 0x000001f8e47ca4c0 Exception <a 'java/lang/NoSuchMethodError'{0x00000007074f83e0}: static LGraphVisualizer/DirectedEdge;.<clinit>()V> (0x00000007074f83e0) 
thrown [s\open\src\hotspot\share\prims\jni.cpp, line 1111]
Event: 15.505 Thread 0x000001f8e47ca4c0 Exception <a 'java/lang/NoSuchMethodError'{0x00000007075146e8}: static LGraphVisualizer/Graph$GraphNode;.<clinit>()V> (0x00000007075146e8) 
thrown [s\open\src\hotspot\share\prims\jni.cpp, line 1111]
Event: 16.792 Thread 0x000001f8e47ca4c0 Exception <a 'java/lang/NoSuchMethodError'{0x0000000706fdb0b8}: 'java.lang.Object java.lang.invoke.DirectMethodHandle$Holder.newInvokeSpecial(java.lang.Object, java.lang.Object, java.lang.Object, double, double, double, double, int, int, int, int, int, int, int, int, int)'> (0x0000000706fdb0b8) 
thrown [s\open\src\hotspot\share\interpreter\linkResolver.cpp, line 773]
Event: 21.155 Thread 0x000001f8e47ca4c0 Exception <a 'java/lang/NoSuchMethodError'{0x00000007119dfc50}: 'java.lang.Object java.lang.invoke.DirectMethodHandle$Holder.invokeSpecial(java.lang.Object, java.lang.Object, int, int, int, int, int, java.lang.Object)'> (0x00000007119dfc50) 
thrown [s\open\src\hotspot\share\interpreter\linkResolver.cpp, line 773]
Event: 21.156 Thread 0x000001f8e47ca4c0 Exception <a 'java/lang/NoSuchMethodError'{0x00000007119e6f50}: 'java.lang.Object java.lang.invoke.DirectMethodHandle$Holder.newInvokeSpecial(java.lang.Object, java.lang.Object, int, int, int, int, int, java.lang.Object)'> (0x00000007119e6f50) 
thrown [s\open\src\hotspot\share\interpreter\linkResolver.cpp, line 773]
Event: 21.157 Thread 0x000001f8e47ca4c0 Exception <a 'java/lang/NoSuchMethodError'{0x00000007119f1fa0}: 'java.lang.Object java.lang.invoke.DirectMethodHandle$Holder.invokeSpecial(java.lang.Object, java.lang.Object, java.lang.Object, int, int, int, int, int)'> (0x00000007119f1fa0) 
thrown [s\open\src\hotspot\share\interpreter\linkResolver.cpp, line 773]
Event: 421.630 Thread 0x000001f8e4f7ace0 Exception <a 'java/lang/NullPointerException'{0x0000000711719aa8}> (0x0000000711719aa8) 
thrown [s\open\src\hotspot\share\prims\jni.cpp, line 900]
Event: 421.720 Thread 0x000001f8e47ca4c0 Implicit null exception at 0x000001f888f9ba35 to 0x000001f888f9be99
Event: 421.720 Thread 0x000001f8e47ca4c0 Exception <a 'java/lang/NullPointerException'{0x00000007096b2118}> (0x00000007096b2118) 
thrown [s\open\src\hotspot\share\runtime\sharedRuntime.cpp, line 625]

ZGC Phase Switch (0 events):
No events

VM Operations (20 events):
Event: 67.001 Executing VM operation: get/set locals done
Event: 68.816 Executing VM operation: get/set locals
Event: 68.816 Executing VM operation: get/set locals done
Event: 68.816 Executing VM operation: get/set locals
Event: 68.816 Executing VM operation: get/set locals done
Event: 68.816 Executing VM operation: get/set locals
Event: 68.816 Executing VM operation: get/set locals done
Event: 68.817 Executing VM operation: get/set locals
Event: 68.817 Executing VM operation: get/set locals done
Event: 68.817 Executing VM operation: get/set locals
Event: 68.817 Executing VM operation: get/set locals done
Event: 68.817 Executing VM operation: get/set locals
Event: 68.817 Executing VM operation: get/set locals done
Event: 421.588 Executing VM operation: ChangeBreakpoints
Event: 421.588 Executing VM operation: ChangeBreakpoints done
Event: 421.588 Executing VM operation: ChangeBreakpoints
Event: 421.588 Executing VM operation: ChangeBreakpoints done
Event: 421.588 Executing VM operation: ChangeBreakpoints
Event: 421.588 Executing VM operation: ChangeBreakpoints done
Event: 421.743 Executing VM operation: Exit

Events (20 events):
Event: 39.597 Thread 0x000001f8f0cc81e0 Thread exited: 0x000001f8f0cc81e0
Event: 421.585 Thread 0x000001f8e42b9600 Thread exited: 0x000001f8e42b9600
Event: 421.586 Thread 0x000001f8edc17f90 Thread added: 0x000001f8edc17f90
Event: 421.594 Thread 0x000001f89e92f840 Thread exited: 0x000001f89e92f840
Event: 421.626 Thread 0x000001f8edc16550 Thread added: 0x000001f8edc16550
Event: 421.627 Thread 0x000001f8edc16be0 Thread added: 0x000001f8edc16be0
Event: 421.627 Thread 0x000001f8f157ae30 Thread added: 0x000001f8f157ae30
Event: 421.627 Thread 0x000001f8f15793f0 Thread added: 0x000001f8f15793f0
Event: 421.627 Thread 0x000001f8f1579a80 Thread added: 0x000001f8f1579a80
Event: 421.627 Thread 0x000001f8f157a110 Thread added: 0x000001f8f157a110
Event: 421.628 Thread 0x000001f8edc16be0 Thread exited: 0x000001f8edc16be0
Event: 421.629 Thread 0x000001f8f15793f0 Thread exited: 0x000001f8f15793f0
Event: 421.629 Thread 0x000001f8f157a110 Thread exited: 0x000001f8f157a110
Event: 421.632 Thread 0x000001f8f157ae30 Thread exited: 0x000001f8f157ae30
Event: 421.636 Thread 0x000001f8edc14b10 Thread exited: 0x000001f8edc14b10
Event: 421.639 Thread 0x000001f8edc15830 Thread exited: 0x000001f8edc15830
Event: 421.646 Thread 0x000001f8e4da97e0 Thread added: 0x000001f8e4da97e0
Event: 421.706 Thread 0x000001f8e4417980 Thread exited: 0x000001f8e4417980
Event: 421.733 Thread 0x000001f8ee2d2d70 Thread added: 0x000001f8ee2d2d70
Event: 421.743 Thread 0x000001f8f1579a80 Thread exited: 0x000001f8f1579a80


Dynamic libraries:
0x00007ff7cec70000 - 0x00007ff7cec80000 	C:\Program Files\Java\jdk-21\bin\java.exe
0x00007ffd65c80000 - 0x00007ffd65ee9000 	C:\WINDOWS\SYSTEM32\ntdll.dll
0x00007ffd64bc0000 - 0x00007ffd64c89000 	C:\WINDOWS\System32\KERNEL32.DLL
0x00007ffd62f80000 - 0x00007ffd63373000 	C:\WINDOWS\System32\KERNELBASE.dll
0x00007ffd637b0000 - 0x00007ffd638fb000 	C:\WINDOWS\System32\ucrtbase.dll
0x00007ffd53ae0000 - 0x00007ffd53afb000 	C:\Program Files\Java\jdk-21\bin\VCRUNTIME140.dll
0x00007ffd5fa70000 - 0x00007ffd5fa89000 	C:\Program Files\Java\jdk-21\bin\jli.dll
0x00007ffd64cc0000 - 0x00007ffd64d74000 	C:\WINDOWS\System32\ADVAPI32.dll
0x00007ffd64ab0000 - 0x00007ffd64b59000 	C:\WINDOWS\System32\msvcrt.dll
0x00007ffd64d80000 - 0x00007ffd64e26000 	C:\WINDOWS\System32\sechost.dll
0x00007ffd642c0000 - 0x00007ffd643d8000 	C:\WINDOWS\System32\RPCRT4.dll
0x00007ffd63dd0000 - 0x00007ffd63f94000 	C:\WINDOWS\System32\USER32.dll
0x00007ffd634b0000 - 0x00007ffd634d7000 	C:\WINDOWS\System32\win32u.dll
0x00007ffd64c90000 - 0x00007ffd64cbb000 	C:\WINDOWS\System32\GDI32.dll
0x00007ffd63380000 - 0x00007ffd634ad000 	C:\WINDOWS\System32\gdi32full.dll
0x00007ffd63700000 - 0x00007ffd637a3000 	C:\WINDOWS\System32\msvcp_win.dll
0x00007ffd474e0000 - 0x00007ffd47773000 	C:\WINDOWS\WinSxS\amd64_microsoft.windows.common-controls_6595b64144ccf1df_6.0.26100.5074_none_3e0d6f78e32fd63f\COMCTL32.dll
0x00007ffd59530000 - 0x00007ffd5953b000 	C:\WINDOWS\SYSTEM32\VERSION.dll
0x00007ffd65340000 - 0x00007ffd6536f000 	C:\WINDOWS\System32\IMM32.DLL
0x00007ffd539a0000 - 0x00007ffd539ac000 	C:\Program Files\Java\jdk-21\bin\vcruntime140_1.dll
0x00007ffd49c30000 - 0x00007ffd49cbe000 	C:\Program Files\Java\jdk-21\bin\msvcp140.dll
0x00007ffcee140000 - 0x00007ffceee5d000 	C:\Program Files\Java\jdk-21\bin\server\jvm.dll
0x00007ffd63fa0000 - 0x00007ffd64014000 	C:\WINDOWS\System32\WS2_32.dll
0x00007ffd62c70000 - 0x00007ffd62cce000 	C:\WINDOWS\SYSTEM32\POWRPROF.dll
0x00007ffd590d0000 - 0x00007ffd59105000 	C:\WINDOWS\SYSTEM32\WINMM.dll
0x00007ffd62c50000 - 0x00007ffd62c64000 	C:\WINDOWS\SYSTEM32\UMPDC.dll
0x00007ffd61bf0000 - 0x00007ffd61c0b000 	C:\WINDOWS\SYSTEM32\kernel.appcore.dll
0x00007ffd53990000 - 0x00007ffd5399a000 	C:\Program Files\Java\jdk-21\bin\jimage.dll
0x00007ffd60750000 - 0x00007ffd60992000 	C:\WINDOWS\SYSTEM32\DBGHELP.DLL
0x00007ffd63a50000 - 0x00007ffd63dcb000 	C:\WINDOWS\System32\combase.dll
0x00007ffd649d0000 - 0x00007ffd64aa7000 	C:\WINDOWS\System32\OLEAUT32.dll
0x00007ffd44140000 - 0x00007ffd4417d000 	C:\WINDOWS\SYSTEM32\dbgcore.DLL
0x00007ffd63660000 - 0x00007ffd636f9000 	C:\WINDOWS\System32\bcryptPrimitives.dll
0x00007ffd52930000 - 0x00007ffd5296c000 	C:\Program Files\Java\jdk-21\bin\jdwp.dll
0x00007ffd53970000 - 0x00007ffd5397f000 	C:\Program Files\Java\jdk-21\bin\instrument.dll
0x00007ffd53710000 - 0x00007ffd5372f000 	C:\Program Files\Java\jdk-21\bin\java.dll
0x00007ffd53690000 - 0x00007ffd536a8000 	C:\Program Files\Java\jdk-21\bin\zip.dll
0x00007ffd654f0000 - 0x00007ffd65c3d000 	C:\WINDOWS\System32\SHELL32.dll
0x00007ffd62e10000 - 0x00007ffd62f7c000 	C:\WINDOWS\System32\wintypes.dll
0x00007ffd60a40000 - 0x00007ffd61299000 	C:\WINDOWS\SYSTEM32\windows.storage.dll
0x00007ffd650a0000 - 0x00007ffd65190000 	C:\WINDOWS\System32\SHCORE.dll
0x00007ffd64960000 - 0x00007ffd649c2000 	C:\WINDOWS\System32\shlwapi.dll
0x00007ffd62d30000 - 0x00007ffd62d59000 	C:\WINDOWS\SYSTEM32\profapi.dll
0x00007ffd40f30000 - 0x00007ffd41007000 	C:\Program Files\Java\jdk-21\bin\jsvml.dll
0x00007ffd53650000 - 0x00007ffd53660000 	C:\Program Files\Java\jdk-21\bin\net.dll
0x00007ffd58cb0000 - 0x00007ffd58dcf000 	C:\WINDOWS\SYSTEM32\WINHTTP.dll
0x00007ffd62170000 - 0x00007ffd621db000 	C:\WINDOWS\system32\mswsock.dll
0x00007ffd53100000 - 0x00007ffd53116000 	C:\Program Files\Java\jdk-21\bin\nio.dll
0x00007ffd53640000 - 0x00007ffd5364c000 	C:\Program Files\Java\jdk-21\bin\dt_socket.dll
0x00007ffd61640000 - 0x00007ffd61674000 	C:\WINDOWS\SYSTEM32\IPHLPAPI.DLL
0x000001f89eb00000 - 0x000001f89eb04000 	C:\Users\Ariel\IdeaProjects\GraphVisualizer\lib\javafx-sdk-22.0.2\bin\api-ms-win-core-console-l1-1-0.dll
0x000001f89eb10000 - 0x000001f89eb14000 	C:\Users\Ariel\IdeaProjects\GraphVisualizer\lib\javafx-sdk-22.0.2\bin\api-ms-win-core-console-l1-2-0.dll
0x000001f89eb20000 - 0x000001f89eb24000 	C:\Users\Ariel\IdeaProjects\GraphVisualizer\lib\javafx-sdk-22.0.2\bin\api-ms-win-core-datetime-l1-1-0.dll
0x000001f89eb30000 - 0x000001f89eb34000 	C:\Users\Ariel\IdeaProjects\GraphVisualizer\lib\javafx-sdk-22.0.2\bin\api-ms-win-core-debug-l1-1-0.dll
0x000001f89eb40000 - 0x000001f89eb44000 	C:\Users\Ariel\IdeaProjects\GraphVisualizer\lib\javafx-sdk-22.0.2\bin\api-ms-win-core-errorhandling-l1-1-0.dll
0x000001f89eb50000 - 0x000001f89eb55000 	C:\Users\Ariel\IdeaProjects\GraphVisualizer\lib\javafx-sdk-22.0.2\bin\api-ms-win-core-file-l1-1-0.dll
0x000001f89eb60000 - 0x000001f89eb64000 	C:\Users\Ariel\IdeaProjects\GraphVisualizer\lib\javafx-sdk-22.0.2\bin\api-ms-win-core-file-l1-2-0.dll
0x000001f89eb70000 - 0x000001f89eb74000 	C:\Users\Ariel\IdeaProjects\GraphVisualizer\lib\javafx-sdk-22.0.2\bin\api-ms-win-core-file-l2-1-0.dll
0x000001f89eb80000 - 0x000001f89eb84000 	C:\Users\Ariel\IdeaProjects\GraphVisualizer\lib\javafx-sdk-22.0.2\bin\api-ms-win-core-handle-l1-1-0.dll
0x000001f89eb90000 - 0x000001f89eb94000 	C:\Users\Ariel\IdeaProjects\GraphVisualizer\lib\javafx-sdk-22.0.2\bin\api-ms-win-core-heap-l1-1-0.dll
0x000001f89eba0000 - 0x000001f89eba4000 	C:\Users\Ariel\IdeaProjects\GraphVisualizer\lib\javafx-sdk-22.0.2\bin\api-ms-win-core-interlocked-l1-1-0.dll
0x000001f89ebb0000 - 0x000001f89ebb4000 	C:\Users\Ariel\IdeaProjects\GraphVisualizer\lib\javafx-sdk-22.0.2\bin\api-ms-win-core-libraryloader-l1-1-0.dll
0x000001f89ebc0000 - 0x000001f89ebc4000 	C:\Users\Ariel\IdeaProjects\GraphVisualizer\lib\javafx-sdk-22.0.2\bin\api-ms-win-core-localization-l1-2-0.dll
0x000001f89ebd0000 - 0x000001f89ebd4000 	C:\Users\Ariel\IdeaProjects\GraphVisualizer\lib\javafx-sdk-22.0.2\bin\api-ms-win-core-memory-l1-1-0.dll
0x000001f89ebe0000 - 0x000001f89ebe4000 	C:\Users\Ariel\IdeaProjects\GraphVisualizer\lib\javafx-sdk-22.0.2\bin\api-ms-win-core-namedpipe-l1-1-0.dll
0x000001f89ebf0000 - 0x000001f89ebf4000 	C:\Users\Ariel\IdeaProjects\GraphVisualizer\lib\javafx-sdk-22.0.2\bin\api-ms-win-core-processenvironment-l1-1-0.dll
0x000001f89ec00000 - 0x000001f89ec04000 	C:\Users\Ariel\IdeaProjects\GraphVisualizer\lib\javafx-sdk-22.0.2\bin\api-ms-win-core-processthreads-l1-1-0.dll
0x000001f89ec10000 - 0x000001f89ec14000 	C:\Users\Ariel\IdeaProjects\GraphVisualizer\lib\javafx-sdk-22.0.2\bin\api-ms-win-core-processthreads-l1-1-1.dll
0x000001f89ec20000 - 0x000001f89ec24000 	C:\Users\Ariel\IdeaProjects\GraphVisualizer\lib\javafx-sdk-22.0.2\bin\api-ms-win-core-profile-l1-1-0.dll
0x000001f89ec30000 - 0x000001f89ec34000 	C:\Users\Ariel\IdeaProjects\GraphVisualizer\lib\javafx-sdk-22.0.2\bin\api-ms-win-core-rtlsupport-l1-1-0.dll
0x000001f89ec40000 - 0x000001f89ec44000 	C:\Users\Ariel\IdeaProjects\GraphVisualizer\lib\javafx-sdk-22.0.2\bin\api-ms-win-core-string-l1-1-0.dll
0x000001f89ec50000 - 0x000001f89ec54000 	C:\Users\Ariel\IdeaProjects\GraphVisualizer\lib\javafx-sdk-22.0.2\bin\api-ms-win-core-synch-l1-1-0.dll
0x000001f89ec60000 - 0x000001f89ec64000 	C:\Users\Ariel\IdeaProjects\GraphVisualizer\lib\javafx-sdk-22.0.2\bin\api-ms-win-core-synch-l1-2-0.dll
0x000001f89ec70000 - 0x000001f89ec74000 	C:\Users\Ariel\IdeaProjects\GraphVisualizer\lib\javafx-sdk-22.0.2\bin\api-ms-win-core-sysinfo-l1-1-0.dll
0x000001f89ec80000 - 0x000001f89ec84000 	C:\Users\Ariel\IdeaProjects\GraphVisualizer\lib\javafx-sdk-22.0.2\bin\api-ms-win-core-timezone-l1-1-0.dll
0x000001f89ec90000 - 0x000001f89ec94000 	C:\Users\Ariel\IdeaProjects\GraphVisualizer\lib\javafx-sdk-22.0.2\bin\api-ms-win-core-util-l1-1-0.dll
0x000001f89eca0000 - 0x000001f89eca4000 	C:\Users\Ariel\IdeaProjects\GraphVisualizer\lib\javafx-sdk-22.0.2\bin\api-ms-win-crt-conio-l1-1-0.dll
0x000001f89ecb0000 - 0x000001f89ecb5000 	C:\Users\Ariel\IdeaProjects\GraphVisualizer\lib\javafx-sdk-22.0.2\bin\api-ms-win-crt-convert-l1-1-0.dll
0x000001f89ecc0000 - 0x000001f89ecc4000 	C:\Users\Ariel\IdeaProjects\GraphVisualizer\lib\javafx-sdk-22.0.2\bin\api-ms-win-crt-environment-l1-1-0.dll
0x000001f89ecd0000 - 0x000001f89ecd4000 	C:\Users\Ariel\IdeaProjects\GraphVisualizer\lib\javafx-sdk-22.0.2\bin\api-ms-win-crt-filesystem-l1-1-0.dll
0x000001f89ece0000 - 0x000001f89ece4000 	C:\Users\Ariel\IdeaProjects\GraphVisualizer\lib\javafx-sdk-22.0.2\bin\api-ms-win-crt-heap-l1-1-0.dll
0x000001f89ecf0000 - 0x000001f89ecf4000 	C:\Users\Ariel\IdeaProjects\GraphVisualizer\lib\javafx-sdk-22.0.2\bin\api-ms-win-crt-locale-l1-1-0.dll
0x000001f89ed00000 - 0x000001f89ed06000 	C:\Users\Ariel\IdeaProjects\GraphVisualizer\lib\javafx-sdk-22.0.2\bin\api-ms-win-crt-math-l1-1-0.dll
0x000001f89ed10000 - 0x000001f89ed16000 	C:\Users\Ariel\IdeaProjects\GraphVisualizer\lib\javafx-sdk-22.0.2\bin\api-ms-win-crt-multibyte-l1-1-0.dll
0x000001f89ed20000 - 0x000001f89ed31000 	C:\Users\Ariel\IdeaProjects\GraphVisualizer\lib\javafx-sdk-22.0.2\bin\api-ms-win-crt-private-l1-1-0.dll
0x000001f89ed40000 - 0x000001f89ed44000 	C:\Users\Ariel\IdeaProjects\GraphVisualizer\lib\javafx-sdk-22.0.2\bin\api-ms-win-crt-process-l1-1-0.dll
0x000001f89ed50000 - 0x000001f89ed55000 	C:\Users\Ariel\IdeaProjects\GraphVisualizer\lib\javafx-sdk-22.0.2\bin\api-ms-win-crt-runtime-l1-1-0.dll
0x000001f89ed60000 - 0x000001f89ed65000 	C:\Users\Ariel\IdeaProjects\GraphVisualizer\lib\javafx-sdk-22.0.2\bin\api-ms-win-crt-stdio-l1-1-0.dll
0x000001f89ed70000 - 0x000001f89ed75000 	C:\Users\Ariel\IdeaProjects\GraphVisualizer\lib\javafx-sdk-22.0.2\bin\api-ms-win-crt-string-l1-1-0.dll
0x000001f89ed80000 - 0x000001f89ed84000 	C:\Users\Ariel\IdeaProjects\GraphVisualizer\lib\javafx-sdk-22.0.2\bin\api-ms-win-crt-time-l1-1-0.dll
0x000001f89ed90000 - 0x000001f89ed94000 	C:\Users\Ariel\IdeaProjects\GraphVisualizer\lib\javafx-sdk-22.0.2\bin\api-ms-win-crt-utility-l1-1-0.dll
0x00007ffd30d30000 - 0x00007ffd30e41000 	C:\Users\Ariel\IdeaProjects\GraphVisualizer\lib\javafx-sdk-22.0.2\bin\ucrtbase.dll
0x00007ffd53020000 - 0x00007ffd5303b000 	C:\Users\Ariel\IdeaProjects\GraphVisualizer\lib\javafx-sdk-22.0.2\bin\vcruntime140.dll
0x00007ffd53180000 - 0x00007ffd5318c000 	C:\Users\Ariel\IdeaProjects\GraphVisualizer\lib\javafx-sdk-22.0.2\bin\vcruntime140_1.dll
0x00007ffd496a0000 - 0x00007ffd4972e000 	C:\Users\Ariel\IdeaProjects\GraphVisualizer\lib\javafx-sdk-22.0.2\bin\msvcp140.dll
0x00007ffd530b0000 - 0x00007ffd530b9000 	C:\Users\Ariel\IdeaProjects\GraphVisualizer\lib\javafx-sdk-22.0.2\bin\msvcp140_1.dll
0x00007ffd526a0000 - 0x00007ffd526e1000 	C:\Users\Ariel\IdeaProjects\GraphVisualizer\lib\javafx-sdk-22.0.2\bin\msvcp140_2.dll
0x00007ffd52f80000 - 0x00007ffd52fb0000 	C:\Users\Ariel\IdeaProjects\GraphVisualizer\lib\javafx-sdk-22.0.2\bin\prism_d3d.dll
0x00007ffd47930000 - 0x00007ffd47ae1000 	C:\WINDOWS\system32\d3d9.dll
0x00007ffd5ffe0000 - 0x00007ffd6000b000 	C:\WINDOWS\SYSTEM32\dwmapi.dll
0x00007ffd5fe30000 - 0x00007ffd5fe74000 	C:\WINDOWS\SYSTEM32\dxcore.dll
0x00007ffd5fd50000 - 0x00007ffd5fdf8000 	C:\WINDOWS\system32\uxtheme.dll
0x00007ffd5fe80000 - 0x00007ffd5ffba000 	C:\WINDOWS\SYSTEM32\dxgi.dll
0x00007ffd629a0000 - 0x00007ffd629f7000 	C:\WINDOWS\SYSTEM32\cfgmgr32.dll
0x00007ffd634e0000 - 0x00007ffd63657000 	C:\WINDOWS\System32\CRYPT32.dll
0x00007ffd651a0000 - 0x00007ffd65338000 	C:\WINDOWS\System32\ole32.dll
0x00007ffd62d00000 - 0x00007ffd62d26000 	C:\WINDOWS\SYSTEM32\bcrypt.dll
0x00007ffd64460000 - 0x00007ffd648e7000 	C:\WINDOWS\System32\SETUPAPI.dll
0x00007ffd62970000 - 0x00007ffd6299d000 	C:\WINDOWS\SYSTEM32\DEVOBJ.dll
0x00007ffd639c0000 - 0x00007ffd63a3e000 	C:\WINDOWS\System32\WINTRUST.dll
0x00007ffd62540000 - 0x00007ffd62553000 	C:\WINDOWS\SYSTEM32\MSASN1.dll
0x00007ffd5c660000 - 0x00007ffd5c6c0000 	C:\WINDOWS\SYSTEM32\directxdatabasehelper.dll
0x00007ffd54050000 - 0x00007ffd57d4c000 	C:\WINDOWS\System32\DriverStore\FileRepository\iigd_dch.inf_amd64_9741ef1f4093481f\igc64.dll
0x00007ffd62210000 - 0x00007ffd6223b000 	C:\WINDOWS\SYSTEM32\USERENV.dll
0x00007ffd589d0000 - 0x00007ffd58c09000 	C:\WINDOWS\SYSTEM32\twinapi.appcore.dll
0x00007ffd51ac0000 - 0x00007ffd51b05000 	C:\Users\Ariel\IdeaProjects\GraphVisualizer\lib\javafx-sdk-22.0.2\bin\glass.dll
0x00007ffd64f10000 - 0x00007ffd65001000 	C:\WINDOWS\System32\COMDLG32.dll
0x00007ffd65380000 - 0x00007ffd654d8000 	C:\WINDOWS\System32\MSCTF.dll
0x00007ffd64020000 - 0x00007ffd640d1000 	C:\WINDOWS\System32\clbcatq.dll
0x00007ffd31340000 - 0x00007ffd31490000 	C:\Windows\System32\Windows.UI.dll
0x00007ffd2adc0000 - 0x00007ffd2af0d000 	C:\Windows\System32\Windows.UI.Immersive.dll
0x00007ffd52910000 - 0x00007ffd52925000 	C:\Users\Ariel\IdeaProjects\GraphVisualizer\lib\javafx-sdk-22.0.2\bin\javafx_font.dll
0x00007ffd5e590000 - 0x00007ffd5e7f7000 	C:\WINDOWS\SYSTEM32\dwrite.dll
0x00007ffd5e350000 - 0x00007ffd5e57f000 	C:\WINDOWS\SYSTEM32\WindowsCodecs.dll
0x00007ffd25630000 - 0x00007ffd2568a000 	C:\WINDOWS\system32\dataexchange.dll
0x00007ffd51b10000 - 0x00007ffd51b3c000 	C:\Program Files\Common Files\Microsoft Shared\Ink\rtscom.dll
0x00007ffd50cc0000 - 0x00007ffd50e09000 	C:\WINDOWS\SYSTEM32\textinputframework.dll
0x00007ffd5f720000 - 0x00007ffd5f845000 	C:\WINDOWS\SYSTEM32\CoreMessaging.dll

dbghelp: loaded successfully - version: 4.0.5 - missing functions: none
symbol engine: initialized successfully - sym options: 0x614 - pdb path: .;C:\Program Files\Java\jdk-21\bin;C:\WINDOWS\SYSTEM32;C:\WINDOWS\WinSxS\amd64_microsoft.windows.common-controls_6595b64144ccf1df_6.0.26100.5074_none_3e0d6f78e32fd63f;C:\Program Files\Java\jdk-21\bin\server;C:\Users\Ariel\IdeaProjects\GraphVisualizer\lib\javafx-sdk-22.0.2\bin;C:\WINDOWS\System32\DriverStore\FileRepository\iigd_dch.inf_amd64_9741ef1f4093481f;C:\Program Files\Common Files\Microsoft Shared\Ink;C:\WINDOWS\WinSxS\amd64_microsoft.windows.common-controls_6595b64144ccf1df_5.82.26100.5074_none_87eb64a37a300c6e;C:\WINDOWS\WinSxS\amd64_microsoft.windows.gdiplus_6595b64144ccf1df_1.1.26100.5074_none_6ef8625e3dc2500d

VM Arguments:
jvm_args: -agentlib:jdwp=transport=dt_socket,address=127.0.0.1:54755,suspend=y,server=n --module-path=C:\Users\Ariel\IdeaProjects\GraphVisualizer\lib\javafx-sdk-22.0.2\lib --add-modules=javafx.controls,javafx.fxml -javaagent:C:\Users\Ariel\AppData\Local\JetBrains\IntelliJIdea2024.1\captureAgent\debugger-agent.jar -Dfile.encoding=UTF-8 -Dsun.stdout.encoding=UTF-8 -Dsun.stderr.encoding=UTF-8 
java_command: GraphVisualizer.GraphVisualizer
java_class_path (initial): C:\Users\Ariel\IdeaProjects\GraphVisualizer\out\production\GraphVisualizer;C:\Users\Ariel\IdeaProjects\GraphVisualizer\lib\javafx-sdk-22.0.2\lib\javafx-swt.jar;C:\Users\Ariel\IdeaProjects\GraphVisualizer\lib\javafx-sdk-22.0.2\lib\javafx.web.jar;C:\Users\Ariel\IdeaProjects\GraphVisualizer\lib\javafx-sdk-22.0.2\lib\javafx.base.jar;C:\Users\Ariel\IdeaProjects\GraphVisualizer\lib\javafx-sdk-22.0.2\lib\javafx.fxml.jar;C:\Users\Ariel\IdeaProjects\GraphVisualizer\lib\javafx-sdk-22.0.2\lib\javafx.media.jar;C:\Users\Ariel\IdeaProjects\GraphVisualizer\lib\javafx-sdk-22.0.2\lib\javafx.swing.jar;C:\Users\Ariel\IdeaProjects\GraphVisualizer\lib\javafx-sdk-22.0.2\lib\javafx.controls.jar;C:\Users\Ariel\IdeaProjects\GraphVisualizer\lib\javafx-sdk-22.0.2\lib\javafx.graphics.jar;C:\Program Files\JetBrains\IntelliJ IDEA 2024.1.4\lib\idea_rt.jar
Launcher Type: SUN_STANDARD

[Global flags]
     intx CICompilerCount                          = 12                                        {product} {ergonomic}
     uint ConcGCThreads                            = 3                                         {product} {ergonomic}
     uint G1ConcRefinementThreads                  = 13                                        {product} {ergonomic}
   size_t G1HeapRegionSize                         = 2097152                                   {product} {ergonomic}
    uintx GCDrainStackTargetSize                   = 64                                        {product} {ergonomic}
   size_t InitialHeapSize                          = 264241152                                 {product} {ergonomic}
   size_t MarkStackSize                            = 4194304                                   {product} {ergonomic}
   size_t MaxHeapSize                              = 4198498304                                {product} {ergonomic}
   size_t MaxNewSize                               = 2518679552                                {product} {ergonomic}
   size_t MinHeapDeltaBytes                        = 2097152                                   {product} {ergonomic}
   size_t MinHeapSize                              = 8388608                                   {product} {ergonomic}
    uintx NonNMethodCodeHeapSize                   = 7602480                                {pd product} {ergonomic}
    uintx NonProfiledCodeHeapSize                  = 122027880                              {pd product} {ergonomic}
    uintx ProfiledCodeHeapSize                     = 122027880                              {pd product} {ergonomic}
    uintx ReservedCodeCacheSize                    = 251658240                              {pd product} {ergonomic}
     bool SegmentedCodeCache                       = true                                      {product} {ergonomic}
   size_t SoftMaxHeapSize                          = 4198498304                             {manageable} {ergonomic}
     bool UseCompressedOops                        = true                           {product lp64_product} {ergonomic}
     bool UseG1GC                                  = true                                      {product} {ergonomic}
     bool UseLargePagesIndividualAllocation        = false                                  {pd product} {ergonomic}

Logging:
Log output configuration:
 #0: stdout all=off uptime,level,tags foldmultilines=false
 #1: stderr all=off uptime,level,tags foldmultilines=false

Environment Variables:
JAVA_HOME=C:\Program Files\Java\jdk-21
PATH=C:\Program Files\Eclipse Adoptium\jdk-17.0.16.8-hotspot\bin;C:\Program Files\Microsoft\jdk-11.0.12.7-hotspot\bin;C:\Program Files\Common Files\Oracle\Java\javapath;C:\Program Files (x86)\Common Files\Oracle\Java\java8path;C:\Program Files (x86)\Common Files\Oracle\Java\javapath;C:\Windows\system32;C:\Windows;C:\Windows\System32\Wbem;C:\Windows\System32\WindowsPowerShell\v1.0\;C:\Windows\System32\OpenSSH\;C:\Program Files\dotnet\;C:\WINDOWS\system32;C:\WINDOWS;C:\WINDOWS\System32\Wbem;C:\WINDOWS\System32\WindowsPowerShell\v1.0\;C:\WINDOWS\System32\OpenSSH\;C:\Program Files\Microsoft SQL Server\150\Tools\Binn\;C:\Program Files\Microsoft SQL Server\Client SDK\ODBC\170\Tools\Binn\;C:\Program Files\nodejs\;'C:\Users\Ariel\AppData\Local\Packages\PythonSoftwareFoundation.Python.3.11_qbz5n2kfra8p0\LocalCache\local-packages\Python311\Scripts;C:\Program Files\Git\cmd;C:\Program Files\Docker\Docker\resources\bin;C:\WINDOWS\system32;C:\WINDOWS;C:\WINDOWS\System32\Wbem;C:\WINDOWS\System32\WindowsPowerShell\v1.0\;C:\WINDOWS\System32\OpenSSH\;C:\Users\Ariel\Downloads\gradle-9.1.0-all\gradle-9.1.0\bin;C:\Program Files\GitExtensions\;C:\Program Files\Java\jdk-21\bin;C:\Users\Ariel\AppData\Local\Microsoft\WindowsApps;C:\Users\Ariel\.dotnet\tools;C:\Users\Ariel\AppData\Local\Programs\Microsoft VS Code\bin;C:\Program Files\JetBrains\IntelliJ IDEA 2023.2.4\bin;C:\Program Files\Java\jdk-21\bin;;C:\Program Files\JetBrains\IntelliJ IDEA Community Edition 2023.2.4\bin;;C:\Users\Ariel\AppData\Local\GitHubDesktop\bin;C:\Users\Ariel\AppData\Local\Microsoft\WinGet\Packages\Schniz.fnm_Microsoft.Winget.Source_8wekyb3d8bbwe;C:\Users\Ariel\AppData\Roaming\npm;C:\Users\Ariel\AppData\Local\Google\Cloud SDK\google-cloud-sdk\bin;
USERNAME=Ariel
OS=Windows_NT
PROCESSOR_IDENTIFIER=Intel64 Family 6 Model 154 Stepping 3, GenuineIntel
TMP=C:\Users\Ariel\AppData\Local\Temp
TEMP=C:\Users\Ariel\AppData\Local\Temp




Periodic native trim disabled

---------------  S Y S T E M  ---------------

OS:
 Windows 11 , 64 bit Build 26100 (10.0.26100.5074)
OS uptime: 27 days 20:04 hours
Hyper-V role detected

CPU: total 16 (initial active 16) (8 cores per cpu, 2 threads per core) family 6 model 154 stepping 3 microcode 0x421, cx8, cmov, fxsr, ht, mmx, 3dnowpref, sse, sse2, sse3, ssse3, sse4.1, sse4.2, popcnt, lzcnt, tsc, tscinvbit, avx, avx2, aes, erms, clmul, bmi1, bmi2, adx, sha, fma, vzeroupper, clflush, clflushopt, clwb, hv, serialize, rdtscp, rdpid, fsrm, f16c, cet_ibt, cet_ss
Processor Information for processor 0
  Max Mhz: 1700, Current Mhz: 1700, Mhz Limit: 1700
Processor Information for processor 1
  Max Mhz: 1700, Current Mhz: 1700, Mhz Limit: 1700
Processor Information for processor 2
  Max Mhz: 1700, Current Mhz: 1700, Mhz Limit: 1700
Processor Information for processor 3
  Max Mhz: 1700, Current Mhz: 1700, Mhz Limit: 1700
Processor Information for processor 4
  Max Mhz: 1700, Current Mhz: 1700, Mhz Limit: 1700
Processor Information for processor 5
  Max Mhz: 1700, Current Mhz: 1700, Mhz Limit: 1700
Processor Information for processor 6
  Max Mhz: 1700, Current Mhz: 1700, Mhz Limit: 1700
Processor Information for processor 7
  Max Mhz: 1700, Current Mhz: 1700, Mhz Limit: 1700
Processor Information for processor 8
  Max Mhz: 1700, Current Mhz: 1200, Mhz Limit: 1190
Processor Information for processor 9
  Max Mhz: 1700, Current Mhz: 1200, Mhz Limit: 1190
Processor Information for processor 10
  Max Mhz: 1700, Current Mhz: 1200, Mhz Limit: 1190
Processor Information for processor 11
  Max Mhz: 1700, Current Mhz: 1200, Mhz Limit: 1190
Processor Information for processor 12
  Max Mhz: 1700, Current Mhz: 1200, Mhz Limit: 1190
Processor Information for processor 13
  Max Mhz: 1700, Current Mhz: 1200, Mhz Limit: 1190
Processor Information for processor 14
  Max Mhz: 1700, Current Mhz: 1200, Mhz Limit: 1190
Processor Information for processor 15
  Max Mhz: 1700, Current Mhz: 1200, Mhz Limit: 1190

Memory: 4k page, system-wide physical 16008M (2189M free)
TotalPageFile size 39237M (AvailPageFile size 11662M)
current process WorkingSet (physical memory assigned to process): 439M, peak: 458M
current process commit charge ("private bytes"): 492M, peak: 594M

vm_info: Java HotSpot(TM) 64-Bit Server VM (21.0.8+12-LTS-250) for windows-amd64 JRE (21.0.8+12-LTS-250), built on 2025-06-27T08:11:22Z by "mach5one" with MS VC++ 17.6 (VS2022)

END.
