#
# A fatal error has been detected by the Java Runtime Environment:
#
#  EXCEPTION_ACCESS_VIOLATION (0xc0000005) at pc=0x00007ffd47ee82d7, pid=45908, tid=13508
#
# JRE version: Java(TM) SE Runtime Environment (21.0.8+12) (build 21.0.8+12-LTS-250)
# Java VM: Java HotSpot(TM) 64-Bit Server VM (21.0.8+12-LTS-250, mixed mode, sharing, tiered, compressed oops, compressed class ptrs, g1 gc, windows-amd64)
# Problematic frame:
# C  [glass.dll+0x282d7]
#
# No core dump will be written. Minidumps are not enabled by default on client versions of Windows
#
# If you would like to submit a bug report, please visit:
#   https://bugreport.java.com/bugreport/crash.jsp
#

---------------  S U M M A R Y ------------

Command Line: -agentlib:jdwp=transport=dt_socket,address=127.0.0.1:57346,suspend=y,server=n --module-path=C:\Users\Ariel\IdeaProjects\GraphVisualizer\lib\javafx-sdk-22.0.2\lib --add-modules=javafx.controls,javafx.fxml -javaagent:C:\Users\Ariel\AppData\Local\JetBrains\IntelliJIdea2024.1\captureAgent\debugger-agent.jar -Dfile.encoding=UTF-8 -Dsun.stdout.encoding=UTF-8 -Dsun.stderr.encoding=UTF-8 GraphVisualizer.GraphVisualizer

Host: 12th Gen Intel(R) Core(TM) i5-1240P, 16 cores, 15G,  Windows 11 , 64 bit Build 26100 (10.0.26100.5074)
Time: Sat Oct 25 16:08:11 2025 Jerusalem Summer Time elapsed time: 97.527872 seconds (0d 0h 1m 37s)

---------------  T H R E A D  ---------------

Current thread (0x00000168b183dd90):  VMThread "VM Thread"          [id=13508, stack(0x0000004927500000,0x0000004927600000) (1024K)]

Stack: [0x0000004927500000,0x0000004927600000],  sp=0x00000049275ff2c0,  free space=1020k
Native frames: (J=compiled Java code, j=interpreted, Vv=VM code, C=native code)
C  [glass.dll+0x282d7]


siginfo: EXCEPTION_ACCESS_VIOLATION (0xc0000005), reading address 0x0000000000000000


Registers:
RAX=0x0000000000000000, RBX=0x00000168f9cb132a, RCX=0x00000168b183dd90, RDX=0x00000049275ff2c0
RSP=0x00000049275ff2c0, RBP=0x0000549b1d31c14b, RSI=0x00000168f728b588, RDI=0x00000168f728b560
R8 =0x0000000000010002, R9 =0x0000549b1d31c14b, R10=0x000001688fa50000, R11=0x00000049275ff3a8
R12=0x0000000000000001, R13=0x00007ffd47ee5be0, R14=0x00000049275ff3c8, R15=0x00000168f728b560
RIP=0x00007ffd47ee82d7, EFLAGS=0x0000000000010206


Register to memory mapping:

RAX=0x0 is null
RBX=0x00000168f9cb132a is a global jni handle
RCX=0x00000168b183dd90 points into unknown readable memory: 0x00007ffceebb9830 | 30 98 bb ee fc 7f 00 00
RDX=0x00000049275ff2c0 points into unknown readable memory: 0x0000000000000000 | 00 00 00 00 00 00 00 00
RSP=0x00000049275ff2c0 points into unknown readable memory: 0x0000000000000000 | 00 00 00 00 00 00 00 00
RBP=0x0000549b1d31c14b is an unknown value
RSI=0x00000168f728b588 points into unknown readable memory: 0x0000549b1d31c14b | 4b c1 31 1d 9b 54 00 00
RDI=0x00000168f728b560 points into unknown readable memory: 0x03ffbea46f86014b | 4b 01 86 6f a4 be ff 03
R8 =0x0000000000010002 is an unknown value
R9 =0x0000549b1d31c14b is an unknown value
R10=0x000001688fa50000 points into unknown readable memory: 0x0000000000000000 | 00 00 00 00 00 00 00 00
R11=0x00000049275ff3a8 points into unknown readable memory: 0x00007ffd47ee5a6d | 6d 5a ee 47 fd 7f 00 00
R12=0x0000000000000001 is an unknown value
R13=0x00007ffd47ee5be0 glass.dll
R14=0x00000049275ff3c8 points into unknown readable memory: 0x00000049275ff3b0 | b0 f3 5f 27 49 00 00 00
R15=0x00000168f728b560 points into unknown readable memory: 0x03ffbea46f86014b | 4b 01 86 6f a4 be ff 03

Top of Stack: (sp=0x00000049275ff2c0)
0x00000049275ff2c0:   0000000000000000 0000016800000000
0x00000049275ff2d0:   00000168f9303c30 0000000000000001
0x00000049275ff2e0:   00000168f728b568 00007ffd637fbc75
0x00000049275ff2f0:   00000168f728b560 0000016800000000
0x00000049275ff300:   00000168f728b580 0000549b1d31c14b
0x00000049275ff310:   fffffffffffffffe 00000049275ff398
0x00000049275ff320:   00007ffd47ec0000 00007ffd47ec0000
0x00000049275ff330:   00000049275ff3b8 00007ffd637fb897
0x00000049275ff340:   00000049275ff300 00000049275ff3c8
0x00000049275ff350:   00000049275ff6b0 00007ffd638e88c0
0x00000049275ff360:   0000000000000001 00007ffd637fb84d
0x00000049275ff370:   0000000000000000 0000000000000001
0x00000049275ff380:   0000000000000001 00000049275ff3b8
0x00000049275ff390:   fffffffffffffffe 000000007ffe0385
0x00000049275ff3a0:   0000000000000000 00007ffd47ee5a6d
0x00000049275ff3b0:   00007ffd47efd078 00007ffd00000002
0x00000049275ff3c0:   00007ffd00000002 00000049275ff3b0
0x00000049275ff3d0:   0000000000000000 000048c8e018a21d
0x00000049275ff3e0:   0000000000000000 00007ffd47ee5b92
0x00000049275ff3f0:   0000000000000001 0000000000000001
0x00000049275ff400:   000000007ffe0385 00007ffd65cf4f8f
0x00000049275ff410:   00000049275ff6b0 00007ffd624311fe
0x00000049275ff420:   0000000000000001 0000000000000000
0x00000049275ff430:   0000000000000000 000000007ffe0384
0x00000049275ff440:   00000168f931efe0 00007ffd65de0ede
0x00000049275ff450:   00007ffd47ec0000 0000016800000000
0x00000049275ff460:   0000000000000001 000000007ffe0385
0x00000049275ff470:   00007ffd47ee95a8 00007ffd65cf483e
0x00000049275ff480:   0000000000000000 0000000000000000
0x00000049275ff490:   0000000000000000 0000000000000000
0x00000049275ff4a0:   0000000000000000 0000000000000000
0x00000049275ff4b0:   0000000000000000 0000000000000000 

Instructions: (pc=0x00007ffd47ee82d7)
0x00007ffd47ee81d7:   8b 4d 58 e8 49 cf ff ff 48 8b 4d 60 e8 40 cf ff
0x00007ffd47ee81e7:   ff 48 8b 95 80 00 00 00 48 8b 8d 18 01 00 00 e8
0x00007ffd47ee81f7:   26 c5 ff ff 33 d2 33 c9 e8 8c e1 ff ff 90 48 89
0x00007ffd47ee8207:   54 24 10 55 48 83 ec 20 48 8b ea 48 b8 00 00 00
0x00007ffd47ee8217:   00 00 00 00 00 48 83 c4 20 5d c3 cc 40 55 48 8b
0x00007ffd47ee8227:   ea 48 8b 01 33 c9 81 38 05 00 00 c0 0f 94 c1 8b
0x00007ffd47ee8237:   c1 5d c3 cc 40 55 48 83 ec 20 48 8b ea 8a 4d 40
0x00007ffd47ee8247:   48 83 c4 20 5d e9 33 d3 ff ff cc 40 55 48 83 ec
0x00007ffd47ee8257:   20 48 8b ea 8a 4d 20 e8 21 d3 ff ff 90 48 83 c4
0x00007ffd47ee8267:   20 5d c3 cc 40 55 48 83 ec 20 48 8b ea 48 83 c4
0x00007ffd47ee8277:   20 5d e9 82 d1 ff ff cc 40 55 48 83 ec 30 48 8b
0x00007ffd47ee8287:   ea 48 8b 01 8b 10 48 89 4c 24 28 89 54 24 20 4c
0x00007ffd47ee8297:   8d 0d 23 d6 ff ff 4c 8b 45 70 8b 55 68 48 8b 4d
0x00007ffd47ee82a7:   60 e8 c3 d0 ff ff 90 48 83 c4 30 5d c3 cc cc cc
0x00007ffd47ee82b7:   cc cc cc cc cc cc cc cc cc 40 53 48 83 ec 20 48
0x00007ffd47ee82c7:   8b 1d 6b 47 01 00 48 85 db 74 16 e8 39 90 ff ff
0x00007ffd47ee82d7:   4c 8b 00 48 8b d3 48 8b c8 41 ff 90 b0 00 00 00
0x00007ffd47ee82e7:   90 48 83 c4 20 5b c3 cc cc 40 53 48 83 ec 20 48
0x00007ffd47ee82f7:   8b 1d ab 48 01 00 48 85 db 74 57 b8 ff ff ff ff
0x00007ffd47ee8307:   f0 0f c1 43 10 83 f8 01 75 3d 48 85 db 74 38 48
0x00007ffd47ee8317:   8b 0b 48 85 c9 74 0d ff 15 8c 0f 00 00 48 c7 03
0x00007ffd47ee8327:   00 00 00 00 48 8b 4b 08 48 85 c9 74 0d e8 ef cd
0x00007ffd47ee8337:   ff ff 48 c7 43 08 00 00 00 00 ba 18 00 00 00 48
0x00007ffd47ee8347:   8b cb e8 da cd ff ff 48 c7 05 4f 48 01 00 00 00
0x00007ffd47ee8357:   00 00 48 83 c4 20 5b c3 cc 40 53 48 83 ec 20 48
0x00007ffd47ee8367:   8b 1d 1b 48 01 00 48 85 db 74 57 b8 ff ff ff ff
0x00007ffd47ee8377:   f0 0f c1 43 10 83 f8 01 75 3d 48 85 db 74 38 48
0x00007ffd47ee8387:   8b 0b 48 85 c9 74 0d ff 15 1c 0f 00 00 48 c7 03
0x00007ffd47ee8397:   00 00 00 00 48 8b 4b 08 48 85 c9 74 0d e8 7f cd
0x00007ffd47ee83a7:   ff ff 48 c7 43 08 00 00 00 00 ba 18 00 00 00 48
0x00007ffd47ee83b7:   8b cb e8 6a cd ff ff 48 c7 05 bf 47 01 00 00 00
0x00007ffd47ee83c7:   00 00 48 83 c4 20 5b c3 cc 40 53 48 83 ec 20 48 


Stack slot to memory mapping:

stack at sp + 0 slots: 0x0 is null
stack at sp + 1 slots: 0x0000016800000000 is an unknown value
stack at sp + 2 slots: 0x00000168f9303c30 points into unknown readable memory: 0x00000168f9304950 | 50 49 30 f9 68 01 00 00
stack at sp + 3 slots: 0x0000000000000001 is an unknown value
stack at sp + 4 slots: 0x00000168f728b568 points into unknown readable memory: 0x0000549b1d31c14b | 4b c1 31 1d 9b 54 00 00
stack at sp + 5 slots: 0x00007ffd637fbc75 ucrtbase.dll
stack at sp + 6 slots: 0x00000168f728b560 points into unknown readable memory: 0x03ffbea46f86014b | 4b 01 86 6f a4 be ff 03
stack at sp + 7 slots: 0x0000016800000000 is an unknown value

VM_Operation (0x0000004926bff200): Exit, mode: safepoint, requested by thread 0x00000168f7b940d0


---------------  P R O C E S S  ---------------

Threads class SMR info:
_java_thread_list=0x00000168f72703d0, length=25, elements={
0x0000016891c87e80, 0x00000168b18599c0, 0x00000168b185c520, 0x00000168b185f9a0,
0x00000168b1860650, 0x00000168b1861840, 0x00000168b186c940, 0x00000168b1873f10,
0x00000168b18766f0, 0x00000168b182cfd0, 0x00000168f7c48480, 0x00000168f7aa7250,
0x00000168b1ce7150, 0x00000168f7b2ceb0, 0x00000168f7b2d510, 0x00000168f8f3f400,
0x00000168f7e487d0, 0x00000168fe4e2570, 0x00000168fe566110, 0x00000168fe566e30,
0x00000168f7b92d20, 0x00000168f7b940d0, 0x00000168f7b96ec0, 0x00000168fee6b270,
0x00000168fee6b940
}

Java Threads: ( => current thread )
  0x0000016891c87e80 JavaThread "main"                              [_thread_blocked, id=43348, stack(0x0000004926e00000,0x0000004926f00000) (1024K)]
  0x00000168b18599c0 JavaThread "Reference Handler"          daemon [_thread_blocked, id=59720, stack(0x0000004927600000,0x0000004927700000) (1024K)]
  0x00000168b185c520 JavaThread "Finalizer"                  daemon [_thread_blocked, id=36468, stack(0x0000004927700000,0x0000004927800000) (1024K)]
  0x00000168b185f9a0 JavaThread "Signal Dispatcher"          daemon [_thread_blocked, id=8364, stack(0x0000004927800000,0x0000004927900000) (1024K)]
  0x00000168b1860650 JavaThread "Attach Listener"            daemon [_thread_blocked, id=56256, stack(0x0000004927900000,0x0000004927a00000) (1024K)]
  0x00000168b1861840 JavaThread "Service Thread"             daemon [_thread_blocked, id=61872, stack(0x0000004927a00000,0x0000004927b00000) (1024K)]
  0x00000168b186c940 JavaThread "Monitor Deflation Thread"   daemon [_thread_blocked, id=61212, stack(0x0000004927b00000,0x0000004927c00000) (1024K)]
  0x00000168b1873f10 JavaThread "C2 CompilerThread0"         daemon [_thread_blocked, id=51104, stack(0x0000004927c00000,0x0000004927d00000) (1024K)]
  0x00000168b18766f0 JavaThread "C1 CompilerThread0"         daemon [_thread_blocked, id=26656, stack(0x0000004927d00000,0x0000004927e00000) (1024K)]
  0x00000168b182cfd0 JavaThread "Common-Cleaner"             daemon [_thread_blocked, id=30008, stack(0x0000004927e00000,0x0000004927f00000) (1024K)]
  0x00000168f7c48480 JavaThread "JDWP Event Helper Thread"   daemon [_thread_blocked, id=11464, stack(0x0000004928700000,0x0000004928800000) (1024K)]
  0x00000168f7aa7250 JavaThread "Notification Thread"        daemon [_thread_blocked, id=28956, stack(0x0000004928900000,0x0000004928a00000) (1024K)]
  0x00000168b1ce7150 JavaThread "QuantumRenderer-0"          daemon [_thread_blocked, id=6832, stack(0x0000004928500000,0x0000004928600000) (1024K)]
  0x00000168f7b2ceb0 JavaThread "InvokeLaterDispatcher"      daemon [_thread_blocked, id=15712, stack(0x0000004928e00000,0x0000004928f00000) (1024K)]
  0x00000168f7b2d510 JavaThread "JavaFX Application Thread"         [_thread_blocked, id=11196, stack(0x0000004928f00000,0x0000004929000000) (1024K)]
  0x00000168f8f3f400 JavaThread "Thread-1"                   daemon [_thread_in_native, id=62144, stack(0x0000004928200000,0x0000004928300000) (1024K)]
  0x00000168f7e487d0 JavaThread "JavaFX-Launcher"                   [_thread_blocked, id=31156, stack(0x0000004929800000,0x0000004929900000) (1024K)]
  0x00000168fe4e2570 JavaThread "Prism Font Disposer"        daemon [_thread_blocked, id=10716, stack(0x0000004929c00000,0x0000004929d00000) (1024K)]
  0x00000168fe566110 JavaThread "Cleaner-0"                  daemon [_thread_blocked, id=55028, stack(0x000000492a500000,0x000000492a600000) (1024K)]
  0x00000168fe566e30 JavaThread "Java2D Disposer"            daemon [_thread_blocked, id=16660, stack(0x0000004929900000,0x0000004929a00000) (1024K)]
  0x00000168f7b92d20 JavaThread "TimerQueue"                 daemon [_thread_blocked, id=4988, stack(0x000000492af00000,0x000000492b000000) (1024K)]
  0x00000168f7b940d0 JavaThread "SIGINT handler"             daemon [_thread_blocked, id=29020, stack(0x0000004926b00000,0x0000004926c00000) (1024K)]
  0x00000168f7b96ec0 JavaThread "AWT-Shutdown"                      [_thread_blocked, id=51728, stack(0x0000004926c00000,0x0000004926d00000) (1024K)]
  0x00000168fee6b270 JavaThread "C2 CompilerThread1"         daemon [_thread_blocked, id=10148, stack(0x0000004927f00000,0x0000004928000000) (1024K)]
  0x00000168fee6b940 JavaThread "C1 CompilerThread1"         daemon [_thread_blocked, id=24628, stack(0x0000004928000000,0x0000004928100000) (1024K)]
Total: 25

Other Threads:
=>0x00000168b183dd90 VMThread "VM Thread"                           [id=13508, stack(0x0000004927500000,0x0000004927600000) (1024K)]
  0x0000016891cf2910 WorkerThread "GC Thread#0"                     [id=45432, stack(0x0000004926f00000,0x0000004927000000) (1024K)]
  0x00000168f8f1ef20 WorkerThread "GC Thread#1"                     [id=27332, stack(0x0000004928300000,0x0000004928400000) (1024K)]
  0x00000168f72428a0 WorkerThread "GC Thread#2"                     [id=7424, stack(0x0000004928400000,0x0000004928500000) (1024K)]
  0x00000168f7242c40 WorkerThread "GC Thread#3"                     [id=10776, stack(0x0000004929100000,0x0000004929200000) (1024K)]
  0x00000168f7242fe0 WorkerThread "GC Thread#4"                     [id=21488, stack(0x0000004929200000,0x0000004929300000) (1024K)]
  0x00000168f7243380 WorkerThread "GC Thread#5"                     [id=38548, stack(0x0000004929300000,0x0000004929400000) (1024K)]
  0x00000168f8534d60 WorkerThread "GC Thread#6"                     [id=34232, stack(0x0000004929400000,0x0000004929500000) (1024K)]
  0x00000168f7f92f50 WorkerThread "GC Thread#7"                     [id=11492, stack(0x0000004929500000,0x0000004929600000) (1024K)]
  0x00000168f7f932f0 WorkerThread "GC Thread#8"                     [id=43292, stack(0x0000004929600000,0x0000004929700000) (1024K)]
  0x00000168f7f93690 WorkerThread "GC Thread#9"                     [id=46372, stack(0x0000004929700000,0x0000004929800000) (1024K)]
  0x00000168f7f92810 WorkerThread "GC Thread#10"                    [id=61372, stack(0x0000004929e00000,0x0000004929f00000) (1024K)]
  0x00000168f7f92bb0 WorkerThread "GC Thread#11"                    [id=56936, stack(0x0000004929f00000,0x000000492a000000) (1024K)]
  0x00000168f7f93a30 WorkerThread "GC Thread#12"                    [id=476, stack(0x000000492a000000,0x000000492a100000) (1024K)]
  0x0000016891d03330 ConcurrentGCThread "G1 Main Marker"            terminated
  0x0000016891d04cb0 WorkerThread "G1 Conc#0"                       [id=58844, stack(0x0000004927100000,0x0000004927200000) (1024K)]
  0x00000168f81fd4a0 WorkerThread "G1 Conc#1"                       [id=49456, stack(0x000000492a300000,0x000000492a400000) (1024K)]
  0x00000168f81fe320 WorkerThread "G1 Conc#2"                       [id=15804, stack(0x000000492a400000,0x000000492a500000) (1024K)]
  0x00000168b16edcd0 ConcurrentGCThread "G1 Refine#0"               terminated
  0x00000168b16ee4f0 ConcurrentGCThread "G1 Service"                terminated
Total: 20

Threads with active compile tasks:
C2 CompilerThread0    97847 6559       4       com.sun.javafx.css.SelectorPartitioning::match (696 bytes)
C2 CompilerThread1    97847 6578       4       com.sun.javafx.iio.common.SmoothMinifier::putSourceScanline (781 bytes)
Total: 2

VM state: at safepoint (shutting down)

VM Mutex/Monitor currently owned by a thread:  ([mutex/lock_event])
[0x00007ffceed80e50] Threads_lock - owner thread: 0x00000168b183dd90
[0x00007ffceed80f50] Heap_lock - owner thread: 0x00000168f7b940d0

Heap address: 0x0000000705c00000, size: 4004 MB, Compressed Oops mode: Zero based, Oop shift amount: 3

CDS archive(s) mapped at: [0x00000168b2000000-0x00000168b2c90000-0x00000168b2c90000), size 13172736, SharedBaseAddress: 0x00000168b2000000, ArchiveRelocationMode: 1.
Compressed class space mapped at: 0x00000168b3000000-0x00000168f3000000, reserved size: 1073741824
Narrow klass base: 0x00000168b2000000, Narrow klass shift: 0, Narrow klass range: 0x100000000

GC Precious Log:
 CardTable entry size: 512
 Card Set container configuration: InlinePtr #cards 4 size 8 Array Of Cards #cards 16 size 48 Howl #buckets 8 coarsen threshold 3686 Howl Bitmap #cards 512 size 80 coarsen threshold 460 Card regions per heap region 1 cards per card region 4096
 CPUs: 16 total, 16 available
 Memory: 16008M
 Large Page Support: Disabled
 NUMA Support: Disabled
 Compressed Oops: Enabled (Zero based)
 Heap Region Size: 2M
 Heap Min Capacity: 8M
 Heap Initial Capacity: 252M
 Heap Max Capacity: 4004M
 Pre-touch: Disabled
 Parallel Workers: 13
 Concurrent Workers: 3
 Concurrent Refinement Workers: 13
 Periodic GC: Disabled

Heap:
 garbage-first heap   total 104448K, used 63618K [0x0000000705c00000, 0x0000000800000000)
  region size 2048K, 19 young (38912K), 10 survivors (20480K)
 Metaspace       used 31163K, committed 31616K, reserved 1114112K
  class space    used 4129K, committed 4352K, reserved 1048576K

Heap Regions: E=young(eden), S=young(survivor), O=old, HS=humongous(starts), HC=humongous(continues), CS=collection set, F=free, TAMS=top-at-mark-start, PB=parsable bottom
|   0|0x0000000705c00000, 0x0000000705cba158, 0x0000000705e00000| 36%| O|Cm|TAMS 0x0000000705c00000| PB 0x0000000705c00000| Complete 
|   1|0x0000000705e00000, 0x0000000706000000, 0x0000000706000000|100%|HS|  |TAMS 0x0000000705e00000| PB 0x0000000705e00000| Complete 
|   2|0x0000000706000000, 0x0000000706200000, 0x0000000706200000|100%|HC|  |TAMS 0x0000000706000000| PB 0x0000000706000000| Complete 
|   3|0x0000000706200000, 0x0000000706400000, 0x0000000706400000|100%|HS|  |TAMS 0x0000000706200000| PB 0x0000000706200000| Complete 
|   4|0x0000000706400000, 0x0000000706600000, 0x0000000706600000|100%|HC|  |TAMS 0x0000000706400000| PB 0x0000000706400000| Complete 
|   5|0x0000000706600000, 0x0000000706600000, 0x0000000706800000|  0%| F|  |TAMS 0x0000000706600000| PB 0x0000000706600000| Untracked 
|   6|0x0000000706800000, 0x0000000706a00000, 0x0000000706a00000|100%|HS|  |TAMS 0x0000000706800000| PB 0x0000000706800000| Complete 
|   7|0x0000000706a00000, 0x0000000706c00000, 0x0000000706c00000|100%|HS|  |TAMS 0x0000000706a00000| PB 0x0000000706a00000| Complete 
|   8|0x0000000706c00000, 0x0000000706e00000, 0x0000000706e00000|100%|HS|  |TAMS 0x0000000706c00000| PB 0x0000000706c00000| Complete 
|   9|0x0000000706e00000, 0x0000000707000000, 0x0000000707000000|100%|HC|  |TAMS 0x0000000706e00000| PB 0x0000000706e00000| Complete 
|  10|0x0000000707000000, 0x0000000707200000, 0x0000000707200000|100%|HS|  |TAMS 0x0000000707000000| PB 0x0000000707000000| Complete 
|  11|0x0000000707200000, 0x0000000707400000, 0x0000000707400000|100%|HC|  |TAMS 0x0000000707200000| PB 0x0000000707200000| Complete 
|  12|0x0000000707400000, 0x0000000707600000, 0x0000000707600000|100%|HS|  |TAMS 0x0000000707400000| PB 0x0000000707400000| Complete 
|  13|0x0000000707600000, 0x0000000707800000, 0x0000000707800000|100%|HC|  |TAMS 0x0000000707600000| PB 0x0000000707600000| Complete 
|  14|0x0000000707800000, 0x0000000707800000, 0x0000000707a00000|  0%| F|  |TAMS 0x0000000707800000| PB 0x0000000707800000| Untracked 
|  15|0x0000000707a00000, 0x0000000707a00000, 0x0000000707c00000|  0%| F|  |TAMS 0x0000000707a00000| PB 0x0000000707a00000| Untracked 
|  16|0x0000000707c00000, 0x0000000707c00000, 0x0000000707e00000|  0%| F|  |TAMS 0x0000000707c00000| PB 0x0000000707c00000| Untracked 
|  17|0x0000000707e00000, 0x0000000707e00000, 0x0000000708000000|  0%| F|  |TAMS 0x0000000707e00000| PB 0x0000000707e00000| Untracked 
|  18|0x0000000708000000, 0x0000000708000000, 0x0000000708200000|  0%| F|  |TAMS 0x0000000708000000| PB 0x0000000708000000| Untracked 
|  19|0x0000000708200000, 0x0000000708200000, 0x0000000708400000|  0%| F|  |TAMS 0x0000000708200000| PB 0x0000000708200000| Untracked 
|  20|0x0000000708400000, 0x0000000708400000, 0x0000000708600000|  0%| F|  |TAMS 0x0000000708400000| PB 0x0000000708400000| Untracked 
|  21|0x0000000708600000, 0x0000000708600000, 0x0000000708800000|  0%| F|  |TAMS 0x0000000708600000| PB 0x0000000708600000| Untracked 
|  22|0x0000000708800000, 0x0000000708800000, 0x0000000708a00000|  0%| F|  |TAMS 0x0000000708800000| PB 0x0000000708800000| Untracked 
|  23|0x0000000708a00000, 0x0000000708a00000, 0x0000000708c00000|  0%| F|  |TAMS 0x0000000708a00000| PB 0x0000000708a00000| Untracked 
|  24|0x0000000708c00000, 0x0000000708c00000, 0x0000000708e00000|  0%| F|  |TAMS 0x0000000708c00000| PB 0x0000000708c00000| Untracked 
|  25|0x0000000708e00000, 0x0000000708e00000, 0x0000000709000000|  0%| F|  |TAMS 0x0000000708e00000| PB 0x0000000708e00000| Untracked 
|  26|0x0000000709000000, 0x0000000709000000, 0x0000000709200000|  0%| F|  |TAMS 0x0000000709000000| PB 0x0000000709000000| Untracked 
|  27|0x0000000709200000, 0x0000000709200000, 0x0000000709400000|  0%| F|  |TAMS 0x0000000709200000| PB 0x0000000709200000| Untracked 
|  28|0x0000000709400000, 0x0000000709400000, 0x0000000709600000|  0%| F|  |TAMS 0x0000000709400000| PB 0x0000000709400000| Untracked 
|  29|0x0000000709600000, 0x0000000709600000, 0x0000000709800000|  0%| F|  |TAMS 0x0000000709600000| PB 0x0000000709600000| Untracked 
|  30|0x0000000709800000, 0x0000000709800000, 0x0000000709a00000|  0%| F|  |TAMS 0x0000000709800000| PB 0x0000000709800000| Untracked 
|  31|0x0000000709a00000, 0x0000000709b00000, 0x0000000709c00000| 50%| E|  |TAMS 0x0000000709a00000| PB 0x0000000709a00000| Complete 
|  32|0x0000000709c00000, 0x0000000709e00000, 0x0000000709e00000|100%| S|CS|TAMS 0x0000000709c00000| PB 0x0000000709c00000| Complete 
|  33|0x0000000709e00000, 0x000000070a000000, 0x000000070a000000|100%| S|CS|TAMS 0x0000000709e00000| PB 0x0000000709e00000| Complete 
|  34|0x000000070a000000, 0x000000070a200000, 0x000000070a200000|100%| S|CS|TAMS 0x000000070a000000| PB 0x000000070a000000| Complete 
|  35|0x000000070a200000, 0x000000070a400000, 0x000000070a400000|100%| S|CS|TAMS 0x000000070a200000| PB 0x000000070a200000| Complete 
|  36|0x000000070a400000, 0x000000070a600000, 0x000000070a600000|100%| S|CS|TAMS 0x000000070a400000| PB 0x000000070a400000| Complete 
|  37|0x000000070a600000, 0x000000070a800000, 0x000000070a800000|100%| S|CS|TAMS 0x000000070a600000| PB 0x000000070a600000| Complete 
|  38|0x000000070a800000, 0x000000070aa00000, 0x000000070aa00000|100%| S|CS|TAMS 0x000000070a800000| PB 0x000000070a800000| Complete 
|  39|0x000000070aa00000, 0x000000070ac00000, 0x000000070ac00000|100%| S|CS|TAMS 0x000000070aa00000| PB 0x000000070aa00000| Complete 
|  40|0x000000070ac00000, 0x000000070ae00000, 0x000000070ae00000|100%| S|CS|TAMS 0x000000070ac00000| PB 0x000000070ac00000| Complete 
|  41|0x000000070ae00000, 0x000000070af8b288, 0x000000070b000000| 77%| S|CS|TAMS 0x000000070ae00000| PB 0x000000070ae00000| Complete 
|  90|0x0000000711000000, 0x0000000711200000, 0x0000000711200000|100%| E|CS|TAMS 0x0000000711000000| PB 0x0000000711000000| Complete 
|  91|0x0000000711200000, 0x0000000711400000, 0x0000000711400000|100%| E|CS|TAMS 0x0000000711200000| PB 0x0000000711200000| Complete 
|  92|0x0000000711400000, 0x0000000711600000, 0x0000000711600000|100%| E|CS|TAMS 0x0000000711400000| PB 0x0000000711400000| Complete 
|  93|0x0000000711600000, 0x0000000711800000, 0x0000000711800000|100%| E|CS|TAMS 0x0000000711600000| PB 0x0000000711600000| Complete 
|  94|0x0000000711800000, 0x0000000711a00000, 0x0000000711a00000|100%| E|CS|TAMS 0x0000000711800000| PB 0x0000000711800000| Complete 
|  95|0x0000000711a00000, 0x0000000711c00000, 0x0000000711c00000|100%| E|CS|TAMS 0x0000000711a00000| PB 0x0000000711a00000| Complete 
| 124|0x0000000715400000, 0x0000000715600000, 0x0000000715600000|100%| E|CS|TAMS 0x0000000715400000| PB 0x0000000715400000| Complete 
| 125|0x0000000715600000, 0x0000000715800000, 0x0000000715800000|100%| E|CS|TAMS 0x0000000715600000| PB 0x0000000715600000| Complete 
|2001|0x00000007ffe00000, 0x00000007fffdb510, 0x0000000800000000| 92%| O|  |TAMS 0x00000007ffe00000| PB 0x00000007ffe00000| Untracked 

Card table byte_map: [0x00000168aa180000,0x00000168aa960000] _byte_map_base: 0x00000168a6952000

Marking Bits: (CMBitMap*) 0x0000016891cf3010
 Bits: [0x00000168aa960000, 0x00000168ae7f0000)

Polling page: 0x0000016891450000

Metaspace:

Usage:
  Non-class:     26.40 MB used.
      Class:      4.03 MB used.
       Both:     30.43 MB used.

Virtual space:
  Non-class space:       64.00 MB reserved,      26.62 MB ( 42%) committed,  1 nodes.
      Class space:        1.00 GB reserved,       4.25 MB ( <1%) committed,  1 nodes.
             Both:        1.06 GB reserved,      30.88 MB (  3%) committed. 

Chunk freelists:
   Non-Class:  4.47 MB
       Class:  11.66 MB
        Both:  16.13 MB

MaxMetaspaceSize: unlimited
CompressedClassSpaceSize: 1.00 GB
Initial GC threshold: 21.00 MB
Current GC threshold: 35.31 MB
CDS: on
 - commit_granule_bytes: 65536.
 - commit_granule_words: 8192.
 - virtual_space_node_default_size: 8388608.
 - enlarge_chunks_in_place: 1.
 - use_allocation_guard: 0.


Internal statistics:

num_allocs_failed_limit: 3.
num_arena_births: 492.
num_arena_deaths: 0.
num_vsnodes_births: 2.
num_vsnodes_deaths: 0.
num_space_committed: 494.
num_space_uncommitted: 0.
num_chunks_returned_to_freelist: 3.
num_chunks_taken_from_freelist: 1266.
num_chunk_merges: 0.
num_chunk_splits: 816.
num_chunks_enlarged: 563.
num_inconsistent_stats: 0.

CodeHeap 'non-profiled nmethods': size=119168Kb used=3198Kb max_used=3198Kb free=115969Kb
 bounds [0x00000168a1cc0000, 0x00000168a1fe0000, 0x00000168a9120000]
CodeHeap 'profiled nmethods': size=119104Kb used=14264Kb max_used=14264Kb free=104840Kb
 bounds [0x000001689a120000, 0x000001689af10000, 0x00000168a1570000]
CodeHeap 'non-nmethods': size=7488Kb used=2680Kb max_used=3818Kb free=4807Kb
 bounds [0x00000168a1570000, 0x00000168a1940000, 0x00000168a1cc0000]
 total_blobs=7588 nmethods=6575 adapters=915
 compilation: enabled
              stopped_count=0, restarted_count=0
 full_count=0

Compilation events (20 events):
Event: 96.860 Thread 0x00000168fee6b940 nmethod 6567 0x000001689af05e90 code [0x000001689af06060, 0x000001689af06348]
Event: 96.860 Thread 0x00000168fee6b940 6572       3       javafx.scene.text.Text::getY (19 bytes)
Event: 96.860 Thread 0x00000168b18766f0 nmethod 6571 0x000001689af06510 code [0x000001689af06700, 0x000001689af06c98]
Event: 96.861 Thread 0x00000168b18766f0 6574       3       java.lang.Float::isInfinite (16 bytes)
Event: 96.861 Thread 0x00000168fee6b940 nmethod 6572 0x000001689af06e10 code [0x000001689af06fe0, 0x000001689af073a0]
Event: 96.861 Thread 0x00000168fee6b940 6573       3       javafx.scene.Parent::prefHeight (89 bytes)
Event: 96.861 Thread 0x00000168b18766f0 nmethod 6574 0x000001689af07510 code [0x000001689af076e0, 0x000001689af078e8]
Event: 96.861 Thread 0x00000168b18766f0 6575       3       javafx.scene.text.Text::getFontInternal (18 bytes)
Event: 96.861 Thread 0x00000168fee6b940 nmethod 6573 0x000001689af07990 code [0x000001689af07ba0, 0x000001689af08250]
Event: 96.862 Thread 0x00000168b18766f0 nmethod 6575 0x000001689af08390 code [0x000001689af085a0, 0x000001689af08c28]
Event: 96.873 Thread 0x00000168fee6b270 nmethod 6558 0x00000168a1fde490 code [0x00000168a1fde660, 0x00000168a1fdf108]
Event: 96.873 Thread 0x00000168fee6b270 6550       4       java.util.AbstractList$SubList$1::hasNext (20 bytes)
Event: 96.875 Thread 0x00000168fee6b270 nmethod 6550 0x00000168a1fdf490 code [0x00000168a1fdf620, 0x00000168a1fdf738]
Event: 96.883 Thread 0x00000168b18766f0 6576 %     3       com.sun.javafx.iio.common.SmoothMinifier::putSourceScanline @ 627 (781 bytes)
Event: 96.886 Thread 0x00000168b18766f0 nmethod 6576% 0x000001689af08e90 code [0x000001689af091c0, 0x000001689af0a8a8]
Event: 96.887 Thread 0x00000168fee6b940 6577       3       com.sun.javafx.iio.common.SmoothMinifier::putSourceScanline (781 bytes)
Event: 96.890 Thread 0x00000168fee6b940 nmethod 6577 0x000001689af0b690 code [0x000001689af0b9c0, 0x000001689af0ce40]
Event: 96.890 Thread 0x00000168fee6b270 6578       4       com.sun.javafx.iio.common.SmoothMinifier::putSourceScanline (781 bytes)
Event: 96.921 Thread 0x00000168fee6b940 6579       3       java.util.Arrays::fill (21 bytes)
Event: 96.921 Thread 0x00000168fee6b940 nmethod 6579 0x000001689af0db90 code [0x000001689af0dd40, 0x000001689af0dee0]

GC Heap History (8 events):
Event: 0.897 GC heap before
{Heap before GC invocations=0 (full 0):
 garbage-first heap   total 258048K, used 20480K [0x0000000705c00000, 0x0000000800000000)
  region size 2048K, 11 young (22528K), 0 survivors (0K)
 Metaspace       used 3930K, committed 4096K, reserved 1114112K
  class space    used 386K, committed 448K, reserved 1048576K
}
Event: 0.903 GC heap after
{Heap after GC invocations=1 (full 0):
 garbage-first heap   total 258048K, used 2533K [0x0000000705c00000, 0x0000000800000000)
  region size 2048K, 2 young (4096K), 2 survivors (4096K)
 Metaspace       used 3930K, committed 4096K, reserved 1114112K
  class space    used 386K, committed 448K, reserved 1048576K
}
Event: 2.229 GC heap before
{Heap before GC invocations=1 (full 0):
 garbage-first heap   total 258048K, used 41445K [0x0000000705c00000, 0x0000000800000000)
  region size 2048K, 22 young (45056K), 2 survivors (4096K)
 Metaspace       used 10395K, committed 10624K, reserved 1114112K
  class space    used 1353K, committed 1472K, reserved 1048576K
}
Event: 2.239 GC heap after
{Heap after GC invocations=2 (full 0):
 garbage-first heap   total 258048K, used 6888K [0x0000000705c00000, 0x0000000800000000)
  region size 2048K, 3 young (6144K), 3 survivors (6144K)
 Metaspace       used 10395K, committed 10624K, reserved 1114112K
  class space    used 1353K, committed 1472K, reserved 1048576K
}
Event: 6.637 GC heap before
{Heap before GC invocations=2 (full 0):
 garbage-first heap   total 258048K, used 68328K [0x0000000705c00000, 0x0000000800000000)
  region size 2048K, 30 young (61440K), 3 survivors (6144K)
 Metaspace       used 21150K, committed 21504K, reserved 1114112K
  class space    used 2987K, committed 3136K, reserved 1048576K
}
Event: 6.649 GC heap after
{Heap after GC invocations=3 (full 0):
 garbage-first heap   total 258048K, used 18140K [0x0000000705c00000, 0x0000000800000000)
  region size 2048K, 6 young (12288K), 6 survivors (12288K)
 Metaspace       used 21150K, committed 21504K, reserved 1114112K
  class space    used 2987K, committed 3136K, reserved 1048576K
}
Event: 20.271 GC heap before
{Heap before GC invocations=4 (full 0):
 garbage-first heap   total 81920K, used 79580K [0x0000000705c00000, 0x0000000800000000)
  region size 2048K, 28 young (57344K), 6 survivors (12288K)
 Metaspace       used 30991K, committed 31424K, reserved 1114112K
  class space    used 4117K, committed 4352K, reserved 1048576K
}
Event: 20.295 GC heap after
{Heap after GC invocations=5 (full 0):
 garbage-first heap   total 104448K, used 39042K [0x0000000705c00000, 0x0000000800000000)
  region size 2048K, 10 young (20480K), 10 survivors (20480K)
 Metaspace       used 30991K, committed 31424K, reserved 1114112K
  class space    used 4117K, committed 4352K, reserved 1048576K
}

Dll operation events (20 events):
Event: 0.480 Loaded shared library C:\Users\Ariel\IdeaProjects\GraphVisualizer\lib\javafx-sdk-22.0.2\bin\api-ms-win-crt-private-l1-1-0.dll
Event: 0.482 Loaded shared library C:\Users\Ariel\IdeaProjects\GraphVisualizer\lib\javafx-sdk-22.0.2\bin\api-ms-win-crt-process-l1-1-0.dll
Event: 0.484 Loaded shared library C:\Users\Ariel\IdeaProjects\GraphVisualizer\lib\javafx-sdk-22.0.2\bin\api-ms-win-crt-runtime-l1-1-0.dll
Event: 0.486 Loaded shared library C:\Users\Ariel\IdeaProjects\GraphVisualizer\lib\javafx-sdk-22.0.2\bin\api-ms-win-crt-stdio-l1-1-0.dll
Event: 0.488 Loaded shared library C:\Users\Ariel\IdeaProjects\GraphVisualizer\lib\javafx-sdk-22.0.2\bin\api-ms-win-crt-string-l1-1-0.dll
Event: 0.491 Loaded shared library C:\Users\Ariel\IdeaProjects\GraphVisualizer\lib\javafx-sdk-22.0.2\bin\api-ms-win-crt-time-l1-1-0.dll
Event: 0.493 Loaded shared library C:\Users\Ariel\IdeaProjects\GraphVisualizer\lib\javafx-sdk-22.0.2\bin\api-ms-win-crt-utility-l1-1-0.dll
Event: 0.498 Loaded shared library C:\Users\Ariel\IdeaProjects\GraphVisualizer\lib\javafx-sdk-22.0.2\bin\ucrtbase.dll
Event: 0.501 Loaded shared library C:\Users\Ariel\IdeaProjects\GraphVisualizer\lib\javafx-sdk-22.0.2\bin\vcruntime140.dll
Event: 0.505 Loaded shared library C:\Users\Ariel\IdeaProjects\GraphVisualizer\lib\javafx-sdk-22.0.2\bin\vcruntime140_1.dll
Event: 0.508 Loaded shared library C:\Users\Ariel\IdeaProjects\GraphVisualizer\lib\javafx-sdk-22.0.2\bin\msvcp140.dll
Event: 0.510 Loaded shared library C:\Users\Ariel\IdeaProjects\GraphVisualizer\lib\javafx-sdk-22.0.2\bin\msvcp140_1.dll
Event: 0.513 Loaded shared library C:\Users\Ariel\IdeaProjects\GraphVisualizer\lib\javafx-sdk-22.0.2\bin\msvcp140_2.dll
Event: 0.581 Loaded shared library C:\Users\Ariel\IdeaProjects\GraphVisualizer\lib\javafx-sdk-22.0.2\bin\prism_d3d.dll
Event: 0.718 Loaded shared library C:\Users\Ariel\IdeaProjects\GraphVisualizer\lib\javafx-sdk-22.0.2\bin\glass.dll
Event: 0.949 Loaded shared library C:\Program Files\Java\jdk-21\bin\jimage.dll
Event: 1.903 Loaded shared library C:\Users\Ariel\IdeaProjects\GraphVisualizer\lib\javafx-sdk-22.0.2\bin\javafx_font.dll
Event: 6.559 Loaded shared library C:\Program Files\Java\jdk-21\bin\awt.dll
Event: 6.885 Loaded shared library C:\Program Files\Java\jdk-21\bin\freetype.dll
Event: 6.887 Loaded shared library C:\Program Files\Java\jdk-21\bin\fontmanager.dll

Deoptimization events (20 events):
Event: 96.928 Thread 0x00000168f7b2d510 DEOPT PACKING pc=0x000001689af0cb58 sp=0x0000004928ff8fd0
Event: 96.928 Thread 0x00000168f7b2d510 DEOPT UNPACKING pc=0x00000168a15c4e42 sp=0x0000004928ff84b0 mode 0
Event: 96.928 Thread 0x00000168f7b2d510 DEOPT PACKING pc=0x000001689af0cb58 sp=0x0000004928ff8fd0
Event: 96.928 Thread 0x00000168f7b2d510 DEOPT UNPACKING pc=0x00000168a15c4e42 sp=0x0000004928ff84b0 mode 0
Event: 96.928 Thread 0x00000168f7b2d510 DEOPT PACKING pc=0x000001689af0cb58 sp=0x0000004928ff8fd0
Event: 96.928 Thread 0x00000168f7b2d510 DEOPT UNPACKING pc=0x00000168a15c4e42 sp=0x0000004928ff84b0 mode 0
Event: 96.928 Thread 0x00000168f7b2d510 DEOPT PACKING pc=0x000001689af0cb58 sp=0x0000004928ff8fd0
Event: 96.928 Thread 0x00000168f7b2d510 DEOPT UNPACKING pc=0x00000168a15c4e42 sp=0x0000004928ff84b0 mode 0
Event: 96.928 Thread 0x00000168f7b2d510 DEOPT PACKING pc=0x000001689af0cb58 sp=0x0000004928ff8fd0
Event: 96.928 Thread 0x00000168f7b2d510 DEOPT UNPACKING pc=0x00000168a15c4e42 sp=0x0000004928ff84b0 mode 0
Event: 96.929 Thread 0x00000168f7b2d510 DEOPT PACKING pc=0x000001689af0cb58 sp=0x0000004928ff8fd0
Event: 96.929 Thread 0x00000168f7b2d510 DEOPT UNPACKING pc=0x00000168a15c4e42 sp=0x0000004928ff84b0 mode 0
Event: 96.929 Thread 0x00000168f7b2d510 DEOPT PACKING pc=0x000001689af0cb58 sp=0x0000004928ff8fd0
Event: 96.929 Thread 0x00000168f7b2d510 DEOPT UNPACKING pc=0x00000168a15c4e42 sp=0x0000004928ff84b0 mode 0
Event: 96.929 Thread 0x00000168f7b2d510 DEOPT PACKING pc=0x000001689af0cb58 sp=0x0000004928ff8fd0
Event: 96.929 Thread 0x00000168f7b2d510 DEOPT UNPACKING pc=0x00000168a15c4e42 sp=0x0000004928ff84b0 mode 0
Event: 96.929 Thread 0x00000168f7b2d510 DEOPT PACKING pc=0x000001689af0cb58 sp=0x0000004928ff8fd0
Event: 96.929 Thread 0x00000168f7b2d510 DEOPT UNPACKING pc=0x00000168a15c4e42 sp=0x0000004928ff84b0 mode 0
Event: 96.930 Thread 0x00000168f7b2d510 DEOPT PACKING pc=0x000001689af0cb58 sp=0x0000004928ff8fd0
Event: 96.930 Thread 0x00000168f7b2d510 DEOPT UNPACKING pc=0x00000168a15c4e42 sp=0x0000004928ff84b0 mode 0

Classes loaded (20 events):
Event: 21.977 Loading class com/sun/javafx/tk/quantum/GlassSceneDnDEventHandler
Event: 21.977 Loading class com/sun/javafx/tk/quantum/GlassSceneDnDEventHandler done
Event: 21.977 Loading class com/sun/glass/ui/ClipboardAssistance
Event: 21.977 Loading class com/sun/glass/ui/ClipboardAssistance done
Event: 23.205 Loading class com/sun/prism/GraphicsResource
Event: 23.205 Loading class com/sun/prism/GraphicsResource done
Event: 23.205 Loading class com/sun/prism/GraphicsResource
Event: 23.205 Loading class com/sun/prism/GraphicsResource done
Event: 45.928 Loading class java/util/Formatter$FixedString
Event: 45.928 Loading class java/util/Formatter$FixedString done
Event: 45.934 Loading class Controllers/GraphResultController
Event: 45.934 Loading class Controllers/GraphResultController done
Event: 56.157 Loading class com/intellij/rt/debugger/BatchEvaluatorServer
Event: 56.157 Loading class com/intellij/rt/debugger/BatchEvaluatorServer done
Event: 96.815 Loading class jdk/internal/misc/Signal$1
Event: 96.815 Loading class jdk/internal/misc/Signal$1 done
Event: 96.818 Loading class com/sun/javafx/tk/quantum/QuantumRenderer
Event: 96.818 Loading class com/sun/javafx/tk/quantum/QuantumRenderer done
Event: 96.819 Loading class com/sun/javafx/tk/quantum/QuantumToolkit
Event: 96.819 Loading class com/sun/javafx/tk/quantum/QuantumToolkit done

Classes unloaded (0 events):
No events

Classes redefined (0 events):
No events

Internal exceptions (20 events):
Event: 3.850 Thread 0x00000168b1ce7150 Exception <a 'java/lang/NoSuchMethodError'{0x0000000712444e98}: 'java.lang.Object java.lang.invoke.DirectMethodHandle$Holder.invokeStaticInit(java.lang.Object, int)'> (0x0000000712444e98) 
thrown [s\open\src\hotspot\share\interpreter\linkResolver.cpp, line 773]
Event: 6.551 Thread 0x00000168f7b2d510 Exception <a 'java/lang/ClassNotFoundException'{0x0000000711e77568}: sun/awt/resources/spi/awtProvider> (0x0000000711e77568) 
thrown [s\open\src\hotspot\share\classfile\systemDictionary.cpp, line 312]
Event: 6.561 Thread 0x00000168f7b2d510 Exception <a 'java/io/FileNotFoundException'{0x0000000711e7f9b8}> (0x0000000711e7f9b8) 
thrown [s\open\src\hotspot\share\prims\jni.cpp, line 520]
Event: 6.562 Thread 0x00000168f7b2d510 Exception <a 'java/io/FileNotFoundException'{0x0000000711e814a8}> (0x0000000711e814a8) 
thrown [s\open\src\hotspot\share\prims\jni.cpp, line 520]
Event: 6.675 Thread 0x00000168f7b2d510 Exception <a 'java/lang/NoSuchMethodError'{0x000000071568aad0}: 'java.lang.Object java.lang.invoke.DirectMethodHandle$Holder.invokeStatic(java.lang.Object, int, java.lang.Object)'> (0x000000071568aad0) 
thrown [s\open\src\hotspot\share\interpreter\linkResolver.cpp, line 773]
Event: 6.705 Thread 0x00000168f7b2d510 Exception <a 'java/lang/ClassNotFoundException'{0x0000000715544178}: com/sun/swing/internal/plaf/metal/resources/spi/metalProvider> (0x0000000715544178) 
thrown [s\open\src\hotspot\share\classfile\systemDictionary.cpp, line 312]
Event: 6.706 Thread 0x00000168f7b2d510 Exception <a 'java/lang/ClassNotFoundException'{0x000000071554afc8}: com/sun/swing/internal/plaf/basic/resources/spi/basicProvider> (0x000000071554afc8) 
thrown [s\open\src\hotspot\share\classfile\systemDictionary.cpp, line 312]
Event: 6.726 Thread 0x00000168f7b93a40 Exception <a 'java/lang/NoSuchMethodError'{0x0000000709af5ae8}: 'java.lang.Object java.lang.invoke.DirectMethodHandle$Holder.newInvokeSpecial(java.lang.Object, java.lang.Object, java.lang.Object, int, int, int, int, int)'> (0x0000000709af5ae8) 
thrown [s\open\src\hotspot\share\interpreter\linkResolver.cpp, line 773]
Event: 6.775 Thread 0x00000168f7b2d510 Exception <a 'java/lang/NoSuchMethodError'{0x0000000709824c68}: 'int java.lang.invoke.Invokers$Holder.invokeExact_MT(java.lang.Object, java.lang.Object)'> (0x0000000709824c68) 
thrown [s\open\src\hotspot\share\interpreter\linkResolver.cpp, line 773]
Event: 7.382 Thread 0x00000168f7b2d510 Implicit null exception at 0x00000168a1ed1da1 to 0x00000168a1ed251c
Event: 7.383 Thread 0x00000168f7b2d510 Implicit null exception at 0x00000168a1da9b3a to 0x00000168a1da9b74
Event: 7.556 Thread 0x00000168f7b2d510 Exception <a 'java/lang/NoSuchMethodError'{0x00000007093e12b0}: 'int java.lang.invoke.DirectMethodHandle$Holder.invokeStatic(java.lang.Object)'> (0x00000007093e12b0) 
thrown [s\open\src\hotspot\share\interpreter\linkResolver.cpp, line 773]
Event: 15.662 Thread 0x00000168f7b2d510 Exception <a 'java/lang/NoSuchMethodError'{0x0000000707cc5b30}: 'long java.lang.invoke.DirectMethodHandle$Holder.invokeSpecial(java.lang.Object, java.lang.Object)'> (0x0000000707cc5b30) 
thrown [s\open\src\hotspot\share\interpreter\linkResolver.cpp, line 773]
Event: 15.663 Thread 0x00000168f7b2d510 Exception <a 'java/lang/NoSuchMethodError'{0x0000000707cc94b8}: 'long java.lang.invoke.Invokers$Holder.invokeExact_MT(java.lang.Object, java.lang.Object)'> (0x0000000707cc94b8) 
thrown [s\open\src\hotspot\share\interpreter\linkResolver.cpp, line 773]
Event: 15.679 Thread 0x00000168f7b2d510 Exception <a 'java/lang/NoSuchMethodError'{0x0000000707d184c8}: static LGraphVisualizer/DirectedEdge;.<clinit>()V> (0x0000000707d184c8) 
thrown [s\open\src\hotspot\share\prims\jni.cpp, line 1111]
Event: 15.683 Thread 0x00000168f7b2d510 Exception <a 'java/lang/NoSuchMethodError'{0x0000000707d347d0}: static LGraphVisualizer/Graph$GraphNode;.<clinit>()V> (0x0000000707d347d0) 
thrown [s\open\src\hotspot\share\prims\jni.cpp, line 1111]
Event: 16.818 Thread 0x00000168f7b2d510 Exception <a 'java/lang/NoSuchMethodError'{0x0000000707772f88}: 'java.lang.Object java.lang.invoke.DirectMethodHandle$Holder.newInvokeSpecial(java.lang.Object, java.lang.Object, java.lang.Object, double, double, double, double, int, int, int, int, int, int, int, int, int)'> (0x0000000707772f88) 
thrown [s\open\src\hotspot\share\interpreter\linkResolver.cpp, line 773]
Event: 21.973 Thread 0x00000168f7b2d510 Exception <a 'java/lang/NoSuchMethodError'{0x00000007156b1c28}: 'java.lang.Object java.lang.invoke.DirectMethodHandle$Holder.invokeSpecial(java.lang.Object, java.lang.Object, int, int, int, int, int, java.lang.Object)'> (0x00000007156b1c28) 
thrown [s\open\src\hotspot\share\interpreter\linkResolver.cpp, line 773]
Event: 21.975 Thread 0x00000168f7b2d510 Exception <a 'java/lang/NoSuchMethodError'{0x00000007156b8f28}: 'java.lang.Object java.lang.invoke.DirectMethodHandle$Holder.newInvokeSpecial(java.lang.Object, java.lang.Object, int, int, int, int, int, java.lang.Object)'> (0x00000007156b8f28) 
thrown [s\open\src\hotspot\share\interpreter\linkResolver.cpp, line 773]
Event: 21.978 Thread 0x00000168f7b2d510 Exception <a 'java/lang/NoSuchMethodError'{0x00000007156c3f78}: 'java.lang.Object java.lang.invoke.DirectMethodHandle$Holder.invokeSpecial(java.lang.Object, java.lang.Object, java.lang.Object, int, int, int, int, int)'> (0x00000007156c3f78) 
thrown [s\open\src\hotspot\share\interpreter\linkResolver.cpp, line 773]

ZGC Phase Switch (0 events):
No events

VM Operations (20 events):
Event: 54.967 Executing VM operation: get/set locals done
Event: 60.161 Executing VM operation: HandshakeAllThreads (HandshakeForDeflation)
Event: 60.161 Executing VM operation: HandshakeAllThreads (HandshakeForDeflation) done
Event: 60.161 Executing VM operation: RendezvousGCThreads
Event: 60.161 Executing VM operation: RendezvousGCThreads done
Event: 79.155 Executing VM operation: get/set locals
Event: 79.155 Executing VM operation: get/set locals done
Event: 79.156 Executing VM operation: get/set locals
Event: 79.156 Executing VM operation: get/set locals done
Event: 85.530 Executing VM operation: get/set locals
Event: 85.530 Executing VM operation: get/set locals done
Event: 85.530 Executing VM operation: get/set locals
Event: 85.530 Executing VM operation: get/set locals done
Event: 96.718 Executing VM operation: ChangeBreakpoints
Event: 96.718 Executing VM operation: ChangeBreakpoints done
Event: 96.718 Executing VM operation: ChangeBreakpoints
Event: 96.718 Executing VM operation: ChangeBreakpoints done
Event: 96.718 Executing VM operation: ChangeBreakpoints
Event: 96.718 Executing VM operation: ChangeBreakpoints done
Event: 96.931 Executing VM operation: Exit

Events (20 events):
Event: 45.934 Thread 0x00000168fee6b270 Thread added: 0x00000168fee6b270
Event: 50.990 Thread 0x00000168fee6b270 Thread exited: 0x00000168fee6b270
Event: 96.717 Thread 0x00000168f74a6920 Thread exited: 0x00000168f74a6920
Event: 96.728 Thread 0x00000168f7719420 Thread exited: 0x00000168f7719420
Event: 96.815 Thread 0x00000168f7b940d0 Thread added: 0x00000168f7b940d0
Event: 96.816 Thread 0x00000168f7b95480 Thread added: 0x00000168f7b95480
Event: 96.816 Thread 0x00000168f7b961a0 Thread added: 0x00000168f7b961a0
Event: 96.816 Thread 0x00000168f7b933b0 Thread added: 0x00000168f7b933b0
Event: 96.816 Thread 0x00000168f7b93a40 Thread added: 0x00000168f7b93a40
Event: 96.817 Thread 0x00000168f7b96ec0 Thread added: 0x00000168f7b96ec0
Event: 96.817 Thread 0x00000168f7b95480 Thread exited: 0x00000168f7b95480
Event: 96.818 Thread 0x00000168f7b96ec0 Thread exited: 0x00000168f7b96ec0
Event: 96.819 Thread 0x00000168f7b96ec0 Thread added: 0x00000168f7b96ec0
Event: 96.819 Thread 0x00000168f7b93a40 Thread exited: 0x00000168f7b93a40
Event: 96.819 Thread 0x00000168f7b933b0 Thread exited: 0x00000168f7b933b0
Event: 96.824 Thread 0x00000168f7b94760 Thread exited: 0x00000168f7b94760
Event: 96.837 Thread 0x00000168fe565a80 Thread exited: 0x00000168fe565a80
Event: 96.845 Thread 0x00000168fee6b270 Thread added: 0x00000168fee6b270
Event: 96.858 Thread 0x00000168fee6b940 Thread added: 0x00000168fee6b940
Event: 96.930 Thread 0x00000168f7b961a0 Thread exited: 0x00000168f7b961a0


Dynamic libraries:
0x00007ff7cec70000 - 0x00007ff7cec80000 	C:\Program Files\Java\jdk-21\bin\java.exe
0x00007ffd65c80000 - 0x00007ffd65ee9000 	C:\WINDOWS\SYSTEM32\ntdll.dll
0x00007ffd64bc0000 - 0x00007ffd64c89000 	C:\WINDOWS\System32\KERNEL32.DLL
0x00007ffd62f80000 - 0x00007ffd63373000 	C:\WINDOWS\System32\KERNELBASE.dll
0x00007ffd637b0000 - 0x00007ffd638fb000 	C:\WINDOWS\System32\ucrtbase.dll
0x00007ffd53990000 - 0x00007ffd539a9000 	C:\Program Files\Java\jdk-21\bin\jli.dll
0x00007ffd5fa70000 - 0x00007ffd5fa8b000 	C:\Program Files\Java\jdk-21\bin\VCRUNTIME140.dll
0x00007ffd64cc0000 - 0x00007ffd64d74000 	C:\WINDOWS\System32\ADVAPI32.dll
0x00007ffd64ab0000 - 0x00007ffd64b59000 	C:\WINDOWS\System32\msvcrt.dll
0x00007ffd64d80000 - 0x00007ffd64e26000 	C:\WINDOWS\System32\sechost.dll
0x00007ffd642c0000 - 0x00007ffd643d8000 	C:\WINDOWS\System32\RPCRT4.dll
0x00007ffd63dd0000 - 0x00007ffd63f94000 	C:\WINDOWS\System32\USER32.dll
0x00007ffd634b0000 - 0x00007ffd634d7000 	C:\WINDOWS\System32\win32u.dll
0x00007ffd64c90000 - 0x00007ffd64cbb000 	C:\WINDOWS\System32\GDI32.dll
0x00007ffd474e0000 - 0x00007ffd47773000 	C:\WINDOWS\WinSxS\amd64_microsoft.windows.common-controls_6595b64144ccf1df_6.0.26100.5074_none_3e0d6f78e32fd63f\COMCTL32.dll
0x00007ffd63380000 - 0x00007ffd634ad000 	C:\WINDOWS\System32\gdi32full.dll
0x00007ffd63700000 - 0x00007ffd637a3000 	C:\WINDOWS\System32\msvcp_win.dll
0x00007ffd59530000 - 0x00007ffd5953b000 	C:\WINDOWS\SYSTEM32\VERSION.dll
0x00007ffd65340000 - 0x00007ffd6536f000 	C:\WINDOWS\System32\IMM32.DLL
0x00007ffd53970000 - 0x00007ffd5397c000 	C:\Program Files\Java\jdk-21\bin\vcruntime140_1.dll
0x00007ffd49c30000 - 0x00007ffd49cbe000 	C:\Program Files\Java\jdk-21\bin\msvcp140.dll
0x00007ffcee140000 - 0x00007ffceee5d000 	C:\Program Files\Java\jdk-21\bin\server\jvm.dll
0x00007ffd63fa0000 - 0x00007ffd64014000 	C:\WINDOWS\System32\WS2_32.dll
0x00007ffd62c70000 - 0x00007ffd62cce000 	C:\WINDOWS\SYSTEM32\POWRPROF.dll
0x00007ffd590d0000 - 0x00007ffd59105000 	C:\WINDOWS\SYSTEM32\WINMM.dll
0x00007ffd62c50000 - 0x00007ffd62c64000 	C:\WINDOWS\SYSTEM32\UMPDC.dll
0x00007ffd61bf0000 - 0x00007ffd61c0b000 	C:\WINDOWS\SYSTEM32\kernel.appcore.dll
0x00007ffd53720000 - 0x00007ffd5372a000 	C:\Program Files\Java\jdk-21\bin\jimage.dll
0x00007ffd60750000 - 0x00007ffd60992000 	C:\WINDOWS\SYSTEM32\DBGHELP.DLL
0x00007ffd63a50000 - 0x00007ffd63dcb000 	C:\WINDOWS\System32\combase.dll
0x00007ffd649d0000 - 0x00007ffd64aa7000 	C:\WINDOWS\System32\OLEAUT32.dll
0x00007ffd44140000 - 0x00007ffd4417d000 	C:\WINDOWS\SYSTEM32\dbgcore.DLL
0x00007ffd63660000 - 0x00007ffd636f9000 	C:\WINDOWS\System32\bcryptPrimitives.dll
0x00007ffd531a0000 - 0x00007ffd531dc000 	C:\Program Files\Java\jdk-21\bin\jdwp.dll
0x00007ffd53710000 - 0x00007ffd5371f000 	C:\Program Files\Java\jdk-21\bin\instrument.dll
0x00007ffd53690000 - 0x00007ffd536af000 	C:\Program Files\Java\jdk-21\bin\java.dll
0x00007ffd53640000 - 0x00007ffd53658000 	C:\Program Files\Java\jdk-21\bin\zip.dll
0x00007ffd654f0000 - 0x00007ffd65c3d000 	C:\WINDOWS\System32\SHELL32.dll
0x00007ffd62e10000 - 0x00007ffd62f7c000 	C:\WINDOWS\System32\wintypes.dll
0x00007ffd60a40000 - 0x00007ffd61299000 	C:\WINDOWS\SYSTEM32\windows.storage.dll
0x00007ffd650a0000 - 0x00007ffd65190000 	C:\WINDOWS\System32\SHCORE.dll
0x00007ffd64960000 - 0x00007ffd649c2000 	C:\WINDOWS\System32\shlwapi.dll
0x00007ffd62d30000 - 0x00007ffd62d59000 	C:\WINDOWS\SYSTEM32\profapi.dll
0x00007ffd40f30000 - 0x00007ffd41007000 	C:\Program Files\Java\jdk-21\bin\jsvml.dll
0x00007ffd53620000 - 0x00007ffd53630000 	C:\Program Files\Java\jdk-21\bin\net.dll
0x00007ffd58cb0000 - 0x00007ffd58dcf000 	C:\WINDOWS\SYSTEM32\WINHTTP.dll
0x00007ffd62170000 - 0x00007ffd621db000 	C:\WINDOWS\system32\mswsock.dll
0x00007ffd53020000 - 0x00007ffd53036000 	C:\Program Files\Java\jdk-21\bin\nio.dll
0x00007ffd531f0000 - 0x00007ffd531fc000 	C:\Program Files\Java\jdk-21\bin\dt_socket.dll
0x00007ffd61640000 - 0x00007ffd61674000 	C:\WINDOWS\SYSTEM32\IPHLPAPI.DLL
0x0000016891bc0000 - 0x0000016891bc4000 	C:\Users\Ariel\IdeaProjects\GraphVisualizer\lib\javafx-sdk-22.0.2\bin\api-ms-win-core-console-l1-1-0.dll
0x0000016891bd0000 - 0x0000016891bd4000 	C:\Users\Ariel\IdeaProjects\GraphVisualizer\lib\javafx-sdk-22.0.2\bin\api-ms-win-core-console-l1-2-0.dll
0x0000016891be0000 - 0x0000016891be4000 	C:\Users\Ariel\IdeaProjects\GraphVisualizer\lib\javafx-sdk-22.0.2\bin\api-ms-win-core-datetime-l1-1-0.dll
0x0000016891bf0000 - 0x0000016891bf4000 	C:\Users\Ariel\IdeaProjects\GraphVisualizer\lib\javafx-sdk-22.0.2\bin\api-ms-win-core-debug-l1-1-0.dll
0x0000016891c00000 - 0x0000016891c04000 	C:\Users\Ariel\IdeaProjects\GraphVisualizer\lib\javafx-sdk-22.0.2\bin\api-ms-win-core-errorhandling-l1-1-0.dll
0x0000016891c10000 - 0x0000016891c15000 	C:\Users\Ariel\IdeaProjects\GraphVisualizer\lib\javafx-sdk-22.0.2\bin\api-ms-win-core-file-l1-1-0.dll
0x0000016891c20000 - 0x0000016891c24000 	C:\Users\Ariel\IdeaProjects\GraphVisualizer\lib\javafx-sdk-22.0.2\bin\api-ms-win-core-file-l1-2-0.dll
0x0000016891c30000 - 0x0000016891c34000 	C:\Users\Ariel\IdeaProjects\GraphVisualizer\lib\javafx-sdk-22.0.2\bin\api-ms-win-core-file-l2-1-0.dll
0x0000016891c40000 - 0x0000016891c44000 	C:\Users\Ariel\IdeaProjects\GraphVisualizer\lib\javafx-sdk-22.0.2\bin\api-ms-win-core-handle-l1-1-0.dll
0x00000168b1e90000 - 0x00000168b1e94000 	C:\Users\Ariel\IdeaProjects\GraphVisualizer\lib\javafx-sdk-22.0.2\bin\api-ms-win-core-heap-l1-1-0.dll
0x00000168b1ea0000 - 0x00000168b1ea4000 	C:\Users\Ariel\IdeaProjects\GraphVisualizer\lib\javafx-sdk-22.0.2\bin\api-ms-win-core-interlocked-l1-1-0.dll
0x00000168b1eb0000 - 0x00000168b1eb4000 	C:\Users\Ariel\IdeaProjects\GraphVisualizer\lib\javafx-sdk-22.0.2\bin\api-ms-win-core-libraryloader-l1-1-0.dll
0x00000168b1ec0000 - 0x00000168b1ec4000 	C:\Users\Ariel\IdeaProjects\GraphVisualizer\lib\javafx-sdk-22.0.2\bin\api-ms-win-core-localization-l1-2-0.dll
0x00000168b1ed0000 - 0x00000168b1ed4000 	C:\Users\Ariel\IdeaProjects\GraphVisualizer\lib\javafx-sdk-22.0.2\bin\api-ms-win-core-memory-l1-1-0.dll
0x00000168b1ee0000 - 0x00000168b1ee4000 	C:\Users\Ariel\IdeaProjects\GraphVisualizer\lib\javafx-sdk-22.0.2\bin\api-ms-win-core-namedpipe-l1-1-0.dll
0x00000168b1ef0000 - 0x00000168b1ef4000 	C:\Users\Ariel\IdeaProjects\GraphVisualizer\lib\javafx-sdk-22.0.2\bin\api-ms-win-core-processenvironment-l1-1-0.dll
0x00000168b1f00000 - 0x00000168b1f04000 	C:\Users\Ariel\IdeaProjects\GraphVisualizer\lib\javafx-sdk-22.0.2\bin\api-ms-win-core-processthreads-l1-1-0.dll
0x00000168b1f10000 - 0x00000168b1f14000 	C:\Users\Ariel\IdeaProjects\GraphVisualizer\lib\javafx-sdk-22.0.2\bin\api-ms-win-core-processthreads-l1-1-1.dll
0x00000168b1f20000 - 0x00000168b1f24000 	C:\Users\Ariel\IdeaProjects\GraphVisualizer\lib\javafx-sdk-22.0.2\bin\api-ms-win-core-profile-l1-1-0.dll
0x00000168b1f30000 - 0x00000168b1f34000 	C:\Users\Ariel\IdeaProjects\GraphVisualizer\lib\javafx-sdk-22.0.2\bin\api-ms-win-core-rtlsupport-l1-1-0.dll
0x00000168b1f40000 - 0x00000168b1f44000 	C:\Users\Ariel\IdeaProjects\GraphVisualizer\lib\javafx-sdk-22.0.2\bin\api-ms-win-core-string-l1-1-0.dll
0x00000168b1f50000 - 0x00000168b1f54000 	C:\Users\Ariel\IdeaProjects\GraphVisualizer\lib\javafx-sdk-22.0.2\bin\api-ms-win-core-synch-l1-1-0.dll
0x00000168b1f60000 - 0x00000168b1f64000 	C:\Users\Ariel\IdeaProjects\GraphVisualizer\lib\javafx-sdk-22.0.2\bin\api-ms-win-core-synch-l1-2-0.dll
0x00000168b1f70000 - 0x00000168b1f74000 	C:\Users\Ariel\IdeaProjects\GraphVisualizer\lib\javafx-sdk-22.0.2\bin\api-ms-win-core-sysinfo-l1-1-0.dll
0x00000168b1f80000 - 0x00000168b1f84000 	C:\Users\Ariel\IdeaProjects\GraphVisualizer\lib\javafx-sdk-22.0.2\bin\api-ms-win-core-timezone-l1-1-0.dll
0x00000168b1f90000 - 0x00000168b1f94000 	C:\Users\Ariel\IdeaProjects\GraphVisualizer\lib\javafx-sdk-22.0.2\bin\api-ms-win-core-util-l1-1-0.dll
0x00000168b1fa0000 - 0x00000168b1fa4000 	C:\Users\Ariel\IdeaProjects\GraphVisualizer\lib\javafx-sdk-22.0.2\bin\api-ms-win-crt-conio-l1-1-0.dll
0x00000168b1fb0000 - 0x00000168b1fb5000 	C:\Users\Ariel\IdeaProjects\GraphVisualizer\lib\javafx-sdk-22.0.2\bin\api-ms-win-crt-convert-l1-1-0.dll
0x00000168b1fc0000 - 0x00000168b1fc4000 	C:\Users\Ariel\IdeaProjects\GraphVisualizer\lib\javafx-sdk-22.0.2\bin\api-ms-win-crt-environment-l1-1-0.dll
0x00000168b1fd0000 - 0x00000168b1fd4000 	C:\Users\Ariel\IdeaProjects\GraphVisualizer\lib\javafx-sdk-22.0.2\bin\api-ms-win-crt-filesystem-l1-1-0.dll
0x00000168b1fe0000 - 0x00000168b1fe4000 	C:\Users\Ariel\IdeaProjects\GraphVisualizer\lib\javafx-sdk-22.0.2\bin\api-ms-win-crt-heap-l1-1-0.dll
0x00000168b1ff0000 - 0x00000168b1ff4000 	C:\Users\Ariel\IdeaProjects\GraphVisualizer\lib\javafx-sdk-22.0.2\bin\api-ms-win-crt-locale-l1-1-0.dll
0x00000168f87d0000 - 0x00000168f87d6000 	C:\Users\Ariel\IdeaProjects\GraphVisualizer\lib\javafx-sdk-22.0.2\bin\api-ms-win-crt-math-l1-1-0.dll
0x00000168f87e0000 - 0x00000168f87e6000 	C:\Users\Ariel\IdeaProjects\GraphVisualizer\lib\javafx-sdk-22.0.2\bin\api-ms-win-crt-multibyte-l1-1-0.dll
0x00000168f87f0000 - 0x00000168f8801000 	C:\Users\Ariel\IdeaProjects\GraphVisualizer\lib\javafx-sdk-22.0.2\bin\api-ms-win-crt-private-l1-1-0.dll
0x00000168f8810000 - 0x00000168f8814000 	C:\Users\Ariel\IdeaProjects\GraphVisualizer\lib\javafx-sdk-22.0.2\bin\api-ms-win-crt-process-l1-1-0.dll
0x00000168f8b50000 - 0x00000168f8b55000 	C:\Users\Ariel\IdeaProjects\GraphVisualizer\lib\javafx-sdk-22.0.2\bin\api-ms-win-crt-runtime-l1-1-0.dll
0x00000168f8b60000 - 0x00000168f8b65000 	C:\Users\Ariel\IdeaProjects\GraphVisualizer\lib\javafx-sdk-22.0.2\bin\api-ms-win-crt-stdio-l1-1-0.dll
0x00000168f8b70000 - 0x00000168f8b75000 	C:\Users\Ariel\IdeaProjects\GraphVisualizer\lib\javafx-sdk-22.0.2\bin\api-ms-win-crt-string-l1-1-0.dll
0x00000168f8b80000 - 0x00000168f8b84000 	C:\Users\Ariel\IdeaProjects\GraphVisualizer\lib\javafx-sdk-22.0.2\bin\api-ms-win-crt-time-l1-1-0.dll
0x00000168f8b90000 - 0x00000168f8b94000 	C:\Users\Ariel\IdeaProjects\GraphVisualizer\lib\javafx-sdk-22.0.2\bin\api-ms-win-crt-utility-l1-1-0.dll
0x00007ffd25830000 - 0x00007ffd25941000 	C:\Users\Ariel\IdeaProjects\GraphVisualizer\lib\javafx-sdk-22.0.2\bin\ucrtbase.dll
0x00007ffd526d0000 - 0x00007ffd526eb000 	C:\Users\Ariel\IdeaProjects\GraphVisualizer\lib\javafx-sdk-22.0.2\bin\vcruntime140.dll
0x00007ffd53180000 - 0x00007ffd5318c000 	C:\Users\Ariel\IdeaProjects\GraphVisualizer\lib\javafx-sdk-22.0.2\bin\vcruntime140_1.dll
0x00007ffd494c0000 - 0x00007ffd4954e000 	C:\Users\Ariel\IdeaProjects\GraphVisualizer\lib\javafx-sdk-22.0.2\bin\msvcp140.dll
0x00007ffd530b0000 - 0x00007ffd530b9000 	C:\Users\Ariel\IdeaProjects\GraphVisualizer\lib\javafx-sdk-22.0.2\bin\msvcp140_1.dll
0x00007ffd49340000 - 0x00007ffd49381000 	C:\Users\Ariel\IdeaProjects\GraphVisualizer\lib\javafx-sdk-22.0.2\bin\msvcp140_2.dll
0x00007ffd526a0000 - 0x00007ffd526d0000 	C:\Users\Ariel\IdeaProjects\GraphVisualizer\lib\javafx-sdk-22.0.2\bin\prism_d3d.dll
0x00007ffd47930000 - 0x00007ffd47ae1000 	C:\WINDOWS\system32\d3d9.dll
0x00007ffd5ffe0000 - 0x00007ffd6000b000 	C:\WINDOWS\SYSTEM32\dwmapi.dll
0x00007ffd5fe30000 - 0x00007ffd5fe74000 	C:\WINDOWS\SYSTEM32\dxcore.dll
0x00007ffd5fd50000 - 0x00007ffd5fdf8000 	C:\WINDOWS\system32\uxtheme.dll
0x00007ffd5fe80000 - 0x00007ffd5ffba000 	C:\WINDOWS\SYSTEM32\dxgi.dll
0x00007ffd629a0000 - 0x00007ffd629f7000 	C:\WINDOWS\SYSTEM32\cfgmgr32.dll
0x00007ffd634e0000 - 0x00007ffd63657000 	C:\WINDOWS\System32\CRYPT32.dll
0x00007ffd651a0000 - 0x00007ffd65338000 	C:\WINDOWS\System32\ole32.dll
0x00007ffd62d00000 - 0x00007ffd62d26000 	C:\WINDOWS\SYSTEM32\bcrypt.dll
0x00007ffd64460000 - 0x00007ffd648e7000 	C:\WINDOWS\System32\SETUPAPI.dll
0x00007ffd62970000 - 0x00007ffd6299d000 	C:\WINDOWS\SYSTEM32\DEVOBJ.dll
0x00007ffd639c0000 - 0x00007ffd63a3e000 	C:\WINDOWS\System32\WINTRUST.dll
0x00007ffd62540000 - 0x00007ffd62553000 	C:\WINDOWS\SYSTEM32\MSASN1.dll
0x00007ffd5c660000 - 0x00007ffd5c6c0000 	C:\WINDOWS\SYSTEM32\directxdatabasehelper.dll
0x00007ffd54050000 - 0x00007ffd57d4c000 	C:\WINDOWS\System32\DriverStore\FileRepository\iigd_dch.inf_amd64_9741ef1f4093481f\igc64.dll
0x00007ffd62210000 - 0x00007ffd6223b000 	C:\WINDOWS\SYSTEM32\USERENV.dll
0x00007ffd589d0000 - 0x00007ffd58c09000 	C:\WINDOWS\SYSTEM32\twinapi.appcore.dll
0x00007ffd47ec0000 - 0x00007ffd47f05000 	C:\Users\Ariel\IdeaProjects\GraphVisualizer\lib\javafx-sdk-22.0.2\bin\glass.dll
0x00007ffd64f10000 - 0x00007ffd65001000 	C:\WINDOWS\System32\COMDLG32.dll
0x00007ffd65380000 - 0x00007ffd654d8000 	C:\WINDOWS\System32\MSCTF.dll
0x00007ffd64020000 - 0x00007ffd640d1000 	C:\WINDOWS\System32\clbcatq.dll
0x00007ffd31340000 - 0x00007ffd31490000 	C:\Windows\System32\Windows.UI.dll
0x00007ffd2adc0000 - 0x00007ffd2af0d000 	C:\Windows\System32\Windows.UI.Immersive.dll
0x00007ffd519f0000 - 0x00007ffd51a05000 	C:\Users\Ariel\IdeaProjects\GraphVisualizer\lib\javafx-sdk-22.0.2\bin\javafx_font.dll
0x00007ffd5e590000 - 0x00007ffd5e7f7000 	C:\WINDOWS\SYSTEM32\dwrite.dll
0x00007ffd5e350000 - 0x00007ffd5e57f000 	C:\WINDOWS\SYSTEM32\WindowsCodecs.dll
0x00007ffd25630000 - 0x00007ffd2568a000 	C:\WINDOWS\system32\dataexchange.dll
0x00007ffd51b10000 - 0x00007ffd51b3c000 	C:\Program Files\Common Files\Microsoft Shared\Ink\rtscom.dll
0x00007ffd50cc0000 - 0x00007ffd50e09000 	C:\WINDOWS\SYSTEM32\textinputframework.dll
0x00007ffd5f720000 - 0x00007ffd5f845000 	C:\WINDOWS\SYSTEM32\CoreMessaging.dll

dbghelp: loaded successfully - version: 4.0.5 - missing functions: none
symbol engine: initialized successfully - sym options: 0x614 - pdb path: .;C:\Program Files\Java\jdk-21\bin;C:\WINDOWS\SYSTEM32;C:\WINDOWS\WinSxS\amd64_microsoft.windows.common-controls_6595b64144ccf1df_6.0.26100.5074_none_3e0d6f78e32fd63f;C:\Program Files\Java\jdk-21\bin\server;C:\Users\Ariel\IdeaProjects\GraphVisualizer\lib\javafx-sdk-22.0.2\bin;C:\WINDOWS\System32\DriverStore\FileRepository\iigd_dch.inf_amd64_9741ef1f4093481f;C:\Program Files\Common Files\Microsoft Shared\Ink;C:\WINDOWS\WinSxS\amd64_microsoft.windows.common-controls_6595b64144ccf1df_5.82.26100.5074_none_87eb64a37a300c6e;C:\WINDOWS\WinSxS\amd64_microsoft.windows.gdiplus_6595b64144ccf1df_1.1.26100.5074_none_6ef8625e3dc2500d

VM Arguments:
jvm_args: -agentlib:jdwp=transport=dt_socket,address=127.0.0.1:57346,suspend=y,server=n --module-path=C:\Users\Ariel\IdeaProjects\GraphVisualizer\lib\javafx-sdk-22.0.2\lib --add-modules=javafx.controls,javafx.fxml -javaagent:C:\Users\Ariel\AppData\Local\JetBrains\IntelliJIdea2024.1\captureAgent\debugger-agent.jar -Dfile.encoding=UTF-8 -Dsun.stdout.encoding=UTF-8 -Dsun.stderr.encoding=UTF-8 
java_command: GraphVisualizer.GraphVisualizer
java_class_path (initial): C:\Users\Ariel\IdeaProjects\GraphVisualizer\out\production\GraphVisualizer;C:\Users\Ariel\IdeaProjects\GraphVisualizer\lib\javafx-sdk-22.0.2\lib\javafx-swt.jar;C:\Users\Ariel\IdeaProjects\GraphVisualizer\lib\javafx-sdk-22.0.2\lib\javafx.web.jar;C:\Users\Ariel\IdeaProjects\GraphVisualizer\lib\javafx-sdk-22.0.2\lib\javafx.base.jar;C:\Users\Ariel\IdeaProjects\GraphVisualizer\lib\javafx-sdk-22.0.2\lib\javafx.fxml.jar;C:\Users\Ariel\IdeaProjects\GraphVisualizer\lib\javafx-sdk-22.0.2\lib\javafx.media.jar;C:\Users\Ariel\IdeaProjects\GraphVisualizer\lib\javafx-sdk-22.0.2\lib\javafx.swing.jar;C:\Users\Ariel\IdeaProjects\GraphVisualizer\lib\javafx-sdk-22.0.2\lib\javafx.controls.jar;C:\Users\Ariel\IdeaProjects\GraphVisualizer\lib\javafx-sdk-22.0.2\lib\javafx.graphics.jar;C:\Program Files\JetBrains\IntelliJ IDEA 2024.1.4\lib\idea_rt.jar
Launcher Type: SUN_STANDARD

[Global flags]
     intx CICompilerCount                          = 12                                        {product} {ergonomic}
     uint ConcGCThreads                            = 3                                         {product} {ergonomic}
     uint G1ConcRefinementThreads                  = 13                                        {product} {ergonomic}
   size_t G1HeapRegionSize                         = 2097152                                   {product} {ergonomic}
    uintx GCDrainStackTargetSize                   = 64                                        {product} {ergonomic}
   size_t InitialHeapSize                          = 264241152                                 {product} {ergonomic}
   size_t MarkStackSize                            = 4194304                                   {product} {ergonomic}
   size_t MaxHeapSize                              = 4198498304                                {product} {ergonomic}
   size_t MaxNewSize                               = 2518679552                                {product} {ergonomic}
   size_t MinHeapDeltaBytes                        = 2097152                                   {product} {ergonomic}
   size_t MinHeapSize                              = 8388608                                   {product} {ergonomic}
    uintx NonNMethodCodeHeapSize                   = 7602480                                {pd product} {ergonomic}
    uintx NonProfiledCodeHeapSize                  = 122027880                              {pd product} {ergonomic}
    uintx ProfiledCodeHeapSize                     = 122027880                              {pd product} {ergonomic}
    uintx ReservedCodeCacheSize                    = 251658240                              {pd product} {ergonomic}
     bool SegmentedCodeCache                       = true                                      {product} {ergonomic}
   size_t SoftMaxHeapSize                          = 4198498304                             {manageable} {ergonomic}
     bool UseCompressedOops                        = true                           {product lp64_product} {ergonomic}
     bool UseG1GC                                  = true                                      {product} {ergonomic}
     bool UseLargePagesIndividualAllocation        = false                                  {pd product} {ergonomic}

Logging:
Log output configuration:
 #0: stdout all=off uptime,level,tags foldmultilines=false
 #1: stderr all=off uptime,level,tags foldmultilines=false

Environment Variables:
JAVA_HOME=C:\Program Files\Java\jdk-21
PATH=C:\Program Files\Eclipse Adoptium\jdk-17.0.16.8-hotspot\bin;C:\Program Files\Microsoft\jdk-11.0.12.7-hotspot\bin;C:\Program Files\Common Files\Oracle\Java\javapath;C:\Program Files (x86)\Common Files\Oracle\Java\java8path;C:\Program Files (x86)\Common Files\Oracle\Java\javapath;C:\Windows\system32;C:\Windows;C:\Windows\System32\Wbem;C:\Windows\System32\WindowsPowerShell\v1.0\;C:\Windows\System32\OpenSSH\;C:\Program Files\dotnet\;C:\WINDOWS\system32;C:\WINDOWS;C:\WINDOWS\System32\Wbem;C:\WINDOWS\System32\WindowsPowerShell\v1.0\;C:\WINDOWS\System32\OpenSSH\;C:\Program Files\Microsoft SQL Server\150\Tools\Binn\;C:\Program Files\Microsoft SQL Server\Client SDK\ODBC\170\Tools\Binn\;C:\Program Files\nodejs\;'C:\Users\Ariel\AppData\Local\Packages\PythonSoftwareFoundation.Python.3.11_qbz5n2kfra8p0\LocalCache\local-packages\Python311\Scripts;C:\Program Files\Git\cmd;C:\Program Files\Docker\Docker\resources\bin;C:\WINDOWS\system32;C:\WINDOWS;C:\WINDOWS\System32\Wbem;C:\WINDOWS\System32\WindowsPowerShell\v1.0\;C:\WINDOWS\System32\OpenSSH\;C:\Users\Ariel\Downloads\gradle-9.1.0-all\gradle-9.1.0\bin;C:\Program Files\GitExtensions\;C:\Program Files\Java\jdk-21\bin;C:\Users\Ariel\AppData\Local\Microsoft\WindowsApps;C:\Users\Ariel\.dotnet\tools;C:\Users\Ariel\AppData\Local\Programs\Microsoft VS Code\bin;C:\Program Files\JetBrains\IntelliJ IDEA 2023.2.4\bin;C:\Program Files\Java\jdk-21\bin;;C:\Program Files\JetBrains\IntelliJ IDEA Community Edition 2023.2.4\bin;;C:\Users\Ariel\AppData\Local\GitHubDesktop\bin;C:\Users\Ariel\AppData\Local\Microsoft\WinGet\Packages\Schniz.fnm_Microsoft.Winget.Source_8wekyb3d8bbwe;C:\Users\Ariel\AppData\Roaming\npm;C:\Users\Ariel\AppData\Local\Google\Cloud SDK\google-cloud-sdk\bin;
USERNAME=Ariel
OS=Windows_NT
PROCESSOR_IDENTIFIER=Intel64 Family 6 Model 154 Stepping 3, GenuineIntel
TMP=C:\Users\Ariel\AppData\Local\Temp
TEMP=C:\Users\Ariel\AppData\Local\Temp




Periodic native trim disabled

---------------  S Y S T E M  ---------------

OS:
 Windows 11 , 64 bit Build 26100 (10.0.26100.5074)
OS uptime: 27 days 19:52 hours
Hyper-V role detected

CPU: total 16 (initial active 16) (8 cores per cpu, 2 threads per core) family 6 model 154 stepping 3 microcode 0x421, cx8, cmov, fxsr, ht, mmx, 3dnowpref, sse, sse2, sse3, ssse3, sse4.1, sse4.2, popcnt, lzcnt, tsc, tscinvbit, avx, avx2, aes, erms, clmul, bmi1, bmi2, adx, sha, fma, vzeroupper, clflush, clflushopt, clwb, hv, serialize, rdtscp, rdpid, fsrm, f16c, cet_ibt, cet_ss
Processor Information for processor 0
  Max Mhz: 1700, Current Mhz: 1700, Mhz Limit: 1700
Processor Information for processor 1
  Max Mhz: 1700, Current Mhz: 1700, Mhz Limit: 1700
Processor Information for processor 2
  Max Mhz: 1700, Current Mhz: 1700, Mhz Limit: 1700
Processor Information for processor 3
  Max Mhz: 1700, Current Mhz: 1700, Mhz Limit: 1700
Processor Information for processor 4
  Max Mhz: 1700, Current Mhz: 1457, Mhz Limit: 1700
Processor Information for processor 5
  Max Mhz: 1700, Current Mhz: 1457, Mhz Limit: 1700
Processor Information for processor 6
  Max Mhz: 1700, Current Mhz: 1700, Mhz Limit: 1700
Processor Information for processor 7
  Max Mhz: 1700, Current Mhz: 1700, Mhz Limit: 1700
Processor Information for processor 8
  Max Mhz: 1700, Current Mhz: 1200, Mhz Limit: 1190
Processor Information for processor 9
  Max Mhz: 1700, Current Mhz: 1200, Mhz Limit: 1190
Processor Information for processor 10
  Max Mhz: 1700, Current Mhz: 1200, Mhz Limit: 1190
Processor Information for processor 11
  Max Mhz: 1700, Current Mhz: 1200, Mhz Limit: 1190
Processor Information for processor 12
  Max Mhz: 1700, Current Mhz: 1200, Mhz Limit: 1190
Processor Information for processor 13
  Max Mhz: 1700, Current Mhz: 1200, Mhz Limit: 1190
Processor Information for processor 14
  Max Mhz: 1700, Current Mhz: 1200, Mhz Limit: 1190
Processor Information for processor 15
  Max Mhz: 1700, Current Mhz: 1200, Mhz Limit: 1190

Memory: 4k page, system-wide physical 16008M (2088M free)
TotalPageFile size 39237M (AvailPageFile size 11724M)
current process WorkingSet (physical memory assigned to process): 441M, peak: 460M
current process commit charge ("private bytes"): 497M, peak: 634M

vm_info: Java HotSpot(TM) 64-Bit Server VM (21.0.8+12-LTS-250) for windows-amd64 JRE (21.0.8+12-LTS-250), built on 2025-06-27T08:11:22Z by "mach5one" with MS VC++ 17.6 (VS2022)

END.
