#
# A fatal error has been detected by the Java Runtime Environment:
#
#  EXCEPTION_ACCESS_VIOLATION (0xc0000005) at pc=0x00007ffd526c82d7, pid=18516, tid=2520
#
# JRE version: Java(TM) SE Runtime Environment (21.0.8+12) (build 21.0.8+12-LTS-250)
# Java VM: Java HotSpot(TM) 64-Bit Server VM (21.0.8+12-LTS-250, mixed mode, sharing, tiered, compressed oops, compressed class ptrs, g1 gc, windows-amd64)
# Problematic frame:
# C  [glass.dll+0x282d7]
#
# No core dump will be written. Minidumps are not enabled by default on client versions of Windows
#
# If you would like to submit a bug report, please visit:
#   https://bugreport.java.com/bugreport/crash.jsp
#

---------------  S U M M A R Y ------------

Command Line: -agentlib:jdwp=transport=dt_socket,address=127.0.0.1:61781,suspend=y,server=n --module-path=C:\Users\Ariel\IdeaProjects\GraphVisualizer\lib\javafx-sdk-22.0.2\lib --add-modules=javafx.controls,javafx.fxml -javaagent:C:\Users\Ariel\AppData\Local\JetBrains\IntelliJIdea2024.1\captureAgent\debugger-agent.jar -Dfile.encoding=UTF-8 -Dsun.stdout.encoding=UTF-8 -Dsun.stderr.encoding=UTF-8 GraphVisualizer.GraphVisualizer

Host: 12th Gen Intel(R) Core(TM) i5-1240P, 16 cores, 15G,  Windows 11 , 64 bit Build 26100 (10.0.26100.5074)
Time: Sat Oct 25 16:01:18 2025 Jerusalem Summer Time elapsed time: 67.964187 seconds (0d 0h 1m 7s)

---------------  T H R E A D  ---------------

Current thread (0x0000022e776eca30):  VMThread "VM Thread"          [id=2520, stack(0x000000645c500000,0x000000645c600000) (1024K)]

Stack: [0x000000645c500000,0x000000645c600000],  sp=0x000000645c5fed40,  free space=1019k
Native frames: (J=compiled Java code, j=interpreted, Vv=VM code, C=native code)
C  [glass.dll+0x282d7]


siginfo: EXCEPTION_ACCESS_VIOLATION (0xc0000005), reading address 0x0000000000000000


Registers:
RAX=0x0000000000000000, RBX=0x0000022e7e3e838a, RCX=0x0000022e776eca30, RDX=0x000000645c5fed40
RSP=0x000000645c5fed40, RBP=0x00008f5680310976, RSI=0x0000022e7cf8e018, RDI=0x0000022e7cf8dff0
R8 =0x0000000000010002, R9 =0x00008f5680310976, R10=0x0000022e55920000, R11=0x0000022e7c6f80d0
R12=0x0000000000000001, R13=0x00007ffd526c5be0, R14=0x000000645c5fee48, R15=0x0000022e7cf8dff0
RIP=0x00007ffd526c82d7, EFLAGS=0x0000000000010202


Register to memory mapping:

RAX=0x0 is null
RBX=0x0000022e7e3e838a is a global jni handle
RCX=0x0000022e776eca30 points into unknown readable memory: 0x00007ffceebb9830 | 30 98 bb ee fc 7f 00 00
RDX=0x000000645c5fed40 points into unknown readable memory: 0x0000000000000000 | 00 00 00 00 00 00 00 00
RSP=0x000000645c5fed40 points into unknown readable memory: 0x0000000000000000 | 00 00 00 00 00 00 00 00
RBP=0x00008f5680310976 is an unknown value
RSI=0x0000022e7cf8e018 points into unknown readable memory: 0x00008f5680310976 | 76 09 31 80 56 8f 00 00
RDI=0x0000022e7cf8dff0 points into unknown readable memory: 0xbe008f497f659263 | 63 92 65 7f 49 8f 00 be
R8 =0x0000000000010002 is an unknown value
R9 =0x00008f5680310976 is an unknown value
R10=0x0000022e55920000 points into unknown readable memory: 0x0000000000000000 | 00 00 00 00 00 00 00 00
R11=0x0000022e7c6f80d0 points into unknown readable memory: 0x0000022e7c6f8050 | 50 80 6f 7c 2e 02 00 00
R12=0x0000000000000001 is an unknown value
R13=0x00007ffd526c5be0 glass.dll
R14=0x000000645c5fee48 points into unknown readable memory: 0x000000645c5fee30 | 30 ee 5f 5c 64 00 00 00
R15=0x0000022e7cf8dff0 points into unknown readable memory: 0xbe008f497f659263 | 63 92 65 7f 49 8f 00 be

Top of Stack: (sp=0x000000645c5fed40)
0x000000645c5fed40:   0000000000000000 0000022e00000000
0x000000645c5fed50:   0000022e7c5ed620 0000000000000001
0x000000645c5fed60:   0000022e7cf8dff8 00007ffd637fbc75
0x000000645c5fed70:   0000022e7cf8dff0 0000022e00000000
0x000000645c5fed80:   0000022e7cf8e010 00008f5680310976
0x000000645c5fed90:   fffffffffffffffe 000000645c5fee18
0x000000645c5feda0:   00007ffd526a0000 00007ffd526a0000
0x000000645c5fedb0:   000000645c5fee38 00007ffd637fb897
0x000000645c5fedc0:   000000645c5fee00 000000645c5fee48
0x000000645c5fedd0:   000000645c5ff130 00007ffd638e88c0
0x000000645c5fede0:   0000000000000001 00007ffd637fb84d
0x000000645c5fedf0:   0000000000000000 0000000000000001
0x000000645c5fee00:   0000000000000001 000000645c5fee38
0x000000645c5fee10:   fffffffffffffffe 000000007ffe0385
0x000000645c5fee20:   0000000000000000 00007ffd526c5a6d
0x000000645c5fee30:   00007ffd526dd078 00007ffd00000002
0x000000645c5fee40:   00007ffd00000002 000000645c5fee30
0x000000645c5fee50:   0000000000000000 00007267d11bff75
0x000000645c5fee60:   0000000000000000 00007ffd526c5b92
0x000000645c5fee70:   0000000000000001 0000000000000001
0x000000645c5fee80:   000000007ffe0385 00007ffd65cf4f8f
0x000000645c5fee90:   000000645c5ff130 00007ffd624311fe
0x000000645c5feea0:   0000000000000001 0000000000000000
0x000000645c5feeb0:   0000000000000000 000000007ffe0384
0x000000645c5feec0:   0000022e7c6f5e40 00007ffd65de0ede
0x000000645c5feed0:   00007ffd526a0000 0000022e00000000
0x000000645c5feee0:   0000000000000001 000000007ffe0385
0x000000645c5feef0:   00007ffd526c95a8 00007ffd65cf483e
0x000000645c5fef00:   0000000000000000 0000000000000000
0x000000645c5fef10:   0000000000000000 0000000000000000
0x000000645c5fef20:   0000000000000000 0000000000000000
0x000000645c5fef30:   0000000000000000 0000000000000000 

Instructions: (pc=0x00007ffd526c82d7)
0x00007ffd526c81d7:   8b 4d 58 e8 49 cf ff ff 48 8b 4d 60 e8 40 cf ff
0x00007ffd526c81e7:   ff 48 8b 95 80 00 00 00 48 8b 8d 18 01 00 00 e8
0x00007ffd526c81f7:   26 c5 ff ff 33 d2 33 c9 e8 8c e1 ff ff 90 48 89
0x00007ffd526c8207:   54 24 10 55 48 83 ec 20 48 8b ea 48 b8 00 00 00
0x00007ffd526c8217:   00 00 00 00 00 48 83 c4 20 5d c3 cc 40 55 48 8b
0x00007ffd526c8227:   ea 48 8b 01 33 c9 81 38 05 00 00 c0 0f 94 c1 8b
0x00007ffd526c8237:   c1 5d c3 cc 40 55 48 83 ec 20 48 8b ea 8a 4d 40
0x00007ffd526c8247:   48 83 c4 20 5d e9 33 d3 ff ff cc 40 55 48 83 ec
0x00007ffd526c8257:   20 48 8b ea 8a 4d 20 e8 21 d3 ff ff 90 48 83 c4
0x00007ffd526c8267:   20 5d c3 cc 40 55 48 83 ec 20 48 8b ea 48 83 c4
0x00007ffd526c8277:   20 5d e9 82 d1 ff ff cc 40 55 48 83 ec 30 48 8b
0x00007ffd526c8287:   ea 48 8b 01 8b 10 48 89 4c 24 28 89 54 24 20 4c
0x00007ffd526c8297:   8d 0d 23 d6 ff ff 4c 8b 45 70 8b 55 68 48 8b 4d
0x00007ffd526c82a7:   60 e8 c3 d0 ff ff 90 48 83 c4 30 5d c3 cc cc cc
0x00007ffd526c82b7:   cc cc cc cc cc cc cc cc cc 40 53 48 83 ec 20 48
0x00007ffd526c82c7:   8b 1d 6b 47 01 00 48 85 db 74 16 e8 39 90 ff ff
0x00007ffd526c82d7:   4c 8b 00 48 8b d3 48 8b c8 41 ff 90 b0 00 00 00
0x00007ffd526c82e7:   90 48 83 c4 20 5b c3 cc cc 40 53 48 83 ec 20 48
0x00007ffd526c82f7:   8b 1d ab 48 01 00 48 85 db 74 57 b8 ff ff ff ff
0x00007ffd526c8307:   f0 0f c1 43 10 83 f8 01 75 3d 48 85 db 74 38 48
0x00007ffd526c8317:   8b 0b 48 85 c9 74 0d ff 15 8c 0f 00 00 48 c7 03
0x00007ffd526c8327:   00 00 00 00 48 8b 4b 08 48 85 c9 74 0d e8 ef cd
0x00007ffd526c8337:   ff ff 48 c7 43 08 00 00 00 00 ba 18 00 00 00 48
0x00007ffd526c8347:   8b cb e8 da cd ff ff 48 c7 05 4f 48 01 00 00 00
0x00007ffd526c8357:   00 00 48 83 c4 20 5b c3 cc 40 53 48 83 ec 20 48
0x00007ffd526c8367:   8b 1d 1b 48 01 00 48 85 db 74 57 b8 ff ff ff ff
0x00007ffd526c8377:   f0 0f c1 43 10 83 f8 01 75 3d 48 85 db 74 38 48
0x00007ffd526c8387:   8b 0b 48 85 c9 74 0d ff 15 1c 0f 00 00 48 c7 03
0x00007ffd526c8397:   00 00 00 00 48 8b 4b 08 48 85 c9 74 0d e8 7f cd
0x00007ffd526c83a7:   ff ff 48 c7 43 08 00 00 00 00 ba 18 00 00 00 48
0x00007ffd526c83b7:   8b cb e8 6a cd ff ff 48 c7 05 bf 47 01 00 00 00
0x00007ffd526c83c7:   00 00 48 83 c4 20 5b c3 cc 40 53 48 83 ec 20 48 


Stack slot to memory mapping:

stack at sp + 0 slots: 0x0 is null
stack at sp + 1 slots: 0x0000022e00000000 is pointing into metadata
stack at sp + 2 slots: 0x0000022e7c5ed620 points into unknown readable memory: 0x0000022e7c5ed290 | 90 d2 5e 7c 2e 02 00 00
stack at sp + 3 slots: 0x0000000000000001 is an unknown value
stack at sp + 4 slots: 0x0000022e7cf8dff8 points into unknown readable memory: 0x00008f5680310976 | 76 09 31 80 56 8f 00 00
stack at sp + 5 slots: 0x00007ffd637fbc75 ucrtbase.dll
stack at sp + 6 slots: 0x0000022e7cf8dff0 points into unknown readable memory: 0xbe008f497f659263 | 63 92 65 7f 49 8f 00 be
stack at sp + 7 slots: 0x0000022e00000000 is pointing into metadata

VM_Operation (0x000000645bbff4d0): Exit, mode: safepoint, requested by thread 0x0000022e778899f0


---------------  P R O C E S S  ---------------

Threads class SMR info:
_java_thread_list=0x0000022e7c285d20, length=23, elements={
0x0000022e57c0a940, 0x0000022e77707af0, 0x0000022e77709360, 0x0000022e777128c0,
0x0000022e7771c3a0, 0x0000022e7771db10, 0x0000022e77720770, 0x0000022e7772dd60,
0x0000022e779471a0, 0x0000022e7c920aa0, 0x0000022e7d083880, 0x0000022e7d8a5960,
0x0000022e7c6f8fe0, 0x0000022e77a25f50, 0x0000022e7d373020, 0x0000022e7d373680,
0x0000022e7e207d90, 0x0000022e7df5a4e0, 0x0000022e7df5cc40, 0x0000022e7df5bf20,
0x0000022e778899f0, 0x0000022e7788db90, 0x0000022e7de73810
}

Java Threads: ( => current thread )
  0x0000022e57c0a940 JavaThread "main"                              [_thread_blocked, id=45792, stack(0x000000645be00000,0x000000645bf00000) (1024K)]
  0x0000022e77707af0 JavaThread "Reference Handler"          daemon [_thread_blocked, id=56776, stack(0x000000645c600000,0x000000645c700000) (1024K)]
  0x0000022e77709360 JavaThread "Finalizer"                  daemon [_thread_blocked, id=62436, stack(0x000000645c700000,0x000000645c800000) (1024K)]
  0x0000022e777128c0 JavaThread "Attach Listener"            daemon [_thread_blocked, id=39848, stack(0x000000645c900000,0x000000645ca00000) (1024K)]
  0x0000022e7771c3a0 JavaThread "Service Thread"             daemon [_thread_blocked, id=42472, stack(0x000000645ca00000,0x000000645cb00000) (1024K)]
  0x0000022e7771db10 JavaThread "Monitor Deflation Thread"   daemon [_thread_blocked, id=32796, stack(0x000000645cb00000,0x000000645cc00000) (1024K)]
  0x0000022e77720770 JavaThread "C2 CompilerThread0"         daemon [_thread_blocked, id=15900, stack(0x000000645cc00000,0x000000645cd00000) (1024K)]
  0x0000022e7772dd60 JavaThread "C1 CompilerThread0"         daemon [_thread_blocked, id=60132, stack(0x000000645cd00000,0x000000645ce00000) (1024K)]
  0x0000022e779471a0 JavaThread "Common-Cleaner"             daemon [_thread_blocked, id=37676, stack(0x000000645ce00000,0x000000645cf00000) (1024K)]
  0x0000022e7c920aa0 JavaThread "JDWP Event Helper Thread"   daemon [_thread_blocked, id=58020, stack(0x000000645d700000,0x000000645d800000) (1024K)]
  0x0000022e7d083880 JavaThread "Notification Thread"        daemon [_thread_blocked, id=33440, stack(0x000000645d900000,0x000000645da00000) (1024K)]
  0x0000022e7d8a5960 JavaThread "QuantumRenderer-0"          daemon [_thread_blocked, id=34144, stack(0x000000645d400000,0x000000645d500000) (1024K)]
  0x0000022e7c6f8fe0 JavaThread "InvokeLaterDispatcher"      daemon [_thread_blocked, id=57680, stack(0x000000645dd00000,0x000000645de00000) (1024K)]
  0x0000022e77a25f50 JavaThread "JavaFX Application Thread"         [_thread_blocked, id=15880, stack(0x000000645d200000,0x000000645d300000) (1024K)]
  0x0000022e7d373020 JavaThread "JavaFX-Launcher"                   [_thread_blocked, id=48320, stack(0x000000645e800000,0x000000645e900000) (1024K)]
  0x0000022e7d373680 JavaThread "Thread-2"                   daemon [_thread_in_native, id=2768, stack(0x000000645de00000,0x000000645df00000) (1024K)]
  0x0000022e7e207d90 JavaThread "Prism Font Disposer"        daemon [_thread_blocked, id=6104, stack(0x000000645ec00000,0x000000645ed00000) (1024K)]
  0x0000022e7df5a4e0 JavaThread "Cleaner-0"                  daemon [_thread_blocked, id=20852, stack(0x000000645f700000,0x000000645f800000) (1024K)]
  0x0000022e7df5cc40 JavaThread "Java2D Disposer"            daemon [_thread_blocked, id=17196, stack(0x000000645e900000,0x000000645ea00000) (1024K)]
  0x0000022e7df5bf20 JavaThread "TimerQueue"                 daemon [_thread_blocked, id=37524, stack(0x000000645ff00000,0x0000006460000000) (1024K)]
  0x0000022e778899f0 JavaThread "SIGINT handler"             daemon [_thread_blocked, id=41256, stack(0x000000645bb00000,0x000000645bc00000) (1024K)]
  0x0000022e7788db90 JavaThread "AWT-Shutdown"                      [_thread_blocked, id=39116, stack(0x000000645cf00000,0x000000645d000000) (1024K)]
  0x0000022e7de73810 JavaThread "C2 CompilerThread1"         daemon [_thread_blocked, id=45804, stack(0x000000645bc00000,0x000000645bd00000) (1024K)]
Total: 23

Other Threads:
=>0x0000022e776eca30 VMThread "VM Thread"                           [id=2520, stack(0x000000645c500000,0x000000645c600000) (1024K)]
  0x0000022e57c73450 WorkerThread "GC Thread#0"                     [id=28540, stack(0x000000645bf00000,0x000000645c000000) (1024K)]
  0x0000022e7d5cf870 WorkerThread "GC Thread#1"                     [id=61596, stack(0x000000645df00000,0x000000645e000000) (1024K)]
  0x0000022e7d5ec260 WorkerThread "GC Thread#2"                     [id=60268, stack(0x000000645e000000,0x000000645e100000) (1024K)]
  0x0000022e7d5ec600 WorkerThread "GC Thread#3"                     [id=47540, stack(0x000000645e100000,0x000000645e200000) (1024K)]
  0x0000022e7d5fc9e0 WorkerThread "GC Thread#4"                     [id=33520, stack(0x000000645e200000,0x000000645e300000) (1024K)]
  0x0000022e7d60d8f0 WorkerThread "GC Thread#5"                     [id=24900, stack(0x000000645e300000,0x000000645e400000) (1024K)]
  0x0000022e7d60dc90 WorkerThread "GC Thread#6"                     [id=47156, stack(0x000000645e400000,0x000000645e500000) (1024K)]
  0x0000022e7d60e030 WorkerThread "GC Thread#7"                     [id=11604, stack(0x000000645e500000,0x000000645e600000) (1024K)]
  0x0000022e7d60ce10 WorkerThread "GC Thread#8"                     [id=60836, stack(0x000000645e600000,0x000000645e700000) (1024K)]
  0x0000022e7d60e3d0 WorkerThread "GC Thread#9"                     [id=9052, stack(0x000000645e700000,0x000000645e800000) (1024K)]
  0x0000022e7d60d1b0 WorkerThread "GC Thread#10"                    [id=61664, stack(0x000000645ef00000,0x000000645f000000) (1024K)]
  0x0000022e7e156cf0 WorkerThread "GC Thread#11"                    [id=61392, stack(0x000000645f000000,0x000000645f100000) (1024K)]
  0x0000022e7e1577d0 WorkerThread "GC Thread#12"                    [id=28808, stack(0x000000645f100000,0x000000645f200000) (1024K)]
  0x0000022e57c83e70 ConcurrentGCThread "G1 Main Marker"            terminated
  0x0000022e57c84970 WorkerThread "G1 Conc#0"                       [id=58768, stack(0x000000645c100000,0x000000645c200000) (1024K)]
  0x0000022e7e159870 WorkerThread "G1 Conc#1"                       [id=18640, stack(0x000000645ed00000,0x000000645ee00000) (1024K)]
  0x0000022e7e158d90 WorkerThread "G1 Conc#2"                       [id=44212, stack(0x000000645f400000,0x000000645f500000) (1024K)]
  0x0000022e775a9a80 ConcurrentGCThread "G1 Refine#0"               terminated
  0x0000022e775ab3b0 ConcurrentGCThread "G1 Service"                terminated
Total: 20

Threads with active compile tasks:
C2 CompilerThread0    68296 6424   !   4       sun.awt.shell.Win32ShellFolderManager2$ComInvoker::invoke (108 bytes)
C2 CompilerThread1    68296 6425   !   4       com.intellij.rt.debugger.agent.CaptureStorage::capture (118 bytes)
Total: 2

VM state: at safepoint (shutting down)

VM Mutex/Monitor currently owned by a thread:  ([mutex/lock_event])
[0x00007ffceed80e50] Threads_lock - owner thread: 0x0000022e776eca30
[0x00007ffceed80f50] Heap_lock - owner thread: 0x0000022e778899f0

Heap address: 0x0000000705c00000, size: 4004 MB, Compressed Oops mode: Zero based, Oop shift amount: 3

CDS archive(s) mapped at: [0x0000022e00000000-0x0000022e00c90000-0x0000022e00c90000), size 13172736, SharedBaseAddress: 0x0000022e00000000, ArchiveRelocationMode: 1.
Compressed class space mapped at: 0x0000022e01000000-0x0000022e41000000, reserved size: 1073741824
Narrow klass base: 0x0000022e00000000, Narrow klass shift: 0, Narrow klass range: 0x100000000

GC Precious Log:
 CardTable entry size: 512
 Card Set container configuration: InlinePtr #cards 4 size 8 Array Of Cards #cards 16 size 48 Howl #buckets 8 coarsen threshold 3686 Howl Bitmap #cards 512 size 80 coarsen threshold 460 Card regions per heap region 1 cards per card region 4096
 CPUs: 16 total, 16 available
 Memory: 16008M
 Large Page Support: Disabled
 NUMA Support: Disabled
 Compressed Oops: Enabled (Zero based)
 Heap Region Size: 2M
 Heap Min Capacity: 8M
 Heap Initial Capacity: 252M
 Heap Max Capacity: 4004M
 Pre-touch: Disabled
 Parallel Workers: 13
 Concurrent Workers: 3
 Concurrent Refinement Workers: 13
 Periodic GC: Disabled

Heap:
 garbage-first heap   total 102400K, used 51897K [0x0000000705c00000, 0x0000000800000000)
  region size 2048K, 16 young (32768K), 10 survivors (20480K)
 Metaspace       used 31134K, committed 31552K, reserved 1114112K
  class space    used 4124K, committed 4352K, reserved 1048576K

Heap Regions: E=young(eden), S=young(survivor), O=old, HS=humongous(starts), HC=humongous(continues), CS=collection set, F=free, TAMS=top-at-mark-start, PB=parsable bottom
|   0|0x0000000705c00000, 0x0000000705ce0810, 0x0000000705e00000| 43%| O|Cm|TAMS 0x0000000705c00000| PB 0x0000000705c00000| Complete 
|   1|0x0000000705e00000, 0x0000000706000000, 0x0000000706000000|100%|HS|  |TAMS 0x0000000705e00000| PB 0x0000000705e00000| Complete 
|   2|0x0000000706000000, 0x0000000706200000, 0x0000000706200000|100%|HC|  |TAMS 0x0000000706000000| PB 0x0000000706000000| Complete 
|   3|0x0000000706200000, 0x0000000706400000, 0x0000000706400000|100%|HS|  |TAMS 0x0000000706200000| PB 0x0000000706200000| Complete 
|   4|0x0000000706400000, 0x0000000706600000, 0x0000000706600000|100%|HC|  |TAMS 0x0000000706400000| PB 0x0000000706400000| Complete 
|   5|0x0000000706600000, 0x0000000706800000, 0x0000000706800000|100%|HS|  |TAMS 0x0000000706600000| PB 0x0000000706600000| Complete 
|   6|0x0000000706800000, 0x0000000706a00000, 0x0000000706a00000|100%|HS|  |TAMS 0x0000000706800000| PB 0x0000000706800000| Complete 
|   7|0x0000000706a00000, 0x0000000706c00000, 0x0000000706c00000|100%|HC|  |TAMS 0x0000000706a00000| PB 0x0000000706a00000| Complete 
|   8|0x0000000706c00000, 0x0000000706e00000, 0x0000000706e00000|100%|HS|  |TAMS 0x0000000706c00000| PB 0x0000000706c00000| Complete 
|   9|0x0000000706e00000, 0x0000000707000000, 0x0000000707000000|100%|HC|  |TAMS 0x0000000706e00000| PB 0x0000000706e00000| Complete 
|  10|0x0000000707000000, 0x0000000707000000, 0x0000000707200000|  0%| F|  |TAMS 0x0000000707000000| PB 0x0000000707000000| Untracked 
|  11|0x0000000707200000, 0x0000000707200000, 0x0000000707400000|  0%| F|  |TAMS 0x0000000707200000| PB 0x0000000707200000| Untracked 
|  12|0x0000000707400000, 0x0000000707400000, 0x0000000707600000|  0%| F|  |TAMS 0x0000000707400000| PB 0x0000000707400000| Untracked 
|  13|0x0000000707600000, 0x0000000707600000, 0x0000000707800000|  0%| F|  |TAMS 0x0000000707600000| PB 0x0000000707600000| Untracked 
|  14|0x0000000707800000, 0x0000000707800000, 0x0000000707a00000|  0%| F|  |TAMS 0x0000000707800000| PB 0x0000000707800000| Untracked 
|  15|0x0000000707a00000, 0x0000000707a00000, 0x0000000707c00000|  0%| F|  |TAMS 0x0000000707a00000| PB 0x0000000707a00000| Untracked 
|  16|0x0000000707c00000, 0x0000000707c00000, 0x0000000707e00000|  0%| F|  |TAMS 0x0000000707c00000| PB 0x0000000707c00000| Untracked 
|  17|0x0000000707e00000, 0x0000000707e00000, 0x0000000708000000|  0%| F|  |TAMS 0x0000000707e00000| PB 0x0000000707e00000| Untracked 
|  18|0x0000000708000000, 0x0000000708000000, 0x0000000708200000|  0%| F|  |TAMS 0x0000000708000000| PB 0x0000000708000000| Untracked 
|  19|0x0000000708200000, 0x0000000708200000, 0x0000000708400000|  0%| F|  |TAMS 0x0000000708200000| PB 0x0000000708200000| Untracked 
|  20|0x0000000708400000, 0x0000000708400000, 0x0000000708600000|  0%| F|  |TAMS 0x0000000708400000| PB 0x0000000708400000| Untracked 
|  21|0x0000000708600000, 0x0000000708600000, 0x0000000708800000|  0%| F|  |TAMS 0x0000000708600000| PB 0x0000000708600000| Untracked 
|  22|0x0000000708800000, 0x0000000708800000, 0x0000000708a00000|  0%| F|  |TAMS 0x0000000708800000| PB 0x0000000708800000| Untracked 
|  23|0x0000000708a00000, 0x0000000708a00000, 0x0000000708c00000|  0%| F|  |TAMS 0x0000000708a00000| PB 0x0000000708a00000| Untracked 
|  24|0x0000000708c00000, 0x0000000708c00000, 0x0000000708e00000|  0%| F|  |TAMS 0x0000000708c00000| PB 0x0000000708c00000| Untracked 
|  25|0x0000000708e00000, 0x0000000708e00000, 0x0000000709000000|  0%| F|  |TAMS 0x0000000708e00000| PB 0x0000000708e00000| Untracked 
|  26|0x0000000709000000, 0x0000000709000000, 0x0000000709200000|  0%| F|  |TAMS 0x0000000709000000| PB 0x0000000709000000| Untracked 
|  27|0x0000000709200000, 0x0000000709200000, 0x0000000709400000|  0%| F|  |TAMS 0x0000000709200000| PB 0x0000000709200000| Untracked 
|  28|0x0000000709400000, 0x0000000709400000, 0x0000000709600000|  0%| F|  |TAMS 0x0000000709400000| PB 0x0000000709400000| Untracked 
|  29|0x0000000709600000, 0x0000000709600000, 0x0000000709800000|  0%| F|  |TAMS 0x0000000709600000| PB 0x0000000709600000| Untracked 
|  30|0x0000000709800000, 0x0000000709800000, 0x0000000709a00000|  0%| F|  |TAMS 0x0000000709800000| PB 0x0000000709800000| Untracked 
|  31|0x0000000709a00000, 0x0000000709a00000, 0x0000000709c00000|  0%| F|  |TAMS 0x0000000709a00000| PB 0x0000000709a00000| Untracked 
|  32|0x0000000709c00000, 0x0000000709e00000, 0x0000000709e00000|100%| S|CS|TAMS 0x0000000709c00000| PB 0x0000000709c00000| Complete 
|  33|0x0000000709e00000, 0x000000070a000000, 0x000000070a000000|100%| S|CS|TAMS 0x0000000709e00000| PB 0x0000000709e00000| Complete 
|  34|0x000000070a000000, 0x000000070a200000, 0x000000070a200000|100%| S|CS|TAMS 0x000000070a000000| PB 0x000000070a000000| Complete 
|  35|0x000000070a200000, 0x000000070a400000, 0x000000070a400000|100%| S|CS|TAMS 0x000000070a200000| PB 0x000000070a200000| Complete 
|  36|0x000000070a400000, 0x000000070a600000, 0x000000070a600000|100%| S|CS|TAMS 0x000000070a400000| PB 0x000000070a400000| Complete 
|  37|0x000000070a600000, 0x000000070a800000, 0x000000070a800000|100%| S|CS|TAMS 0x000000070a600000| PB 0x000000070a600000| Complete 
|  38|0x000000070a800000, 0x000000070aa00000, 0x000000070aa00000|100%| S|CS|TAMS 0x000000070a800000| PB 0x000000070a800000| Complete 
|  39|0x000000070aa00000, 0x000000070ac00000, 0x000000070ac00000|100%| S|CS|TAMS 0x000000070aa00000| PB 0x000000070aa00000| Complete 
|  40|0x000000070ac00000, 0x000000070ae00000, 0x000000070ae00000|100%| S|CS|TAMS 0x000000070ac00000| PB 0x000000070ac00000| Complete 
|  41|0x000000070ae00000, 0x000000070b000000, 0x000000070b000000|100%| S|CS|TAMS 0x000000070ae00000| PB 0x000000070ae00000| Complete 
|  91|0x0000000711200000, 0x0000000711200000, 0x0000000711400000|  0%| F|  |TAMS 0x0000000711200000| PB 0x0000000711200000| Untracked 
|  92|0x0000000711400000, 0x0000000711500000, 0x0000000711600000| 50%| E|  |TAMS 0x0000000711400000| PB 0x0000000711400000| Complete 
|  93|0x0000000711600000, 0x0000000711800000, 0x0000000711800000|100%| E|CS|TAMS 0x0000000711600000| PB 0x0000000711600000| Complete 
|  94|0x0000000711800000, 0x0000000711a00000, 0x0000000711a00000|100%| E|CS|TAMS 0x0000000711800000| PB 0x0000000711800000| Complete 
|  95|0x0000000711a00000, 0x0000000711c00000, 0x0000000711c00000|100%| E|CS|TAMS 0x0000000711a00000| PB 0x0000000711a00000| Complete 
|  96|0x0000000711c00000, 0x0000000711e00000, 0x0000000711e00000|100%| E|CS|TAMS 0x0000000711c00000| PB 0x0000000711c00000| Complete 
| 125|0x0000000715600000, 0x0000000715800000, 0x0000000715800000|100%| E|CS|TAMS 0x0000000715600000| PB 0x0000000715600000| Complete 
|2001|0x00000007ffe00000, 0x00000007fffcdd70, 0x0000000800000000| 90%| O|  |TAMS 0x00000007ffe00000| PB 0x00000007ffe00000| Untracked 

Card table byte_map: [0x0000022e70100000,0x0000022e708e0000] _byte_map_base: 0x0000022e6c8d2000

Marking Bits: (CMBitMap*) 0x0000022e57c73b50
 Bits: [0x0000022e708e0000, 0x0000022e74770000)

Polling page: 0x0000022e55b60000

Metaspace:

Usage:
  Non-class:     26.38 MB used.
      Class:      4.03 MB used.
       Both:     30.40 MB used.

Virtual space:
  Non-class space:       64.00 MB reserved,      26.56 MB ( 42%) committed,  1 nodes.
      Class space:        1.00 GB reserved,       4.25 MB ( <1%) committed,  1 nodes.
             Both:        1.06 GB reserved,      30.81 MB (  3%) committed. 

Chunk freelists:
   Non-Class:  5.33 MB
       Class:  11.66 MB
        Both:  16.99 MB

MaxMetaspaceSize: unlimited
CompressedClassSpaceSize: 1.00 GB
Initial GC threshold: 21.00 MB
Current GC threshold: 35.25 MB
CDS: on
 - commit_granule_bytes: 65536.
 - commit_granule_words: 8192.
 - virtual_space_node_default_size: 8388608.
 - enlarge_chunks_in_place: 1.
 - use_allocation_guard: 0.


Internal statistics:

num_allocs_failed_limit: 3.
num_arena_births: 488.
num_arena_deaths: 0.
num_vsnodes_births: 2.
num_vsnodes_deaths: 0.
num_space_committed: 493.
num_space_uncommitted: 0.
num_chunks_returned_to_freelist: 3.
num_chunks_taken_from_freelist: 1252.
num_chunk_merges: 3.
num_chunk_splits: 817.
num_chunks_enlarged: 551.
num_inconsistent_stats: 0.

CodeHeap 'non-profiled nmethods': size=119168Kb used=3107Kb max_used=3107Kb free=116060Kb
 bounds [0x0000022e67c40000, 0x0000022e67f50000, 0x0000022e6f0a0000]
CodeHeap 'profiled nmethods': size=119104Kb used=14228Kb max_used=14228Kb free=104875Kb
 bounds [0x0000022e600a0000, 0x0000022e60e90000, 0x0000022e674f0000]
CodeHeap 'non-nmethods': size=7488Kb used=2144Kb max_used=3842Kb free=5343Kb
 bounds [0x0000022e674f0000, 0x0000022e678c0000, 0x0000022e67c40000]
 total_blobs=7506 nmethods=6494 adapters=914
 compilation: enabled
              stopped_count=0, restarted_count=0
 full_count=0

Compilation events (20 events):
Event: 67.341 Thread 0x0000022e7772dd60 6494       3       javafx.scene.control.Labeled$StyleableProperties$1::getStyleableProperty (8 bytes)
Event: 67.341 Thread 0x0000022e7772dd60 nmethod 6494 0x0000022e60e81c10 code [0x0000022e60e81dc0, 0x0000022e60e82018]
Event: 67.341 Thread 0x0000022e7772dd60 6496       3       javafx.scene.control.Labeled::textFillProperty (27 bytes)
Event: 67.341 Thread 0x0000022e7772dd60 nmethod 6496 0x0000022e60e82110 code [0x0000022e60e822e0, 0x0000022e60e826b8]
Event: 67.341 Thread 0x0000022e7772dd60 6489       3       com.sun.javafx.scene.NodeEventDispatcher::<init> (20 bytes)
Event: 67.341 Thread 0x0000022e7772dd60 nmethod 6489 0x0000022e60e82810 code [0x0000022e60e829e0, 0x0000022e60e82f10]
Event: 67.342 Thread 0x0000022e7de73810 nmethod 6473 0x0000022e67f46710 code [0x0000022e67f468e0, 0x0000022e67f47160]
Event: 67.342 Thread 0x0000022e7de73810 6490 %     4       com.sun.javafx.css.BitSet::clear @ 21 (84 bytes)
Event: 67.345 Thread 0x0000022e7772dd60 6497       3       com.sun.javafx.font.PrismFontFile::getUnitsPerEm (6 bytes)
Event: 67.345 Thread 0x0000022e7772dd60 nmethod 6497 0x0000022e60e83110 code [0x0000022e60e832a0, 0x0000022e60e833c8]
Event: 67.346 Thread 0x0000022e7772dd60 6499       3       javafx.scene.Parent::setNeedsLayout (110 bytes)
Event: 67.348 Thread 0x0000022e7772dd60 nmethod 6499 0x0000022e60e83490 code [0x0000022e60e836e0, 0x0000022e60e84200]
Event: 67.348 Thread 0x0000022e7772dd60 6500       3       javafx.scene.control.SkinBase::snappedLeftInset (8 bytes)
Event: 67.349 Thread 0x0000022e7772dd60 nmethod 6500 0x0000022e60e84490 code [0x0000022e60e84700, 0x0000022e60e85058]
Event: 67.352 Thread 0x0000022e7de73810 nmethod 6490% 0x0000022e67f47410 code [0x0000022e67f475e0, 0x0000022e67f47bc8]
Event: 67.352 Thread 0x0000022e7de73810 6495       4       com.sun.javafx.css.CascadingStyle::getProperty (11 bytes)
Event: 67.353 Thread 0x0000022e7de73810 nmethod 6495 0x0000022e67f48010 code [0x0000022e67f481a0, 0x0000022e67f48268]
Event: 67.353 Thread 0x0000022e7de73810 6479       4       java.util.Arrays::copyOf (40 bytes)
Event: 67.359 Thread 0x0000022e7de73810 nmethod 6479 0x0000022e67f48310 code [0x0000022e67f484c0, 0x0000022e67f48a48]
Event: 67.359 Thread 0x0000022e7de73810 6425   !   4       com.intellij.rt.debugger.agent.CaptureStorage::capture (118 bytes)

GC Heap History (8 events):
Event: 0.914 GC heap before
{Heap before GC invocations=0 (full 0):
 garbage-first heap   total 258048K, used 20480K [0x0000000705c00000, 0x0000000800000000)
  region size 2048K, 11 young (22528K), 0 survivors (0K)
 Metaspace       used 3921K, committed 4096K, reserved 1114112K
  class space    used 387K, committed 448K, reserved 1048576K
}
Event: 0.919 GC heap after
{Heap after GC invocations=1 (full 0):
 garbage-first heap   total 258048K, used 2407K [0x0000000705c00000, 0x0000000800000000)
  region size 2048K, 2 young (4096K), 2 survivors (4096K)
 Metaspace       used 3921K, committed 4096K, reserved 1114112K
  class space    used 387K, committed 448K, reserved 1048576K
}
Event: 2.298 GC heap before
{Heap before GC invocations=1 (full 0):
 garbage-first heap   total 258048K, used 41319K [0x0000000705c00000, 0x0000000800000000)
  region size 2048K, 22 young (45056K), 2 survivors (4096K)
 Metaspace       used 10403K, committed 10624K, reserved 1114112K
  class space    used 1359K, committed 1472K, reserved 1048576K
}
Event: 2.306 GC heap after
{Heap after GC invocations=2 (full 0):
 garbage-first heap   total 258048K, used 7042K [0x0000000705c00000, 0x0000000800000000)
  region size 2048K, 3 young (6144K), 3 survivors (6144K)
 Metaspace       used 10403K, committed 10624K, reserved 1114112K
  class space    used 1359K, committed 1472K, reserved 1048576K
}
Event: 5.432 GC heap before
{Heap before GC invocations=2 (full 0):
 garbage-first heap   total 258048K, used 68482K [0x0000000705c00000, 0x0000000800000000)
  region size 2048K, 29 young (59392K), 3 survivors (6144K)
 Metaspace       used 21217K, committed 21504K, reserved 1114112K
  class space    used 2999K, committed 3136K, reserved 1048576K
}
Event: 5.452 GC heap after
{Heap after GC invocations=3 (full 0):
 garbage-first heap   total 258048K, used 18836K [0x0000000705c00000, 0x0000000800000000)
  region size 2048K, 6 young (12288K), 6 survivors (12288K)
 Metaspace       used 21217K, committed 21504K, reserved 1114112K
  class space    used 2999K, committed 3136K, reserved 1048576K
}
Event: 22.924 GC heap before
{Heap before GC invocations=4 (full 0):
 garbage-first heap   total 79872K, used 78228K [0x0000000705c00000, 0x0000000800000000)
  region size 2048K, 29 young (59392K), 6 survivors (12288K)
 Metaspace       used 31044K, committed 31488K, reserved 1114112K
  class space    used 4120K, committed 4352K, reserved 1048576K
}
Event: 22.941 GC heap after
{Heap after GC invocations=5 (full 0):
 garbage-first heap   total 102400K, used 37561K [0x0000000705c00000, 0x0000000800000000)
  region size 2048K, 10 young (20480K), 10 survivors (20480K)
 Metaspace       used 31044K, committed 31488K, reserved 1114112K
  class space    used 4120K, committed 4352K, reserved 1048576K
}

Dll operation events (20 events):
Event: 0.508 Loaded shared library C:\Users\Ariel\IdeaProjects\GraphVisualizer\lib\javafx-sdk-22.0.2\bin\api-ms-win-crt-private-l1-1-0.dll
Event: 0.510 Loaded shared library C:\Users\Ariel\IdeaProjects\GraphVisualizer\lib\javafx-sdk-22.0.2\bin\api-ms-win-crt-process-l1-1-0.dll
Event: 0.512 Loaded shared library C:\Users\Ariel\IdeaProjects\GraphVisualizer\lib\javafx-sdk-22.0.2\bin\api-ms-win-crt-runtime-l1-1-0.dll
Event: 0.514 Loaded shared library C:\Users\Ariel\IdeaProjects\GraphVisualizer\lib\javafx-sdk-22.0.2\bin\api-ms-win-crt-stdio-l1-1-0.dll
Event: 0.517 Loaded shared library C:\Users\Ariel\IdeaProjects\GraphVisualizer\lib\javafx-sdk-22.0.2\bin\api-ms-win-crt-string-l1-1-0.dll
Event: 0.519 Loaded shared library C:\Users\Ariel\IdeaProjects\GraphVisualizer\lib\javafx-sdk-22.0.2\bin\api-ms-win-crt-time-l1-1-0.dll
Event: 0.523 Loaded shared library C:\Users\Ariel\IdeaProjects\GraphVisualizer\lib\javafx-sdk-22.0.2\bin\api-ms-win-crt-utility-l1-1-0.dll
Event: 0.526 Loaded shared library C:\Users\Ariel\IdeaProjects\GraphVisualizer\lib\javafx-sdk-22.0.2\bin\ucrtbase.dll
Event: 0.529 Loaded shared library C:\Users\Ariel\IdeaProjects\GraphVisualizer\lib\javafx-sdk-22.0.2\bin\vcruntime140.dll
Event: 0.532 Loaded shared library C:\Users\Ariel\IdeaProjects\GraphVisualizer\lib\javafx-sdk-22.0.2\bin\vcruntime140_1.dll
Event: 0.534 Loaded shared library C:\Users\Ariel\IdeaProjects\GraphVisualizer\lib\javafx-sdk-22.0.2\bin\msvcp140.dll
Event: 0.537 Loaded shared library C:\Users\Ariel\IdeaProjects\GraphVisualizer\lib\javafx-sdk-22.0.2\bin\msvcp140_1.dll
Event: 0.539 Loaded shared library C:\Users\Ariel\IdeaProjects\GraphVisualizer\lib\javafx-sdk-22.0.2\bin\msvcp140_2.dll
Event: 0.608 Loaded shared library C:\Users\Ariel\IdeaProjects\GraphVisualizer\lib\javafx-sdk-22.0.2\bin\prism_d3d.dll
Event: 0.761 Loaded shared library C:\Users\Ariel\IdeaProjects\GraphVisualizer\lib\javafx-sdk-22.0.2\bin\glass.dll
Event: 0.966 Loaded shared library C:\Program Files\Java\jdk-21\bin\jimage.dll
Event: 1.947 Loaded shared library C:\Users\Ariel\IdeaProjects\GraphVisualizer\lib\javafx-sdk-22.0.2\bin\javafx_font.dll
Event: 5.333 Loaded shared library C:\Program Files\Java\jdk-21\bin\awt.dll
Event: 5.705 Loaded shared library C:\Program Files\Java\jdk-21\bin\freetype.dll
Event: 5.707 Loaded shared library C:\Program Files\Java\jdk-21\bin\fontmanager.dll

Deoptimization events (20 events):
Event: 22.964 Thread 0x0000022e77a25f50 DEOPT PACKING pc=0x0000022e6045a6d4 sp=0x000000645d2f97e0
Event: 22.964 Thread 0x0000022e77a25f50 DEOPT UNPACKING pc=0x0000022e67544e42 sp=0x000000645d2f8cb8 mode 1
Event: 67.256 Thread 0x0000022e7d8a5960 DEOPT PACKING pc=0x0000022e608d25fc sp=0x000000645d4ff300
Event: 67.256 Thread 0x0000022e7d8a5960 DEOPT UNPACKING pc=0x0000022e67544e42 sp=0x000000645d4fe830 mode 1
Event: 67.256 Thread 0x0000022e7d8a5960 DEOPT PACKING pc=0x0000022e608e3a74 sp=0x000000645d4ff400
Event: 67.256 Thread 0x0000022e7d8a5960 DEOPT UNPACKING pc=0x0000022e67544e42 sp=0x000000645d4fe958 mode 1
Event: 67.256 Thread 0x0000022e7d8a5960 DEOPT PACKING pc=0x0000022e608e1584 sp=0x000000645d4ff520
Event: 67.256 Thread 0x0000022e7d8a5960 DEOPT UNPACKING pc=0x0000022e67544e42 sp=0x000000645d4fe9e0 mode 1
Event: 67.256 Thread 0x0000022e7d8a5960 Uncommon trap: trap_request=0xffffff45 fr.pc=0x0000022e67e8bae8 relative=0x0000000000000048
Event: 67.256 Thread 0x0000022e7788ada0 DEOPT PACKING pc=0x0000022e67dc3e64 sp=0x000000645bdff070
Event: 67.256 Thread 0x0000022e7d8a5960 Uncommon trap: reason=unstable_if action=reinterpret pc=0x0000022e67e8bae8 method=java.util.concurrent.ThreadPoolExecutor.runStateAtLeast(II)Z @ 2 c2
Event: 67.256 Thread 0x0000022e7d8a5960 DEOPT PACKING pc=0x0000022e67e8bae8 sp=0x000000645d4ff4e0
Event: 67.256 Thread 0x0000022e7788ada0 DEOPT UNPACKING pc=0x0000022e67544e42 sp=0x000000645bdfe490 mode 1
Event: 67.256 Thread 0x0000022e7d8a5960 DEOPT UNPACKING pc=0x0000022e675446a2 sp=0x000000645d4ff478 mode 2
Event: 67.257 Thread 0x0000022e7df5b890 DEOPT PACKING pc=0x0000022e608d25fc sp=0x000000645f8ff050
Event: 67.257 Thread 0x0000022e7df5b890 DEOPT UNPACKING pc=0x0000022e67544e42 sp=0x000000645f8fe580 mode 1
Event: 67.257 Thread 0x0000022e7df5b890 DEOPT PACKING pc=0x0000022e608e3a74 sp=0x000000645f8ff150
Event: 67.257 Thread 0x0000022e7df5b890 DEOPT UNPACKING pc=0x0000022e67544e42 sp=0x000000645f8fe6a8 mode 1
Event: 67.257 Thread 0x0000022e7df5b890 DEOPT PACKING pc=0x0000022e608e1584 sp=0x000000645f8ff270
Event: 67.257 Thread 0x0000022e7df5b890 DEOPT UNPACKING pc=0x0000022e67544e42 sp=0x000000645f8fe730 mode 1

Classes loaded (20 events):
Event: 19.413 Loading class com/sun/javafx/tk/quantum/GlassViewEventHandler
Event: 19.413 Loading class com/sun/javafx/tk/quantum/GlassViewEventHandler done
Event: 22.874 Loading class com/sun/prism/GraphicsResource
Event: 22.874 Loading class com/sun/prism/GraphicsResource done
Event: 22.874 Loading class com/sun/prism/GraphicsResource
Event: 22.874 Loading class com/sun/prism/GraphicsResource done
Event: 22.907 Loading class java/util/Formatter$FixedString
Event: 22.908 Loading class java/util/Formatter$FixedString done
Event: 22.914 Loading class Controllers/GraphResultController
Event: 22.914 Loading class Controllers/GraphResultController done
Event: 22.942 Loading class sun/awt/shell/Win32ShellFolder2$FolderDisposer$1
Event: 22.942 Loading class sun/awt/shell/Win32ShellFolder2$FolderDisposer$1 done
Event: 50.030 Loading class com/intellij/rt/debugger/BatchEvaluatorServer
Event: 50.030 Loading class com/intellij/rt/debugger/BatchEvaluatorServer done
Event: 67.252 Loading class jdk/internal/misc/Signal$1
Event: 67.253 Loading class jdk/internal/misc/Signal$1 done
Event: 67.256 Loading class com/sun/javafx/tk/quantum/QuantumRenderer
Event: 67.256 Loading class com/sun/javafx/tk/quantum/QuantumRenderer done
Event: 67.256 Loading class com/sun/javafx/tk/quantum/QuantumToolkit
Event: 67.256 Loading class com/sun/javafx/tk/quantum/QuantumToolkit done

Classes unloaded (0 events):
No events

Classes redefined (0 events):
No events

Internal exceptions (20 events):
Event: 3.808 Thread 0x0000022e77a25f50 Exception <a 'java/lang/NoSuchMethodError'{0x0000000712c0a638}: 'long java.lang.invoke.DirectMethodHandle$Holder.invokeStaticInit(java.lang.Object, java.lang.Object, java.lang.Object)'> (0x0000000712c0a638) 
thrown [s\open\src\hotspot\share\interpreter\linkResolver.cpp, line 773]
Event: 3.833 Thread 0x0000022e77a25f50 Exception <a 'java/lang/NoSuchMethodError'{0x0000000712c1ecd0}: 'java.lang.Object java.lang.invoke.DirectMethodHandle$Holder.newInvokeSpecial(java.lang.Object, java.lang.Object, long)'> (0x0000000712c1ecd0) 
thrown [s\open\src\hotspot\share\interpreter\linkResolver.cpp, line 773]
Event: 3.834 Thread 0x0000022e77a25f50 Exception <a 'java/lang/NoSuchMethodError'{0x0000000712c225d8}: 'java.lang.Object java.lang.invoke.Invokers$Holder.linkToTargetMethod(java.lang.Object, long, java.lang.Object)'> (0x0000000712c225d8) 
thrown [s\open\src\hotspot\share\interpreter\linkResolver.cpp, line 773]
Event: 3.967 Thread 0x0000022e7d8a5960 Exception <a 'java/lang/NoSuchMethodError'{0x0000000712460888}: 'java.lang.Object java.lang.invoke.DirectMethodHandle$Holder.invokeStaticInit(java.lang.Object, int)'> (0x0000000712460888) 
thrown [s\open\src\hotspot\share\interpreter\linkResolver.cpp, line 773]
Event: 5.322 Thread 0x0000022e77a25f50 Exception <a 'java/lang/ClassNotFoundException'{0x000000071218e490}: sun/awt/resources/spi/awtProvider> (0x000000071218e490) 
thrown [s\open\src\hotspot\share\classfile\systemDictionary.cpp, line 312]
Event: 5.335 Thread 0x0000022e77a25f50 Exception <a 'java/io/FileNotFoundException'{0x00000007121968e0}> (0x00000007121968e0) 
thrown [s\open\src\hotspot\share\prims\jni.cpp, line 520]
Event: 5.335 Thread 0x0000022e77a25f50 Exception <a 'java/io/FileNotFoundException'{0x00000007121983d0}> (0x00000007121983d0) 
thrown [s\open\src\hotspot\share\prims\jni.cpp, line 520]
Event: 5.501 Thread 0x0000022e77a25f50 Exception <a 'java/lang/NoSuchMethodError'{0x0000000709636d18}: 'java.lang.Object java.lang.invoke.DirectMethodHandle$Holder.invokeStatic(java.lang.Object, int, java.lang.Object)'> (0x0000000709636d18) 
thrown [s\open\src\hotspot\share\interpreter\linkResolver.cpp, line 773]
Event: 5.535 Thread 0x0000022e77a25f50 Exception <a 'java/lang/ClassNotFoundException'{0x00000007097efdb0}: com/sun/swing/internal/plaf/metal/resources/spi/metalProvider> (0x00000007097efdb0) 
thrown [s\open\src\hotspot\share\classfile\systemDictionary.cpp, line 312]
Event: 5.537 Thread 0x0000022e77a25f50 Exception <a 'java/lang/ClassNotFoundException'{0x00000007097f6c00}: com/sun/swing/internal/plaf/basic/resources/spi/basicProvider> (0x00000007097f6c00) 
thrown [s\open\src\hotspot\share\classfile\systemDictionary.cpp, line 312]
Event: 5.558 Thread 0x0000022e7df597c0 Exception <a 'java/lang/NoSuchMethodError'{0x00000007095100b8}: 'java.lang.Object java.lang.invoke.DirectMethodHandle$Holder.newInvokeSpecial(java.lang.Object, java.lang.Object, java.lang.Object, int, int, int, int, int)'> (0x00000007095100b8) 
thrown [s\open\src\hotspot\share\interpreter\linkResolver.cpp, line 773]
Event: 5.603 Thread 0x0000022e77a25f50 Exception <a 'java/lang/NoSuchMethodError'{0x00000007095d1c00}: 'int java.lang.invoke.Invokers$Holder.invokeExact_MT(java.lang.Object, java.lang.Object)'> (0x00000007095d1c00) 
thrown [s\open\src\hotspot\share\interpreter\linkResolver.cpp, line 773]
Event: 6.286 Thread 0x0000022e77a25f50 Implicit null exception at 0x0000022e67e14221 to 0x0000022e67e1499c
Event: 6.287 Thread 0x0000022e77a25f50 Implicit null exception at 0x0000022e67d17dba to 0x0000022e67d17df4
Event: 6.477 Thread 0x0000022e77a25f50 Exception <a 'java/lang/NoSuchMethodError'{0x0000000708ab6978}: 'int java.lang.invoke.DirectMethodHandle$Holder.invokeStatic(java.lang.Object)'> (0x0000000708ab6978) 
thrown [s\open\src\hotspot\share\interpreter\linkResolver.cpp, line 773]
Event: 13.423 Thread 0x0000022e77a25f50 Exception <a 'java/lang/NoSuchMethodError'{0x0000000708af2cc8}: 'long java.lang.invoke.DirectMethodHandle$Holder.invokeSpecial(java.lang.Object, java.lang.Object)'> (0x0000000708af2cc8) 
thrown [s\open\src\hotspot\share\interpreter\linkResolver.cpp, line 773]
Event: 13.424 Thread 0x0000022e77a25f50 Exception <a 'java/lang/NoSuchMethodError'{0x0000000708af6650}: 'long java.lang.invoke.Invokers$Holder.invokeExact_MT(java.lang.Object, java.lang.Object)'> (0x0000000708af6650) 
thrown [s\open\src\hotspot\share\interpreter\linkResolver.cpp, line 773]
Event: 13.439 Thread 0x0000022e77a25f50 Exception <a 'java/lang/NoSuchMethodError'{0x0000000707887b68}: static LGraphVisualizer/DirectedEdge;.<clinit>()V> (0x0000000707887b68) 
thrown [s\open\src\hotspot\share\prims\jni.cpp, line 1111]
Event: 13.443 Thread 0x0000022e77a25f50 Exception <a 'java/lang/NoSuchMethodError'{0x00000007078a3e70}: static LGraphVisualizer/Graph$GraphNode;.<clinit>()V> (0x00000007078a3e70) 
thrown [s\open\src\hotspot\share\prims\jni.cpp, line 1111]
Event: 16.444 Thread 0x0000022e77a25f50 Exception <a 'java/lang/NoSuchMethodError'{0x00000007073f8418}: 'java.lang.Object java.lang.invoke.DirectMethodHandle$Holder.newInvokeSpecial(java.lang.Object, java.lang.Object, java.lang.Object, double, double, double, double, int, int, int, int, int, int, int, int, int)'> (0x00000007073f8418) 
thrown [s\open\src\hotspot\share\interpreter\linkResolver.cpp, line 773]

ZGC Phase Switch (0 events):
No events

VM Operations (20 events):
Event: 44.663 Executing VM operation: get/set locals done
Event: 50.711 Executing VM operation: Cleanup
Event: 50.711 Executing VM operation: Cleanup done
Event: 54.737 Executing VM operation: Cleanup
Event: 54.737 Executing VM operation: Cleanup done
Event: 57.760 Executing VM operation: Cleanup
Event: 57.760 Executing VM operation: Cleanup done
Event: 58.770 Executing VM operation: Cleanup
Event: 58.770 Executing VM operation: Cleanup done
Event: 60.087 Executing VM operation: HandshakeAllThreads (HandshakeForDeflation)
Event: 60.087 Executing VM operation: HandshakeAllThreads (HandshakeForDeflation) done
Event: 60.087 Executing VM operation: RendezvousGCThreads
Event: 60.087 Executing VM operation: RendezvousGCThreads done
Event: 67.205 Executing VM operation: ChangeBreakpoints
Event: 67.205 Executing VM operation: ChangeBreakpoints done
Event: 67.208 Executing VM operation: ChangeBreakpoints
Event: 67.208 Executing VM operation: ChangeBreakpoints done
Event: 67.208 Executing VM operation: ChangeBreakpoints
Event: 67.208 Executing VM operation: ChangeBreakpoints done
Event: 67.365 Executing VM operation: Exit

Events (20 events):
Event: 32.968 Thread 0x0000022e7d99f380 Thread exited: 0x0000022e7d99f380
Event: 67.204 Thread 0x0000022e7c921120 Thread exited: 0x0000022e7c921120
Event: 67.204 Thread 0x0000022e7788b430 Thread exited: 0x0000022e7788b430
Event: 67.216 Thread 0x0000022e7c7fe430 Thread exited: 0x0000022e7c7fe430
Event: 67.253 Thread 0x0000022e778899f0 Thread added: 0x0000022e778899f0
Event: 67.254 Thread 0x0000022e77889360 Thread added: 0x0000022e77889360
Event: 67.254 Thread 0x0000022e7788ada0 Thread added: 0x0000022e7788ada0
Event: 67.254 Thread 0x0000022e7788c7e0 Thread added: 0x0000022e7788c7e0
Event: 67.254 Thread 0x0000022e7788e8b0 Thread added: 0x0000022e7788e8b0
Event: 67.254 Thread 0x0000022e7788b430 Thread added: 0x0000022e7788b430
Event: 67.255 Thread 0x0000022e7788c7e0 Thread exited: 0x0000022e7788c7e0
Event: 67.256 Thread 0x0000022e7788db90 Thread added: 0x0000022e7788db90
Event: 67.256 Thread 0x0000022e7788b430 Thread exited: 0x0000022e7788b430
Event: 67.257 Thread 0x0000022e7788ada0 Thread exited: 0x0000022e7788ada0
Event: 67.257 Thread 0x0000022e77889360 Thread exited: 0x0000022e77889360
Event: 67.259 Thread 0x0000022e7df5b890 Thread exited: 0x0000022e7df5b890
Event: 67.263 Thread 0x0000022e7df5c5b0 Thread exited: 0x0000022e7df5c5b0
Event: 67.324 Thread 0x0000022e7de73810 Thread added: 0x0000022e7de73810
Event: 67.365 Thread 0x0000022e7788e8b0 Thread exited: 0x0000022e7788e8b0
Event: 67.365 Thread 0x0000022e77710e60 Thread exited: 0x0000022e77710e60


Dynamic libraries:
0x00007ff7cec70000 - 0x00007ff7cec80000 	C:\Program Files\Java\jdk-21\bin\java.exe
0x00007ffd65c80000 - 0x00007ffd65ee9000 	C:\WINDOWS\SYSTEM32\ntdll.dll
0x00007ffd64bc0000 - 0x00007ffd64c89000 	C:\WINDOWS\System32\KERNEL32.DLL
0x00007ffd62f80000 - 0x00007ffd63373000 	C:\WINDOWS\System32\KERNELBASE.dll
0x00007ffd637b0000 - 0x00007ffd638fb000 	C:\WINDOWS\System32\ucrtbase.dll
0x00007ffd53990000 - 0x00007ffd539a9000 	C:\Program Files\Java\jdk-21\bin\jli.dll
0x00007ffd64cc0000 - 0x00007ffd64d74000 	C:\WINDOWS\System32\ADVAPI32.dll
0x00007ffd5fa70000 - 0x00007ffd5fa8b000 	C:\Program Files\Java\jdk-21\bin\VCRUNTIME140.dll
0x00007ffd64ab0000 - 0x00007ffd64b59000 	C:\WINDOWS\System32\msvcrt.dll
0x00007ffd64d80000 - 0x00007ffd64e26000 	C:\WINDOWS\System32\sechost.dll
0x00007ffd642c0000 - 0x00007ffd643d8000 	C:\WINDOWS\System32\RPCRT4.dll
0x00007ffd63dd0000 - 0x00007ffd63f94000 	C:\WINDOWS\System32\USER32.dll
0x00007ffd634b0000 - 0x00007ffd634d7000 	C:\WINDOWS\System32\win32u.dll
0x00007ffd64c90000 - 0x00007ffd64cbb000 	C:\WINDOWS\System32\GDI32.dll
0x00007ffd474e0000 - 0x00007ffd47773000 	C:\WINDOWS\WinSxS\amd64_microsoft.windows.common-controls_6595b64144ccf1df_6.0.26100.5074_none_3e0d6f78e32fd63f\COMCTL32.dll
0x00007ffd63380000 - 0x00007ffd634ad000 	C:\WINDOWS\System32\gdi32full.dll
0x00007ffd63700000 - 0x00007ffd637a3000 	C:\WINDOWS\System32\msvcp_win.dll
0x00007ffd59530000 - 0x00007ffd5953b000 	C:\WINDOWS\SYSTEM32\VERSION.dll
0x00007ffd65340000 - 0x00007ffd6536f000 	C:\WINDOWS\System32\IMM32.DLL
0x00007ffd53970000 - 0x00007ffd5397c000 	C:\Program Files\Java\jdk-21\bin\vcruntime140_1.dll
0x00007ffd49c30000 - 0x00007ffd49cbe000 	C:\Program Files\Java\jdk-21\bin\msvcp140.dll
0x00007ffcee140000 - 0x00007ffceee5d000 	C:\Program Files\Java\jdk-21\bin\server\jvm.dll
0x00007ffd63fa0000 - 0x00007ffd64014000 	C:\WINDOWS\System32\WS2_32.dll
0x00007ffd62c70000 - 0x00007ffd62cce000 	C:\WINDOWS\SYSTEM32\POWRPROF.dll
0x00007ffd590d0000 - 0x00007ffd59105000 	C:\WINDOWS\SYSTEM32\WINMM.dll
0x00007ffd62c50000 - 0x00007ffd62c64000 	C:\WINDOWS\SYSTEM32\UMPDC.dll
0x00007ffd61bf0000 - 0x00007ffd61c0b000 	C:\WINDOWS\SYSTEM32\kernel.appcore.dll
0x00007ffd53720000 - 0x00007ffd5372a000 	C:\Program Files\Java\jdk-21\bin\jimage.dll
0x00007ffd60750000 - 0x00007ffd60992000 	C:\WINDOWS\SYSTEM32\DBGHELP.DLL
0x00007ffd63a50000 - 0x00007ffd63dcb000 	C:\WINDOWS\System32\combase.dll
0x00007ffd649d0000 - 0x00007ffd64aa7000 	C:\WINDOWS\System32\OLEAUT32.dll
0x00007ffd44140000 - 0x00007ffd4417d000 	C:\WINDOWS\SYSTEM32\dbgcore.DLL
0x00007ffd63660000 - 0x00007ffd636f9000 	C:\WINDOWS\System32\bcryptPrimitives.dll
0x00007ffd531a0000 - 0x00007ffd531dc000 	C:\Program Files\Java\jdk-21\bin\jdwp.dll
0x00007ffd53710000 - 0x00007ffd5371f000 	C:\Program Files\Java\jdk-21\bin\instrument.dll
0x00007ffd53690000 - 0x00007ffd536af000 	C:\Program Files\Java\jdk-21\bin\java.dll
0x00007ffd53640000 - 0x00007ffd53658000 	C:\Program Files\Java\jdk-21\bin\zip.dll
0x00007ffd654f0000 - 0x00007ffd65c3d000 	C:\WINDOWS\System32\SHELL32.dll
0x00007ffd62e10000 - 0x00007ffd62f7c000 	C:\WINDOWS\System32\wintypes.dll
0x00007ffd60a40000 - 0x00007ffd61299000 	C:\WINDOWS\SYSTEM32\windows.storage.dll
0x00007ffd650a0000 - 0x00007ffd65190000 	C:\WINDOWS\System32\SHCORE.dll
0x00007ffd64960000 - 0x00007ffd649c2000 	C:\WINDOWS\System32\shlwapi.dll
0x00007ffd62d30000 - 0x00007ffd62d59000 	C:\WINDOWS\SYSTEM32\profapi.dll
0x00007ffd40f30000 - 0x00007ffd41007000 	C:\Program Files\Java\jdk-21\bin\jsvml.dll
0x00007ffd53620000 - 0x00007ffd53630000 	C:\Program Files\Java\jdk-21\bin\net.dll
0x00007ffd58cb0000 - 0x00007ffd58dcf000 	C:\WINDOWS\SYSTEM32\WINHTTP.dll
0x00007ffd62170000 - 0x00007ffd621db000 	C:\WINDOWS\system32\mswsock.dll
0x00007ffd530e0000 - 0x00007ffd530f6000 	C:\Program Files\Java\jdk-21\bin\nio.dll
0x00007ffd531f0000 - 0x00007ffd531fc000 	C:\Program Files\Java\jdk-21\bin\dt_socket.dll
0x00007ffd61640000 - 0x00007ffd61674000 	C:\WINDOWS\SYSTEM32\IPHLPAPI.DLL
0x0000022e55ba0000 - 0x0000022e55ba4000 	C:\Users\Ariel\IdeaProjects\GraphVisualizer\lib\javafx-sdk-22.0.2\bin\api-ms-win-core-console-l1-1-0.dll
0x0000022e55bb0000 - 0x0000022e55bb4000 	C:\Users\Ariel\IdeaProjects\GraphVisualizer\lib\javafx-sdk-22.0.2\bin\api-ms-win-core-console-l1-2-0.dll
0x0000022e55bc0000 - 0x0000022e55bc4000 	C:\Users\Ariel\IdeaProjects\GraphVisualizer\lib\javafx-sdk-22.0.2\bin\api-ms-win-core-datetime-l1-1-0.dll
0x0000022e55bd0000 - 0x0000022e55bd4000 	C:\Users\Ariel\IdeaProjects\GraphVisualizer\lib\javafx-sdk-22.0.2\bin\api-ms-win-core-debug-l1-1-0.dll
0x0000022e55be0000 - 0x0000022e55be4000 	C:\Users\Ariel\IdeaProjects\GraphVisualizer\lib\javafx-sdk-22.0.2\bin\api-ms-win-core-errorhandling-l1-1-0.dll
0x0000022e55bf0000 - 0x0000022e55bf5000 	C:\Users\Ariel\IdeaProjects\GraphVisualizer\lib\javafx-sdk-22.0.2\bin\api-ms-win-core-file-l1-1-0.dll
0x0000022e55c10000 - 0x0000022e55c14000 	C:\Users\Ariel\IdeaProjects\GraphVisualizer\lib\javafx-sdk-22.0.2\bin\api-ms-win-core-file-l1-2-0.dll
0x0000022e57bc0000 - 0x0000022e57bc4000 	C:\Users\Ariel\IdeaProjects\GraphVisualizer\lib\javafx-sdk-22.0.2\bin\api-ms-win-core-file-l2-1-0.dll
0x0000022e77d50000 - 0x0000022e77d54000 	C:\Users\Ariel\IdeaProjects\GraphVisualizer\lib\javafx-sdk-22.0.2\bin\api-ms-win-core-handle-l1-1-0.dll
0x0000022e77d60000 - 0x0000022e77d64000 	C:\Users\Ariel\IdeaProjects\GraphVisualizer\lib\javafx-sdk-22.0.2\bin\api-ms-win-core-heap-l1-1-0.dll
0x0000022e77d70000 - 0x0000022e77d74000 	C:\Users\Ariel\IdeaProjects\GraphVisualizer\lib\javafx-sdk-22.0.2\bin\api-ms-win-core-interlocked-l1-1-0.dll
0x0000022e77d80000 - 0x0000022e77d84000 	C:\Users\Ariel\IdeaProjects\GraphVisualizer\lib\javafx-sdk-22.0.2\bin\api-ms-win-core-libraryloader-l1-1-0.dll
0x0000022e77d90000 - 0x0000022e77d94000 	C:\Users\Ariel\IdeaProjects\GraphVisualizer\lib\javafx-sdk-22.0.2\bin\api-ms-win-core-localization-l1-2-0.dll
0x0000022e77da0000 - 0x0000022e77da4000 	C:\Users\Ariel\IdeaProjects\GraphVisualizer\lib\javafx-sdk-22.0.2\bin\api-ms-win-core-memory-l1-1-0.dll
0x0000022e77db0000 - 0x0000022e77db4000 	C:\Users\Ariel\IdeaProjects\GraphVisualizer\lib\javafx-sdk-22.0.2\bin\api-ms-win-core-namedpipe-l1-1-0.dll
0x0000022e77dc0000 - 0x0000022e77dc4000 	C:\Users\Ariel\IdeaProjects\GraphVisualizer\lib\javafx-sdk-22.0.2\bin\api-ms-win-core-processenvironment-l1-1-0.dll
0x0000022e77dd0000 - 0x0000022e77dd4000 	C:\Users\Ariel\IdeaProjects\GraphVisualizer\lib\javafx-sdk-22.0.2\bin\api-ms-win-core-processthreads-l1-1-0.dll
0x0000022e77de0000 - 0x0000022e77de4000 	C:\Users\Ariel\IdeaProjects\GraphVisualizer\lib\javafx-sdk-22.0.2\bin\api-ms-win-core-processthreads-l1-1-1.dll
0x0000022e77df0000 - 0x0000022e77df4000 	C:\Users\Ariel\IdeaProjects\GraphVisualizer\lib\javafx-sdk-22.0.2\bin\api-ms-win-core-profile-l1-1-0.dll
0x0000022e77fb0000 - 0x0000022e77fb4000 	C:\Users\Ariel\IdeaProjects\GraphVisualizer\lib\javafx-sdk-22.0.2\bin\api-ms-win-core-rtlsupport-l1-1-0.dll
0x0000022e77fc0000 - 0x0000022e77fc4000 	C:\Users\Ariel\IdeaProjects\GraphVisualizer\lib\javafx-sdk-22.0.2\bin\api-ms-win-core-string-l1-1-0.dll
0x0000022e77fd0000 - 0x0000022e77fd4000 	C:\Users\Ariel\IdeaProjects\GraphVisualizer\lib\javafx-sdk-22.0.2\bin\api-ms-win-core-synch-l1-1-0.dll
0x0000022e77fe0000 - 0x0000022e77fe4000 	C:\Users\Ariel\IdeaProjects\GraphVisualizer\lib\javafx-sdk-22.0.2\bin\api-ms-win-core-synch-l1-2-0.dll
0x0000022e77ff0000 - 0x0000022e77ff4000 	C:\Users\Ariel\IdeaProjects\GraphVisualizer\lib\javafx-sdk-22.0.2\bin\api-ms-win-core-sysinfo-l1-1-0.dll
0x0000022e7e970000 - 0x0000022e7e974000 	C:\Users\Ariel\IdeaProjects\GraphVisualizer\lib\javafx-sdk-22.0.2\bin\api-ms-win-core-timezone-l1-1-0.dll
0x0000022e7e980000 - 0x0000022e7e984000 	C:\Users\Ariel\IdeaProjects\GraphVisualizer\lib\javafx-sdk-22.0.2\bin\api-ms-win-core-util-l1-1-0.dll
0x0000022e7e990000 - 0x0000022e7e994000 	C:\Users\Ariel\IdeaProjects\GraphVisualizer\lib\javafx-sdk-22.0.2\bin\api-ms-win-crt-conio-l1-1-0.dll
0x0000022e7e9a0000 - 0x0000022e7e9a5000 	C:\Users\Ariel\IdeaProjects\GraphVisualizer\lib\javafx-sdk-22.0.2\bin\api-ms-win-crt-convert-l1-1-0.dll
0x0000022e7e9b0000 - 0x0000022e7e9b4000 	C:\Users\Ariel\IdeaProjects\GraphVisualizer\lib\javafx-sdk-22.0.2\bin\api-ms-win-crt-environment-l1-1-0.dll
0x0000022e7e9c0000 - 0x0000022e7e9c4000 	C:\Users\Ariel\IdeaProjects\GraphVisualizer\lib\javafx-sdk-22.0.2\bin\api-ms-win-crt-filesystem-l1-1-0.dll
0x0000022e7e9d0000 - 0x0000022e7e9d4000 	C:\Users\Ariel\IdeaProjects\GraphVisualizer\lib\javafx-sdk-22.0.2\bin\api-ms-win-crt-heap-l1-1-0.dll
0x0000022e7e9e0000 - 0x0000022e7e9e4000 	C:\Users\Ariel\IdeaProjects\GraphVisualizer\lib\javafx-sdk-22.0.2\bin\api-ms-win-crt-locale-l1-1-0.dll
0x0000022e7e9f0000 - 0x0000022e7e9f6000 	C:\Users\Ariel\IdeaProjects\GraphVisualizer\lib\javafx-sdk-22.0.2\bin\api-ms-win-crt-math-l1-1-0.dll
0x0000022e7ea00000 - 0x0000022e7ea06000 	C:\Users\Ariel\IdeaProjects\GraphVisualizer\lib\javafx-sdk-22.0.2\bin\api-ms-win-crt-multibyte-l1-1-0.dll
0x0000022e7ea10000 - 0x0000022e7ea21000 	C:\Users\Ariel\IdeaProjects\GraphVisualizer\lib\javafx-sdk-22.0.2\bin\api-ms-win-crt-private-l1-1-0.dll
0x0000022e7ea30000 - 0x0000022e7ea34000 	C:\Users\Ariel\IdeaProjects\GraphVisualizer\lib\javafx-sdk-22.0.2\bin\api-ms-win-crt-process-l1-1-0.dll
0x0000022e7ea40000 - 0x0000022e7ea45000 	C:\Users\Ariel\IdeaProjects\GraphVisualizer\lib\javafx-sdk-22.0.2\bin\api-ms-win-crt-runtime-l1-1-0.dll
0x0000022e77e00000 - 0x0000022e77e05000 	C:\Users\Ariel\IdeaProjects\GraphVisualizer\lib\javafx-sdk-22.0.2\bin\api-ms-win-crt-stdio-l1-1-0.dll
0x0000022e77e10000 - 0x0000022e77e15000 	C:\Users\Ariel\IdeaProjects\GraphVisualizer\lib\javafx-sdk-22.0.2\bin\api-ms-win-crt-string-l1-1-0.dll
0x0000022e77e20000 - 0x0000022e77e24000 	C:\Users\Ariel\IdeaProjects\GraphVisualizer\lib\javafx-sdk-22.0.2\bin\api-ms-win-crt-time-l1-1-0.dll
0x0000022e77e30000 - 0x0000022e77e34000 	C:\Users\Ariel\IdeaProjects\GraphVisualizer\lib\javafx-sdk-22.0.2\bin\api-ms-win-crt-utility-l1-1-0.dll
0x00007ffd30d30000 - 0x00007ffd30e41000 	C:\Users\Ariel\IdeaProjects\GraphVisualizer\lib\javafx-sdk-22.0.2\bin\ucrtbase.dll
0x00007ffd530c0000 - 0x00007ffd530db000 	C:\Users\Ariel\IdeaProjects\GraphVisualizer\lib\javafx-sdk-22.0.2\bin\vcruntime140.dll
0x00007ffd53180000 - 0x00007ffd5318c000 	C:\Users\Ariel\IdeaProjects\GraphVisualizer\lib\javafx-sdk-22.0.2\bin\vcruntime140_1.dll
0x00007ffd496a0000 - 0x00007ffd4972e000 	C:\Users\Ariel\IdeaProjects\GraphVisualizer\lib\javafx-sdk-22.0.2\bin\msvcp140.dll
0x00007ffd53030000 - 0x00007ffd53039000 	C:\Users\Ariel\IdeaProjects\GraphVisualizer\lib\javafx-sdk-22.0.2\bin\msvcp140_1.dll
0x00007ffd52920000 - 0x00007ffd52961000 	C:\Users\Ariel\IdeaProjects\GraphVisualizer\lib\javafx-sdk-22.0.2\bin\msvcp140_2.dll
0x00007ffd52f80000 - 0x00007ffd52fb0000 	C:\Users\Ariel\IdeaProjects\GraphVisualizer\lib\javafx-sdk-22.0.2\bin\prism_d3d.dll
0x00007ffd47930000 - 0x00007ffd47ae1000 	C:\WINDOWS\system32\d3d9.dll
0x00007ffd5ffe0000 - 0x00007ffd6000b000 	C:\WINDOWS\SYSTEM32\dwmapi.dll
0x00007ffd5fe30000 - 0x00007ffd5fe74000 	C:\WINDOWS\SYSTEM32\dxcore.dll
0x00007ffd5fd50000 - 0x00007ffd5fdf8000 	C:\WINDOWS\system32\uxtheme.dll
0x00007ffd5fe80000 - 0x00007ffd5ffba000 	C:\WINDOWS\SYSTEM32\dxgi.dll
0x00007ffd629a0000 - 0x00007ffd629f7000 	C:\WINDOWS\SYSTEM32\cfgmgr32.dll
0x00007ffd634e0000 - 0x00007ffd63657000 	C:\WINDOWS\System32\CRYPT32.dll
0x00007ffd651a0000 - 0x00007ffd65338000 	C:\WINDOWS\System32\ole32.dll
0x00007ffd62d00000 - 0x00007ffd62d26000 	C:\WINDOWS\SYSTEM32\bcrypt.dll
0x00007ffd64460000 - 0x00007ffd648e7000 	C:\WINDOWS\System32\SETUPAPI.dll
0x00007ffd62970000 - 0x00007ffd6299d000 	C:\WINDOWS\SYSTEM32\DEVOBJ.dll
0x00007ffd639c0000 - 0x00007ffd63a3e000 	C:\WINDOWS\System32\WINTRUST.dll
0x00007ffd62540000 - 0x00007ffd62553000 	C:\WINDOWS\SYSTEM32\MSASN1.dll
0x00007ffd5c660000 - 0x00007ffd5c6c0000 	C:\WINDOWS\SYSTEM32\directxdatabasehelper.dll
0x00007ffd54050000 - 0x00007ffd57d4c000 	C:\WINDOWS\System32\DriverStore\FileRepository\iigd_dch.inf_amd64_9741ef1f4093481f\igc64.dll
0x00007ffd62210000 - 0x00007ffd6223b000 	C:\WINDOWS\SYSTEM32\USERENV.dll
0x00007ffd589d0000 - 0x00007ffd58c09000 	C:\WINDOWS\SYSTEM32\twinapi.appcore.dll
0x00007ffd526a0000 - 0x00007ffd526e5000 	C:\Users\Ariel\IdeaProjects\GraphVisualizer\lib\javafx-sdk-22.0.2\bin\glass.dll
0x00007ffd64f10000 - 0x00007ffd65001000 	C:\WINDOWS\System32\COMDLG32.dll
0x00007ffd65380000 - 0x00007ffd654d8000 	C:\WINDOWS\System32\MSCTF.dll
0x00007ffd64020000 - 0x00007ffd640d1000 	C:\WINDOWS\System32\clbcatq.dll
0x00007ffd31340000 - 0x00007ffd31490000 	C:\Windows\System32\Windows.UI.dll
0x00007ffd2adc0000 - 0x00007ffd2af0d000 	C:\Windows\System32\Windows.UI.Immersive.dll
0x00007ffd52d60000 - 0x00007ffd52d75000 	C:\Users\Ariel\IdeaProjects\GraphVisualizer\lib\javafx-sdk-22.0.2\bin\javafx_font.dll
0x00007ffd5e590000 - 0x00007ffd5e7f7000 	C:\WINDOWS\SYSTEM32\dwrite.dll
0x00007ffd5e350000 - 0x00007ffd5e57f000 	C:\WINDOWS\SYSTEM32\WindowsCodecs.dll
0x00007ffd25630000 - 0x00007ffd2568a000 	C:\WINDOWS\system32\dataexchange.dll
0x00007ffd51b10000 - 0x00007ffd51b3c000 	C:\Program Files\Common Files\Microsoft Shared\Ink\rtscom.dll
0x00007ffd50cc0000 - 0x00007ffd50e09000 	C:\WINDOWS\SYSTEM32\textinputframework.dll
0x00007ffd5f720000 - 0x00007ffd5f845000 	C:\WINDOWS\SYSTEM32\CoreMessaging.dll

dbghelp: loaded successfully - version: 4.0.5 - missing functions: none
symbol engine: initialized successfully - sym options: 0x614 - pdb path: .;C:\Program Files\Java\jdk-21\bin;C:\WINDOWS\SYSTEM32;C:\WINDOWS\WinSxS\amd64_microsoft.windows.common-controls_6595b64144ccf1df_6.0.26100.5074_none_3e0d6f78e32fd63f;C:\Program Files\Java\jdk-21\bin\server;C:\Users\Ariel\IdeaProjects\GraphVisualizer\lib\javafx-sdk-22.0.2\bin;C:\WINDOWS\System32\DriverStore\FileRepository\iigd_dch.inf_amd64_9741ef1f4093481f;C:\Program Files\Common Files\Microsoft Shared\Ink;C:\WINDOWS\WinSxS\amd64_microsoft.windows.common-controls_6595b64144ccf1df_5.82.26100.5074_none_87eb64a37a300c6e;C:\WINDOWS\WinSxS\amd64_microsoft.windows.gdiplus_6595b64144ccf1df_1.1.26100.5074_none_6ef8625e3dc2500d

VM Arguments:
jvm_args: -agentlib:jdwp=transport=dt_socket,address=127.0.0.1:61781,suspend=y,server=n --module-path=C:\Users\Ariel\IdeaProjects\GraphVisualizer\lib\javafx-sdk-22.0.2\lib --add-modules=javafx.controls,javafx.fxml -javaagent:C:\Users\Ariel\AppData\Local\JetBrains\IntelliJIdea2024.1\captureAgent\debugger-agent.jar -Dfile.encoding=UTF-8 -Dsun.stdout.encoding=UTF-8 -Dsun.stderr.encoding=UTF-8 
java_command: GraphVisualizer.GraphVisualizer
java_class_path (initial): C:\Users\Ariel\IdeaProjects\GraphVisualizer\out\production\GraphVisualizer;C:\Users\Ariel\IdeaProjects\GraphVisualizer\lib\javafx-sdk-22.0.2\lib\javafx-swt.jar;C:\Users\Ariel\IdeaProjects\GraphVisualizer\lib\javafx-sdk-22.0.2\lib\javafx.web.jar;C:\Users\Ariel\IdeaProjects\GraphVisualizer\lib\javafx-sdk-22.0.2\lib\javafx.base.jar;C:\Users\Ariel\IdeaProjects\GraphVisualizer\lib\javafx-sdk-22.0.2\lib\javafx.fxml.jar;C:\Users\Ariel\IdeaProjects\GraphVisualizer\lib\javafx-sdk-22.0.2\lib\javafx.media.jar;C:\Users\Ariel\IdeaProjects\GraphVisualizer\lib\javafx-sdk-22.0.2\lib\javafx.swing.jar;C:\Users\Ariel\IdeaProjects\GraphVisualizer\lib\javafx-sdk-22.0.2\lib\javafx.controls.jar;C:\Users\Ariel\IdeaProjects\GraphVisualizer\lib\javafx-sdk-22.0.2\lib\javafx.graphics.jar;C:\Program Files\JetBrains\IntelliJ IDEA 2024.1.4\lib\idea_rt.jar
Launcher Type: SUN_STANDARD

[Global flags]
     intx CICompilerCount                          = 12                                        {product} {ergonomic}
     uint ConcGCThreads                            = 3                                         {product} {ergonomic}
     uint G1ConcRefinementThreads                  = 13                                        {product} {ergonomic}
   size_t G1HeapRegionSize                         = 2097152                                   {product} {ergonomic}
    uintx GCDrainStackTargetSize                   = 64                                        {product} {ergonomic}
   size_t InitialHeapSize                          = 264241152                                 {product} {ergonomic}
   size_t MarkStackSize                            = 4194304                                   {product} {ergonomic}
   size_t MaxHeapSize                              = 4198498304                                {product} {ergonomic}
   size_t MaxNewSize                               = 2518679552                                {product} {ergonomic}
   size_t MinHeapDeltaBytes                        = 2097152                                   {product} {ergonomic}
   size_t MinHeapSize                              = 8388608                                   {product} {ergonomic}
    uintx NonNMethodCodeHeapSize                   = 7602480                                {pd product} {ergonomic}
    uintx NonProfiledCodeHeapSize                  = 122027880                              {pd product} {ergonomic}
    uintx ProfiledCodeHeapSize                     = 122027880                              {pd product} {ergonomic}
    uintx ReservedCodeCacheSize                    = 251658240                              {pd product} {ergonomic}
     bool SegmentedCodeCache                       = true                                      {product} {ergonomic}
   size_t SoftMaxHeapSize                          = 4198498304                             {manageable} {ergonomic}
     bool UseCompressedOops                        = true                           {product lp64_product} {ergonomic}
     bool UseG1GC                                  = true                                      {product} {ergonomic}
     bool UseLargePagesIndividualAllocation        = false                                  {pd product} {ergonomic}

Logging:
Log output configuration:
 #0: stdout all=off uptime,level,tags foldmultilines=false
 #1: stderr all=off uptime,level,tags foldmultilines=false

Environment Variables:
JAVA_HOME=C:\Program Files\Java\jdk-21
PATH=C:\Program Files\Eclipse Adoptium\jdk-17.0.16.8-hotspot\bin;C:\Program Files\Microsoft\jdk-11.0.12.7-hotspot\bin;C:\Program Files\Common Files\Oracle\Java\javapath;C:\Program Files (x86)\Common Files\Oracle\Java\java8path;C:\Program Files (x86)\Common Files\Oracle\Java\javapath;C:\Windows\system32;C:\Windows;C:\Windows\System32\Wbem;C:\Windows\System32\WindowsPowerShell\v1.0\;C:\Windows\System32\OpenSSH\;C:\Program Files\dotnet\;C:\WINDOWS\system32;C:\WINDOWS;C:\WINDOWS\System32\Wbem;C:\WINDOWS\System32\WindowsPowerShell\v1.0\;C:\WINDOWS\System32\OpenSSH\;C:\Program Files\Microsoft SQL Server\150\Tools\Binn\;C:\Program Files\Microsoft SQL Server\Client SDK\ODBC\170\Tools\Binn\;C:\Program Files\nodejs\;'C:\Users\Ariel\AppData\Local\Packages\PythonSoftwareFoundation.Python.3.11_qbz5n2kfra8p0\LocalCache\local-packages\Python311\Scripts;C:\Program Files\Git\cmd;C:\Program Files\Docker\Docker\resources\bin;C:\WINDOWS\system32;C:\WINDOWS;C:\WINDOWS\System32\Wbem;C:\WINDOWS\System32\WindowsPowerShell\v1.0\;C:\WINDOWS\System32\OpenSSH\;C:\Users\Ariel\Downloads\gradle-9.1.0-all\gradle-9.1.0\bin;C:\Program Files\GitExtensions\;C:\Program Files\Java\jdk-21\bin;C:\Users\Ariel\AppData\Local\Microsoft\WindowsApps;C:\Users\Ariel\.dotnet\tools;C:\Users\Ariel\AppData\Local\Programs\Microsoft VS Code\bin;C:\Program Files\JetBrains\IntelliJ IDEA 2023.2.4\bin;C:\Program Files\Java\jdk-21\bin;;C:\Program Files\JetBrains\IntelliJ IDEA Community Edition 2023.2.4\bin;;C:\Users\Ariel\AppData\Local\GitHubDesktop\bin;C:\Users\Ariel\AppData\Local\Microsoft\WinGet\Packages\Schniz.fnm_Microsoft.Winget.Source_8wekyb3d8bbwe;C:\Users\Ariel\AppData\Roaming\npm;C:\Users\Ariel\AppData\Local\Google\Cloud SDK\google-cloud-sdk\bin;
USERNAME=Ariel
OS=Windows_NT
PROCESSOR_IDENTIFIER=Intel64 Family 6 Model 154 Stepping 3, GenuineIntel
TMP=C:\Users\Ariel\AppData\Local\Temp
TEMP=C:\Users\Ariel\AppData\Local\Temp




Periodic native trim disabled

---------------  S Y S T E M  ---------------

OS:
 Windows 11 , 64 bit Build 26100 (10.0.26100.5074)
OS uptime: 27 days 19:45 hours
Hyper-V role detected

CPU: total 16 (initial active 16) (8 cores per cpu, 2 threads per core) family 6 model 154 stepping 3 microcode 0x421, cx8, cmov, fxsr, ht, mmx, 3dnowpref, sse, sse2, sse3, ssse3, sse4.1, sse4.2, popcnt, lzcnt, tsc, tscinvbit, avx, avx2, aes, erms, clmul, bmi1, bmi2, adx, sha, fma, vzeroupper, clflush, clflushopt, clwb, hv, serialize, rdtscp, rdpid, fsrm, f16c, cet_ibt, cet_ss
Processor Information for processor 0
  Max Mhz: 1700, Current Mhz: 1700, Mhz Limit: 1700
Processor Information for processor 1
  Max Mhz: 1700, Current Mhz: 1457, Mhz Limit: 1700
Processor Information for processor 2
  Max Mhz: 1700, Current Mhz: 1457, Mhz Limit: 1700
Processor Information for processor 3
  Max Mhz: 1700, Current Mhz: 1457, Mhz Limit: 1700
Processor Information for processor 4
  Max Mhz: 1700, Current Mhz: 1700, Mhz Limit: 1700
Processor Information for processor 5
  Max Mhz: 1700, Current Mhz: 1700, Mhz Limit: 1700
Processor Information for processor 6
  Max Mhz: 1700, Current Mhz: 1700, Mhz Limit: 1700
Processor Information for processor 7
  Max Mhz: 1700, Current Mhz: 1457, Mhz Limit: 1700
Processor Information for processor 8
  Max Mhz: 1700, Current Mhz: 1200, Mhz Limit: 1190
Processor Information for processor 9
  Max Mhz: 1700, Current Mhz: 1200, Mhz Limit: 1190
Processor Information for processor 10
  Max Mhz: 1700, Current Mhz: 1200, Mhz Limit: 1190
Processor Information for processor 11
  Max Mhz: 1700, Current Mhz: 1200, Mhz Limit: 1190
Processor Information for processor 12
  Max Mhz: 1700, Current Mhz: 1200, Mhz Limit: 1190
Processor Information for processor 13
  Max Mhz: 1700, Current Mhz: 1200, Mhz Limit: 1190
Processor Information for processor 14
  Max Mhz: 1700, Current Mhz: 1200, Mhz Limit: 1190
Processor Information for processor 15
  Max Mhz: 1700, Current Mhz: 1200, Mhz Limit: 1190

Memory: 4k page, system-wide physical 16008M (2387M free)
TotalPageFile size 39237M (AvailPageFile size 11705M)
current process WorkingSet (physical memory assigned to process): 455M, peak: 502M
current process commit charge ("private bytes"): 511M, peak: 599M

vm_info: Java HotSpot(TM) 64-Bit Server VM (21.0.8+12-LTS-250) for windows-amd64 JRE (21.0.8+12-LTS-250), built on 2025-06-27T08:11:22Z by "mach5one" with MS VC++ 17.6 (VS2022)

END.
